 Process in group number            0
 A PDF is used, so alpha_s(MZ) is going to be modified
 Old value of alpha_s from param_card:   0.13000000000000003     
  ****************************************
 
       NNPDFDriver version 1.0.3
   Grid: NNPDF23_lo_as_0130_qed_mem0.grid
  ****************************************
 New value of alpha_s from PDF nn23lo1:  0.13000000000000000     
 Warning! ptj set to xqcut=   30.000000000000000       to improve integration efficiency
 Note that this might affect non-radiated jets,
 e.g. from decays. Use cut_decays=F in run_card.
 Warning! mmjj set to xqcut=   30.000000000000000       to improve integration efficiency
 Note that this might affect non-radiated jets,
 e.g. from decays. Use cut_decays=F in run_card.
 Define smin to   62500.000000000000     
 Define smin to   62500.000000000000     
 *****************************************************
 *               MadGraph/MadEvent                   *
 *        --------------------------------           *
 *          http://madgraph.hep.uiuc.edu             *
 *          http://madgraph.phys.ucl.ac.be           *
 *          http://madgraph.roma2.infn.it            *
 *        --------------------------------           *
 *                                                   *
 *          PARAMETER AND COUPLING VALUES            *
 *                                                   *
 *****************************************************

  External Params
  ---------------------------------
  
 aEWM1 =    132.50700000000001     
 mdl_Gf =    1.1663900000000000E-005
 aS =   0.13000000000000003     
 mdl_lamWS =   0.22530000000000000     
 mdl_AWS =   0.80800000000000005     
 mdl_rhoWS =   0.13200000000000001     
 mdl_etaWS =   0.34100000000000003     
 mdl_ymb =    4.7000000000000002     
 mdl_ymt =    173.00000000000000     
 mdl_ymtau =    1.7769999999999999     
 mdl_MZ =    91.188000000000002     
 mdl_MT =    173.00000000000000     
 mdl_MB =    4.7000000000000002     
 mdl_MH =    125.00000000000000     
 mdl_MTA =    1.7769999999999999     
 mdl_WZ =    2.4414039999999999     
 mdl_WW =    2.0476000000000001     
 mdl_WT =    1.4915000000000000     
 mdl_WH =    6.3823389999999999E-003
  Internal Params
  ---------------------------------
  
 mdl_conjg__CKM3x3 =    1.0000000000000000     
 mdl_CKM3x3 =    1.0000000000000000     
 mdl_lamWS__exp__2 =    5.0760090000000001E-002
 mdl_CKM1x1 =               (0.97461995499999998,0.0000000000000000)
 mdl_CKM1x2 =               (0.22530000000000000,0.0000000000000000)
 mdl_complexi =                (0.0000000000000000,1.0000000000000000)
 mdl_lamWS__exp__3 =    1.1436248277000001E-002
 mdl_CKM1x3 =   (1.21974449623171223E-003,-3.15100661526525631E-003)
 mdl_CKM2x1 =              (-0.22530000000000000,0.0000000000000000)
 mdl_CKM2x2 =               (0.97461995499999998,0.0000000000000000)
 mdl_CKM2x3 =          (4.10141527200000022E-002,0.0000000000000000)
 mdl_CKM3x1 =   (8.02074411158428847E-003,-3.15100661526525631E-003)
 mdl_CKM3x2 =         (-4.10141527200000022E-002,0.0000000000000000)
 mdl_MZ__exp__2 =    8315.2513440000002     
 mdl_MZ__exp__4 =    69143404.913893804     
 mdl_sqrt__2 =    1.4142135623730951     
 mdl_MH__exp__2 =    15625.000000000000     
 mdl_conjg__CKM1x3 =    (1.21974449623171223E-003,3.15100661526525631E-003)
 mdl_conjg__CKM2x3 =         (4.10141527200000022E-002,-0.0000000000000000)
 mdl_conjg__CKM2x1 =             (-0.22530000000000000,-0.0000000000000000)
 mdl_conjg__CKM3x1 =    (8.02074411158428847E-003,3.15100661526525631E-003)
 mdl_conjg__CKM2x2 =              (0.97461995499999998,-0.0000000000000000)
 mdl_conjg__CKM3x2 =        (-4.10141527200000022E-002,-0.0000000000000000)
 mdl_conjg__CKM1x1 =              (0.97461995499999998,-0.0000000000000000)
 mdl_conjg__CKM1x2 =              (0.22530000000000000,-0.0000000000000000)
 mdl_aEW =    7.5467711139788835E-003
 mdl_MW =    80.419002445756163     
 mdl_sqrt__aEW =    8.6872153846781555E-002
 mdl_ee =   0.30795376724436879     
 mdl_MW__exp__2 =    6467.2159543705357     
 mdl_sw2 =   0.22224648578577766     
 mdl_cw =   0.88190334743339216     
 mdl_sqrt__sw2 =   0.47143025548407230     
 mdl_sw =   0.47143025548407230     
 mdl_g1 =   0.34919219678733299     
 mdl_gw =   0.65323293034757990     
 mdl_vev =    246.21845810181637     
 mdl_vev__exp__2 =    60623.529110035903     
 mdl_lam =   0.12886910601690263     
 mdl_yb =    2.6995554250465490E-002
 mdl_yt =   0.99366614581500623     
 mdl_ytau =    1.0206617000654717E-002
 mdl_muH =    88.388347648318430     
 mdl_I1x31 =    (3.29276787197298852E-005,8.50631700259688717E-005)
 mdl_I1x32 =          (1.10719978478963682E-003,0.0000000000000000)
 mdl_I1x33 =          (2.69955542504654901E-002,0.0000000000000000)
 mdl_I2x13 =    (7.96994188792636560E-003,3.13104859882821530E-003)
 mdl_I2x23 =        (-4.07543750571504534E-002,-0.0000000000000000)
 mdl_I2x33 =               (0.99366614581500623,0.0000000000000000)
 mdl_I3x31 =   (7.96994188792636560E-003,-3.13104859882821530E-003)
 mdl_I3x32 =         (-4.07543750571504534E-002,0.0000000000000000)
 mdl_I3x33 =               (0.99366614581500623,0.0000000000000000)
 mdl_I4x13 =   (3.29276787197298852E-005,-8.50631700259688717E-005)
 mdl_I4x23 =          (1.10719978478963682E-003,0.0000000000000000)
 mdl_I4x33 =          (2.69955542504654901E-002,0.0000000000000000)
 mdl_ee__exp__2 =    9.4835522759998875E-002
 mdl_sw__exp__2 =   0.22224648578577769     
 mdl_cw__exp__2 =   0.77775351421422245     
  Internal Params evaluated point by point
  ----------------------------------------
  
 mdl_sqrt__aS =   0.36055512754639896     
 mdl_G__exp__2 =    1.6336281798666927     
  Couplings of sm-ckm
  ---------------------------------
  
        GC_10 =  -0.12781E+01   0.00000E+00
        GC_11 =   0.00000E+00   0.12781E+01
        GC_12 =   0.00000E+00   0.16336E+01

 Collider parameters:
 --------------------

 Running at P P   machine @    14000.000000000000       GeV
 PDF set = nn23lo1
 alpha_s(Mz)= 0.1300 running at 2 loops.
 alpha_s(Mz)= 0.1300 running at 2 loops.
 Renormalization scale set on event-by-event basis
 Factorization   scale set on event-by-event basis


 getting user params
Enter number of events and max and min iterations: 
 Number of events and iterations         1000           5           3
Enter desired fractional accuracy: 
 Desired fractional accuracy:   0.10000000000000001     
Enter 0 for fixed, 2 for adjustable grid: 
Suppress amplitude (0 no, 1 yes)? 
 Using suppressed amplitude.
Exact helicity sum (0 yes, n = number/event)? 
 Explicitly summing over helicities
Enter Configuration Number: 
Running Configuration Number:   17
 Not subdividing B.W.
 Attempting mappinvarients           1           6
 Determine nb_t
 T-channel found:            3
 Completed mapping           6
 about to integrate           10        1000           7           3          10           1
 Using non-zero grid deformation.
 10 dimensions   1000 events 10 invarients  7 iterations  1 config(s),  (0.99)
 Using h-tuple random number sequence.
 Error opening grid
 Using Uniform Grid!          24
 Using uniform alpha   1.0000000000000000     
 Grid defined OK
 Masses: 0.000E+00 0.000E+00 0.000E+00 0.000E+00 0.470E+01 0.470E+01
 Set CM energy to      14000.00
 Mapping Graph          17  to config          17
 Determine nb_t
 T-channel found:            3
Setting grid   1    0.45918E-05   1
Setting grid   2    0.11270E-06   1
Setting grid   3    0.11270E-06   1
 Transforming s_hat 1/s            9   3.1887755102040819E-004   62500.000000000000        195999999.99999997     
 Got moffset           1
Using random seed offsets    17 :     12
  with seed                  354
 Ranmar initialization seeds       12211       12910
 
 ********************************************
 * You are using the DiscreteSampler module *
 *      part of the MG5_aMC framework       *
 *         Author: Valentin Hirschi         *
 ********************************************
 
  Particle       3       4       5       6
      Et >    30.0    30.0     0.0     0.0
       E >     0.0     0.0     0.0     0.0
     Eta <     5.0     5.0    -1.0    -1.0
   xqcut:     30.0    30.0     0.0     0.0
d R # 3  >    -0.0     0.0     0.0     0.0
d R # 4  >    -0.0    -0.0     0.0     0.0
d R # 5  >    -0.0    -0.0    -0.0     0.0
s min # 3>     0.0   900.0    22.1     0.0
s min # 4>     0.0     0.0    22.1     0.0
s min # 5>     0.0     0.0     0.0     0.0
xqcutij # 3>     0.0    30.0    30.0    30.0
xqcutij # 4>    30.0     0.0     0.0     0.0
xqcutij # 5>    30.0     0.0     0.0     0.0
 alpha_s for scale    169.54255349892205       is   0.11783257148689459     
 RESET CUMULATIVE VARIABLE
 Iteration  1   Mean: 0.5937E+03 Abs mean: 0.5937E+03   Fluctuation:  0.218E+03   0.197E+06     6.2%
  1    0.5937E+03 0.5937E+03 +- 0.2185E+03     11.64
 Writing out events   1.3678161922987511        11.637257764714567     
 Relative summed weights:
  0.1395E+00  0.2935E+00  0.1488E-01  0.2315E-01
  0.6083E-01  0.4499E+00  0.1040E-01  0.7856E-02
 Relative number of events:
  0.2180E+00  0.2012E+00  0.6739E-01  0.3469E-01
  0.1843E+00  0.1804E+00  0.6938E-01  0.4460E-01
 Events:
         220         203          68          35
         186         182          70          45
 Iteration  2   Mean: 0.3037E+03 Abs mean: 0.3037E+03   Fluctuation:  0.541E+02   0.567E+05     7.2%
  2    0.3037E+03 0.3037E+03 +- 0.5413E+02      7.97
 Relative summed weights:
  0.3274E+00  0.1268E+00  0.2079E-01  0.9512E-02
  0.2032E+00  0.2289E+00  0.2713E-01  0.5623E-01
 Relative number of events:
  0.2005E+00  0.2175E+00  0.4600E-01  0.4000E-01
  0.1975E+00  0.2055E+00  0.5500E-01  0.3800E-01
 Events:
         401         435          92          80
         395         411         110          76
 Iteration  3   Mean: 0.3719E+03 Abs mean: 0.3719E+03   Fluctuation:  0.488E+02   0.127E+06     9.9%
  3    0.3719E+03 0.3719E+03 +- 0.4879E+02      8.30
 Relative summed weights:
  0.1712E+00  0.2621E+00  0.5033E-01  0.3264E-01
  0.1407E+00  0.2726E+00  0.4225E-01  0.2826E-01
 Relative number of events:
  0.1960E+00  0.2218E+00  0.5325E-01  0.4050E-01
  0.1890E+00  0.2060E+00  0.5300E-01  0.4050E-01
 Events:
         784         887         213         162
         756         824         212         162
 Accuracy:    0.139   0.100   0.102   1.886
 Found          911  events.
 Wrote           10  events.
 Actual xsec    366.63066845049065     
 Correct abs xsec    366.63066845049065     
 Event xsec    366.63066845049076     
 Events wgts > 1:            1
 % Cross section > 1:    1.9286007741925459E-006   5.2603367370860880E-007
 Iteration  4   Mean: 0.5855E+03 Abs mean: 0.5855E+03   Fluctuation:  0.764E+02   0.307E+06     7.9%
  4    0.5855E+03 0.5855E+03 +- 0.7636E+02     11.66
 Relative summed weights:
  0.1875E+00  0.2496E+00  0.6371E-01  0.3229E-01
  0.1831E+00  0.1715E+00  0.3727E-01  0.7499E-01
 Relative number of events:
  0.2011E+00  0.2209E+00  0.4700E-01  0.3963E-01
  0.1961E+00  0.2105E+00  0.4600E-01  0.3875E-01
 Events:
        1609        1767         376         317
        1569        1684         368         310
 Accuracy:    0.155   0.100   0.080   3.733
 Found         2155  events.
 Wrote           18  events.
 Actual xsec    442.07671068341250     
 Correct abs xsec    442.07671068341250     
 Event xsec    442.07671068341239     
 Events wgts > 1:            0
 % Cross section > 1:    0.0000000000000000        0.0000000000000000     
 Iteration  5   Mean: 0.5592E+03 Abs mean: 0.5592E+03   Fluctuation:  0.580E+02   0.731E+06     8.2%
  5    0.5592E+03 0.5592E+03 +- 0.5798E+02     13.11
 Relative summed weights:
  0.2036E+00  0.2337E+00  0.4880E-01  0.2798E-01
  0.2240E+00  0.1933E+00  0.3869E-01  0.2993E-01
 Relative number of events:
  0.1985E+00  0.2203E+00  0.4794E-01  0.3556E-01
  0.1916E+00  0.2226E+00  0.4507E-01  0.3838E-01
 Events:
        3176        3524         767         569
        3066        3562         721         614
 Accuracy:    0.111   0.100   0.063   3.082
 Found         4061  events.
 Wrote           11  events.
 Actual xsec    514.73047559701081     
 Correct abs xsec    514.73047560173495     
 Event xsec    514.73047560173495     
 Events wgts > 1:            1
 % Cross section > 1:    1.7770236127034877E-007   3.4523380622180871E-008
 Iteration  6   Mean: 0.5594E+03 Abs mean: 0.5594E+03   Fluctuation:  0.300E+02   0.684E+06     7.2%
  6    0.5594E+03 0.5594E+03 +- 0.2999E+02      9.59
 Relative summed weights:
  0.2242E+00  0.2239E+00  0.4099E-01  0.3948E-01
  0.2025E+00  0.2156E+00  0.3288E-01  0.2040E-01
 Relative number of events:
  0.2009E+00  0.2231E+00  0.4597E-01  0.3800E-01
  0.1969E+00  0.2125E+00  0.4410E-01  0.3856E-01
 Events:
        6429        7138        1471        1216
        6300        6800        1411        1234
 Accuracy:    0.066   0.100   0.041   2.597
 Finished due to accuracy    6.5970063823010489E-002  0.10000000000000001     

 -------------------------------------------------------------------------------
 Accumulated results:   Integral =  0.5306E+03
                        Std dev  =  0.2172E+02
                       Cross sec =  0.5306E+03
             Chi**2 per DoF.     =      2.5967
 -------------------------------------------------------------------------------
 Found        10180  events.
 Wrote           33  events.
 Actual xsec    562.44610050049437     
 Correct abs xsec    562.44610071381567     
 Event xsec    562.44610071381612     
 Events wgts > 1:            0
 % Cross section > 1:    0.0000000000000000        0.0000000000000000     
-------------------------------------------------
---------------------------
 Results Last   3 iters: Integral =   0.5624E+03
                     Abs integral =   0.5624E+03
                          Std dev =   0.2516E+02
                  Chi**2 per DoF. =      0.0523
-------------------------------------------------
---------------------------
 Status  0.10000000000000001                7           7

ls status:
events.lhe
ftn26
input_app.txt
input_sg.txt
moffset.dat
results.dat
run_03_log.txt
run_06_log.txt
run_08_log.txt
run_09_log.txt
run_10_log.txt
run_11_log.txt
run_12_log.txt
run_16_log.txt
run_17_log.txt
run_19_log.txt
run1_app.log
run_21_log.txt
run_22_log.txt
run_24_log.txt
run_27_log.txt
run_29_log.txt
run_30_log.txt
run_31_log.txt
run_34_log.txt
run_37_log.txt
run_40_log.txt
run_41_log.txt
run_43_log.txt
run_44_log.txt
run_45_log.txt
run_46_log.txt
run_48_log.txt
run_49_log.txt
run_50_log.txt
run_51_log.txt
run_53_log.txt
run_55_log.txt
