 Process in group number            0
 A PDF is used, so alpha_s(MZ) is going to be modified
 Old value of alpha_s from param_card:   0.13000000000000003     
  ****************************************
 
       NNPDFDriver version 1.0.3
   Grid: NNPDF23_lo_as_0130_qed_mem0.grid
  ****************************************
 New value of alpha_s from PDF nn23lo1:  0.13000000000000000     
 Warning! ptj set to xqcut=   30.000000000000000       to improve integration efficiency
 Note that this might affect non-radiated jets,
 e.g. from decays. Use cut_decays=F in run_card.
 Warning! mmjj set to xqcut=   30.000000000000000       to improve integration efficiency
 Note that this might affect non-radiated jets,
 e.g. from decays. Use cut_decays=F in run_card.
 Define smin to   62500.000000000000     
 Define smin to   62500.000000000000     
 Define smin to   62500.000000000000     
 Define smin to   62500.000000000000     
 Define smin to   62500.000000000000     
 Define smin to   62500.000000000000     
 Define smin to   62500.000000000000     
 *****************************************************
 *               MadGraph/MadEvent                   *
 *        --------------------------------           *
 *          http://madgraph.hep.uiuc.edu             *
 *          http://madgraph.phys.ucl.ac.be           *
 *          http://madgraph.roma2.infn.it            *
 *        --------------------------------           *
 *                                                   *
 *          PARAMETER AND COUPLING VALUES            *
 *                                                   *
 *****************************************************

  External Params
  ---------------------------------
  
 aEWM1 =    132.50700000000001     
 mdl_Gf =    1.1663900000000000E-005
 aS =   0.13000000000000003     
 mdl_lamWS =   0.22530000000000000     
 mdl_AWS =   0.80800000000000005     
 mdl_rhoWS =   0.13200000000000001     
 mdl_etaWS =   0.34100000000000003     
 mdl_ymb =    4.7000000000000002     
 mdl_ymt =    173.00000000000000     
 mdl_ymtau =    1.7769999999999999     
 mdl_MZ =    91.188000000000002     
 mdl_MT =    173.00000000000000     
 mdl_MB =    4.7000000000000002     
 mdl_MH =    125.00000000000000     
 mdl_MTA =    1.7769999999999999     
 mdl_WZ =    2.4414039999999999     
 mdl_WW =    2.0476000000000001     
 mdl_WT =    1.4915000000000000     
 mdl_WH =    6.3823389999999999E-003
  Internal Params
  ---------------------------------
  
 mdl_conjg__CKM3x3 =    1.0000000000000000     
 mdl_CKM3x3 =    1.0000000000000000     
 mdl_lamWS__exp__2 =    5.0760090000000001E-002
 mdl_CKM1x1 =               (0.97461995499999998,0.0000000000000000)
 mdl_CKM1x2 =               (0.22530000000000000,0.0000000000000000)
 mdl_complexi =                (0.0000000000000000,1.0000000000000000)
 mdl_lamWS__exp__3 =    1.1436248277000001E-002
 mdl_CKM1x3 =   (1.21974449623171223E-003,-3.15100661526525631E-003)
 mdl_CKM2x1 =              (-0.22530000000000000,0.0000000000000000)
 mdl_CKM2x2 =               (0.97461995499999998,0.0000000000000000)
 mdl_CKM2x3 =          (4.10141527200000022E-002,0.0000000000000000)
 mdl_CKM3x1 =   (8.02074411158428847E-003,-3.15100661526525631E-003)
 mdl_CKM3x2 =         (-4.10141527200000022E-002,0.0000000000000000)
 mdl_MZ__exp__2 =    8315.2513440000002     
 mdl_MZ__exp__4 =    69143404.913893804     
 mdl_sqrt__2 =    1.4142135623730951     
 mdl_MH__exp__2 =    15625.000000000000     
 mdl_conjg__CKM1x3 =    (1.21974449623171223E-003,3.15100661526525631E-003)
 mdl_conjg__CKM2x3 =         (4.10141527200000022E-002,-0.0000000000000000)
 mdl_conjg__CKM2x1 =             (-0.22530000000000000,-0.0000000000000000)
 mdl_conjg__CKM3x1 =    (8.02074411158428847E-003,3.15100661526525631E-003)
 mdl_conjg__CKM2x2 =              (0.97461995499999998,-0.0000000000000000)
 mdl_conjg__CKM3x2 =        (-4.10141527200000022E-002,-0.0000000000000000)
 mdl_conjg__CKM1x1 =              (0.97461995499999998,-0.0000000000000000)
 mdl_conjg__CKM1x2 =              (0.22530000000000000,-0.0000000000000000)
 mdl_aEW =    7.5467711139788835E-003
 mdl_MW =    80.419002445756163     
 mdl_sqrt__aEW =    8.6872153846781555E-002
 mdl_ee =   0.30795376724436879     
 mdl_MW__exp__2 =    6467.2159543705357     
 mdl_sw2 =   0.22224648578577766     
 mdl_cw =   0.88190334743339216     
 mdl_sqrt__sw2 =   0.47143025548407230     
 mdl_sw =   0.47143025548407230     
 mdl_g1 =   0.34919219678733299     
 mdl_gw =   0.65323293034757990     
 mdl_vev =    246.21845810181637     
 mdl_vev__exp__2 =    60623.529110035903     
 mdl_lam =   0.12886910601690263     
 mdl_yb =    2.6995554250465490E-002
 mdl_yt =   0.99366614581500623     
 mdl_ytau =    1.0206617000654717E-002
 mdl_muH =    88.388347648318430     
 mdl_I1x31 =    (3.29276787197298852E-005,8.50631700259688717E-005)
 mdl_I1x32 =          (1.10719978478963682E-003,0.0000000000000000)
 mdl_I1x33 =          (2.69955542504654901E-002,0.0000000000000000)
 mdl_I2x13 =    (7.96994188792636560E-003,3.13104859882821530E-003)
 mdl_I2x23 =        (-4.07543750571504534E-002,-0.0000000000000000)
 mdl_I2x33 =               (0.99366614581500623,0.0000000000000000)
 mdl_I3x31 =   (7.96994188792636560E-003,-3.13104859882821530E-003)
 mdl_I3x32 =         (-4.07543750571504534E-002,0.0000000000000000)
 mdl_I3x33 =               (0.99366614581500623,0.0000000000000000)
 mdl_I4x13 =   (3.29276787197298852E-005,-8.50631700259688717E-005)
 mdl_I4x23 =          (1.10719978478963682E-003,0.0000000000000000)
 mdl_I4x33 =          (2.69955542504654901E-002,0.0000000000000000)
 mdl_ee__exp__2 =    9.4835522759998875E-002
 mdl_sw__exp__2 =   0.22224648578577769     
 mdl_cw__exp__2 =   0.77775351421422245     
  Internal Params evaluated point by point
  ----------------------------------------
  
 mdl_sqrt__aS =   0.36055512754639896     
 mdl_G__exp__2 =    1.6336281798666927     
  Couplings of sm-ckm
  ---------------------------------
  
        GC_10 =  -0.12781E+01   0.00000E+00
        GC_11 =   0.00000E+00   0.12781E+01
        GC_12 =   0.00000E+00   0.16336E+01

 Collider parameters:
 --------------------

 Running at P P   machine @    14000.000000000000       GeV
 PDF set = nn23lo1
 alpha_s(Mz)= 0.1300 running at 2 loops.
 alpha_s(Mz)= 0.1300 running at 2 loops.
 Renormalization scale set on event-by-event basis
 Factorization   scale set on event-by-event basis


 getting user params
Enter number of events and max and min iterations: 
 Number of events and iterations         1000           5           3
Enter desired fractional accuracy: 
 Desired fractional accuracy:   0.10000000000000001     
Enter 0 for fixed, 2 for adjustable grid: 
Suppress amplitude (0 no, 1 yes)? 
 Using suppressed amplitude.
Exact helicity sum (0 yes, n = number/event)? 
 Explicitly summing over helicities
Enter Configuration Number: 
Running Configuration Number:   31
 Not subdividing B.W.
 Attempting mappinvarients           1           6
 Determine nb_t
 T-channel found:            2
 Completed mapping           6
 about to integrate           10        1000           7           3          10           1
 Using non-zero grid deformation.
 10 dimensions   1000 events 10 invarients  7 iterations  1 config(s),  (0.99)
 Using h-tuple random number sequence.
 Error opening grid
 Using Uniform Grid!          24
 Using uniform alpha   1.0000000000000000     
 Grid defined OK
 Masses: 0.000E+00 0.000E+00 0.000E+00 0.000E+00 0.000E+00 0.000E+00
 Set CM energy to      14000.00
 Mapping Graph          31  to config          31
 Determine nb_t
 T-channel found:            2
Setting grid   1    0.45918E-05   1
Setting grid   2    0.45918E-05   1
Setting grid   3    0.45918E-05   1
 Transforming s_hat 1/s            9   3.1887755102040819E-004   62500.000000000000        195999999.99999997     
 Got moffset           1
Using random seed offsets    31 :      9
  with seed                  354
 Ranmar initialization seeds       12225       12907
 
 ********************************************
 * You are using the DiscreteSampler module *
 *      part of the MG5_aMC framework       *
 *         Author: Valentin Hirschi         *
 ********************************************
 
  Particle       3       4       5       6
      Et >    30.0    30.0    30.0    30.0
       E >     0.0     0.0     0.0     0.0
     Eta <     5.0     5.0     5.0     5.0
   xqcut:     30.0    30.0    30.0    30.0
d R # 3  >    -0.0     0.0     0.0     0.0
d R # 4  >    -0.0    -0.0     0.0     0.0
d R # 5  >    -0.0    -0.0    -0.0     0.0
s min # 3>     0.0   900.0   900.0   900.0
s min # 4>     0.0     0.0   900.0   900.0
s min # 5>     0.0     0.0     0.0   900.0
xqcutij # 3>     0.0    30.0    30.0    30.0
xqcutij # 4>    30.0     0.0    30.0    30.0
xqcutij # 5>    30.0    30.0     0.0    30.0
 alpha_s for scale    88.140014340350220       is   0.13074194373597786     
 RESET CUMULATIVE VARIABLE
 Iteration  1   Mean: 0.1601E+04 Abs mean: 0.1601E+04   Fluctuation:  0.230E+03   0.117E+06    10.5%
  1    0.1601E+04 0.1601E+04 +- 0.2300E+03      4.54
 Writing out events   2.1699310515190806        4.5429319721125667     
 Relative summed weights:
  0.1700E+00  0.0000E+00  0.0000E+00  0.0000E+00  0.4462E-04  0.0000E+00  0.0000E+00  0.0000E+00  0.0000E+00  0.0000E+00  0.0000E+00  0.0000E+00  0.0000E+00  0.0000E+00
  0.1223E+00  0.0000E+00  0.2916E-01  0.1024E+00  0.1056E-01  0.0000E+00  0.1632E+00  0.9275E-01  0.0000E+00  0.0000E+00  0.1860E+00  0.8690E-01  0.2598E-02  0.3404E-01
 Relative number of events:
  0.1338E+00  0.0000E+00  0.0000E+00  0.0000E+00  0.7929E-02  0.0000E+00  0.0000E+00  0.0000E+00  0.0000E+00  0.0000E+00  0.0000E+00  0.0000E+00  0.0000E+00  0.0000E+00
  0.1219E+00  0.0000E+00  0.5748E-01  0.5748E-01  0.9911E-02  0.0000E+00  0.1645E+00  0.1566E+00  0.0000E+00  0.0000E+00  0.1298E+00  0.1259E+00  0.1487E-01  0.1982E-01
 Events:
         135           0           0           0           8           0           0           0           0           0           0           0           0           0
         123           0          58          58          10           0         166         158           0           0         131         127          15          20
 Iteration  2   Mean: 0.3227E+04 Abs mean: 0.3227E+04   Fluctuation:  0.522E+03   0.708E+06    20.0%
  2    0.3227E+04 0.3227E+04 +- 0.5219E+03      7.23
 Relative summed weights:
  0.1327E+00  0.0000E+00  0.0000E+00  0.0000E+00  0.6329E-03  0.0000E+00  0.0000E+00  0.0000E+00  0.0000E+00  0.0000E+00  0.0000E+00  0.0000E+00  0.0000E+00  0.0000E+00
  0.1474E+00  0.0000E+00  0.4265E-01  0.1618E+00  0.6265E-01  0.0000E+00  0.9939E-01  0.1662E+00  0.0000E+00  0.0000E+00  0.8049E-01  0.9251E-01  0.4376E-02  0.9168E-02
 Relative number of events:
  0.1101E+00  0.0000E+00  0.0000E+00  0.0000E+00  0.5003E-02  0.0000E+00  0.0000E+00  0.0000E+00  0.0000E+00  0.0000E+00  0.0000E+00  0.0000E+00  0.0000E+00  0.0000E+00
  0.1036E+00  0.0000E+00  0.5703E-01  0.7004E-01  0.9505E-02  0.0000E+00  0.1486E+00  0.1806E+00  0.0000E+00  0.0000E+00  0.1376E+00  0.1351E+00  0.2101E-01  0.2201E-01
 Events:
         220           0           0           0          10           0           0           0           0           0           0           0           0           0
         207           0         114         140          19           0         297         361           0           0         275         270          42          44
 Iteration  3   Mean: 0.3277E+04 Abs mean: 0.3277E+04   Fluctuation:  0.264E+03   0.642E+06    24.1%
  3    0.3277E+04 0.3277E+04 +- 0.2642E+03      5.10
 Relative summed weights:
  0.1199E+00  0.0000E+00  0.0000E+00  0.0000E+00  0.6697E-02  0.0000E+00  0.0000E+00  0.0000E+00  0.0000E+00  0.0000E+00  0.0000E+00  0.0000E+00  0.0000E+00  0.0000E+00
  0.1192E+00  0.0000E+00  0.5982E-01  0.4955E-01  0.5282E-02  0.0000E+00  0.2052E+00  0.1937E+00  0.0000E+00  0.0000E+00  0.1108E+00  0.1088E+00  0.1044E-01  0.1054E-01
 Relative number of events:
  0.1207E+00  0.0000E+00  0.0000E+00  0.0000E+00  0.7000E-02  0.0000E+00  0.0000E+00  0.0000E+00  0.0000E+00  0.0000E+00  0.0000E+00  0.0000E+00  0.0000E+00  0.0000E+00
  0.1168E+00  0.0000E+00  0.5625E-01  0.5275E-01  0.9250E-02  0.0000E+00  0.1713E+00  0.1680E+00  0.0000E+00  0.0000E+00  0.1250E+00  0.1330E+00  0.1975E-01  0.2025E-01
 Events:
         483           0           0           0          28           0           0           0           0           0           0           0           0           0
         467           0         225         211          37           0         685         672           0           0         500         532          79          81
 Accuracy:    0.161   0.100   0.064   6.253
 Found          819  events.
 Wrote           20  events.
 Actual xsec    2931.1419043596879     
 Correct abs xsec    2931.1419045625439     
 Event xsec    2931.1419045625430     
 Events wgts > 1:            1
 % Cross section > 1:    7.7671421934155660E-006   2.6498690429574302E-007
 Iteration  4   Mean: 0.3142E+04 Abs mean: 0.3142E+04   Fluctuation:  0.116E+03   0.231E+06    24.7%
  4    0.3142E+04 0.3142E+04 +- 0.1159E+03      3.30
 Relative summed weights:
  0.1081E+00  0.0000E+00  0.0000E+00  0.0000E+00  0.3041E-02  0.0000E+00  0.0000E+00  0.0000E+00  0.0000E+00  0.0000E+00  0.0000E+00  0.0000E+00  0.0000E+00  0.0000E+00
  0.1474E+00  0.0000E+00  0.5154E-01  0.6610E-01  0.4396E-02  0.0000E+00  0.1566E+00  0.1592E+00  0.0000E+00  0.0000E+00  0.1292E+00  0.1423E+00  0.1940E-01  0.1267E-01
 Relative number of events:
  0.1176E+00  0.0000E+00  0.0000E+00  0.0000E+00  0.5000E-02  0.0000E+00  0.0000E+00  0.0000E+00  0.0000E+00  0.0000E+00  0.0000E+00  0.0000E+00  0.0000E+00  0.0000E+00
  0.1166E+00  0.0000E+00  0.5738E-01  0.5625E-01  0.5750E-02  0.0000E+00  0.1721E+00  0.1725E+00  0.0000E+00  0.0000E+00  0.1309E+00  0.1271E+00  0.1963E-01  0.1912E-01
 Events:
         941           0           0           0          40           0           0           0           0           0           0           0           0           0
         933           0         459         450          46           0        1377        1380           0           0        1047        1017         157         153
 Accuracy:    0.064   0.100   0.032   4.032
 Finished due to accuracy    6.4306753117280652E-002  0.10000000000000001     

 -------------------------------------------------------------------------------
 Accumulated results:   Integral =  0.3090E+04
                        Std dev  =  0.9895E+02
                       Cross sec =  0.3090E+04
             Chi**2 per DoF.     =      4.0321
 -------------------------------------------------------------------------------
 Found         1782  events.
 Wrote          141  events.
 Actual xsec    3167.5103777004751     
 Correct abs xsec    3167.5103777531190     
 Event xsec    3167.5103777531276     
 Events wgts > 1:            6
 % Cross section > 1:    24.681614931143326       0.77921180951745517     
-------------------------------------------------
---------------------------
 Results Last   3 iters: Integral =   0.3168E+04
                     Abs integral =   0.3168E+04
                          Std dev =   0.1041E+03
                  Chi**2 per DoF. =      0.1170
-------------------------------------------------
---------------------------
 Status  0.10000000000000001                5           7

ls status:
events.lhe
ftn26
input_app.txt
input_sg.txt
moffset.dat
results.dat
run1_app.log
run_22_log.txt
