 Process in group number            0
 A PDF is used, so alpha_s(MZ) is going to be modified
 Old value of alpha_s from param_card:   0.13000000000000003     
  ****************************************
 
       NNPDFDriver version 1.0.3
   Grid: NNPDF23_lo_as_0130_qed_mem0.grid
  ****************************************
 New value of alpha_s from PDF nn23lo1:  0.13000000000000000     
 Warning! ptj set to xqcut=   30.000000000000000       to improve integration efficiency
 Note that this might affect non-radiated jets,
 e.g. from decays. Use cut_decays=F in run_card.
 Warning! mmjj set to xqcut=   30.000000000000000       to improve integration efficiency
 Note that this might affect non-radiated jets,
 e.g. from decays. Use cut_decays=F in run_card.
 Define smin to   62500.000000000000     
 Define smin to   62500.000000000000     
 Define smin to   62500.000000000000     
 Define smin to   62500.000000000000     
 Define smin to   62500.000000000000     
 Define smin to   62500.000000000000     
 Define smin to   62500.000000000000     
 *****************************************************
 *               MadGraph/MadEvent                   *
 *        --------------------------------           *
 *          http://madgraph.hep.uiuc.edu             *
 *          http://madgraph.phys.ucl.ac.be           *
 *          http://madgraph.roma2.infn.it            *
 *        --------------------------------           *
 *                                                   *
 *          PARAMETER AND COUPLING VALUES            *
 *                                                   *
 *****************************************************

  External Params
  ---------------------------------
  
 aEWM1 =    132.50700000000001     
 mdl_Gf =    1.1663900000000000E-005
 aS =   0.13000000000000003     
 mdl_lamWS =   0.22530000000000000     
 mdl_AWS =   0.80800000000000005     
 mdl_rhoWS =   0.13200000000000001     
 mdl_etaWS =   0.34100000000000003     
 mdl_ymb =    4.7000000000000002     
 mdl_ymt =    173.00000000000000     
 mdl_ymtau =    1.7769999999999999     
 mdl_MZ =    91.188000000000002     
 mdl_MT =    173.00000000000000     
 mdl_MB =    4.7000000000000002     
 mdl_MH =    125.00000000000000     
 mdl_MTA =    1.7769999999999999     
 mdl_WZ =    2.4414039999999999     
 mdl_WW =    2.0476000000000001     
 mdl_WT =    1.4915000000000000     
 mdl_WH =    6.3823389999999999E-003
  Internal Params
  ---------------------------------
  
 mdl_conjg__CKM3x3 =    1.0000000000000000     
 mdl_CKM3x3 =    1.0000000000000000     
 mdl_lamWS__exp__2 =    5.0760090000000001E-002
 mdl_CKM1x1 =               (0.97461995499999998,0.0000000000000000)
 mdl_CKM1x2 =               (0.22530000000000000,0.0000000000000000)
 mdl_complexi =                (0.0000000000000000,1.0000000000000000)
 mdl_lamWS__exp__3 =    1.1436248277000001E-002
 mdl_CKM1x3 =   (1.21974449623171223E-003,-3.15100661526525631E-003)
 mdl_CKM2x1 =              (-0.22530000000000000,0.0000000000000000)
 mdl_CKM2x2 =               (0.97461995499999998,0.0000000000000000)
 mdl_CKM2x3 =          (4.10141527200000022E-002,0.0000000000000000)
 mdl_CKM3x1 =   (8.02074411158428847E-003,-3.15100661526525631E-003)
 mdl_CKM3x2 =         (-4.10141527200000022E-002,0.0000000000000000)
 mdl_MZ__exp__2 =    8315.2513440000002     
 mdl_MZ__exp__4 =    69143404.913893804     
 mdl_sqrt__2 =    1.4142135623730951     
 mdl_MH__exp__2 =    15625.000000000000     
 mdl_conjg__CKM1x3 =    (1.21974449623171223E-003,3.15100661526525631E-003)
 mdl_conjg__CKM2x3 =         (4.10141527200000022E-002,-0.0000000000000000)
 mdl_conjg__CKM2x1 =             (-0.22530000000000000,-0.0000000000000000)
 mdl_conjg__CKM3x1 =    (8.02074411158428847E-003,3.15100661526525631E-003)
 mdl_conjg__CKM2x2 =              (0.97461995499999998,-0.0000000000000000)
 mdl_conjg__CKM3x2 =        (-4.10141527200000022E-002,-0.0000000000000000)
 mdl_conjg__CKM1x1 =              (0.97461995499999998,-0.0000000000000000)
 mdl_conjg__CKM1x2 =              (0.22530000000000000,-0.0000000000000000)
 mdl_aEW =    7.5467711139788835E-003
 mdl_MW =    80.419002445756163     
 mdl_sqrt__aEW =    8.6872153846781555E-002
 mdl_ee =   0.30795376724436879     
 mdl_MW__exp__2 =    6467.2159543705357     
 mdl_sw2 =   0.22224648578577766     
 mdl_cw =   0.88190334743339216     
 mdl_sqrt__sw2 =   0.47143025548407230     
 mdl_sw =   0.47143025548407230     
 mdl_g1 =   0.34919219678733299     
 mdl_gw =   0.65323293034757990     
 mdl_vev =    246.21845810181637     
 mdl_vev__exp__2 =    60623.529110035903     
 mdl_lam =   0.12886910601690263     
 mdl_yb =    2.6995554250465490E-002
 mdl_yt =   0.99366614581500623     
 mdl_ytau =    1.0206617000654717E-002
 mdl_muH =    88.388347648318430     
 mdl_I1x31 =    (3.29276787197298852E-005,8.50631700259688717E-005)
 mdl_I1x32 =          (1.10719978478963682E-003,0.0000000000000000)
 mdl_I1x33 =          (2.69955542504654901E-002,0.0000000000000000)
 mdl_I2x13 =    (7.96994188792636560E-003,3.13104859882821530E-003)
 mdl_I2x23 =        (-4.07543750571504534E-002,-0.0000000000000000)
 mdl_I2x33 =               (0.99366614581500623,0.0000000000000000)
 mdl_I3x31 =   (7.96994188792636560E-003,-3.13104859882821530E-003)
 mdl_I3x32 =         (-4.07543750571504534E-002,0.0000000000000000)
 mdl_I3x33 =               (0.99366614581500623,0.0000000000000000)
 mdl_I4x13 =   (3.29276787197298852E-005,-8.50631700259688717E-005)
 mdl_I4x23 =          (1.10719978478963682E-003,0.0000000000000000)
 mdl_I4x33 =          (2.69955542504654901E-002,0.0000000000000000)
 mdl_ee__exp__2 =    9.4835522759998875E-002
 mdl_sw__exp__2 =   0.22224648578577769     
 mdl_cw__exp__2 =   0.77775351421422245     
  Internal Params evaluated point by point
  ----------------------------------------
  
 mdl_sqrt__aS =   0.36055512754639896     
 mdl_G__exp__2 =    1.6336281798666927     
  Couplings of sm-ckm
  ---------------------------------
  
        GC_10 =  -0.12781E+01   0.00000E+00
        GC_11 =   0.00000E+00   0.12781E+01
        GC_12 =   0.00000E+00   0.16336E+01

 Collider parameters:
 --------------------

 Running at P P   machine @    14000.000000000000       GeV
 PDF set = nn23lo1
 alpha_s(Mz)= 0.1300 running at 2 loops.
 alpha_s(Mz)= 0.1300 running at 2 loops.
 Renormalization scale set on event-by-event basis
 Factorization   scale set on event-by-event basis


 getting user params
Enter number of events and max and min iterations: 
 Number of events and iterations         1000           5           3
Enter desired fractional accuracy: 
 Desired fractional accuracy:   0.10000000000000001     
Enter 0 for fixed, 2 for adjustable grid: 
Suppress amplitude (0 no, 1 yes)? 
 Using suppressed amplitude.
Exact helicity sum (0 yes, n = number/event)? 
 Explicitly summing over helicities
Enter Configuration Number: 
Running Configuration Number:   15
 Not subdividing B.W.
 Attempting mappinvarients           1           6
 Determine nb_t
 T-channel found:            2
 Completed mapping           6
 about to integrate           10        1000           7           3          10           1
 Using non-zero grid deformation.
 10 dimensions   1000 events 10 invarients  7 iterations  1 config(s),  (0.99)
 Using h-tuple random number sequence.
 Error opening grid
 Using Uniform Grid!          24
 Using uniform alpha   1.0000000000000000     
 Grid defined OK
 Masses: 0.000E+00 0.000E+00 0.000E+00 0.000E+00 0.000E+00 0.000E+00
 Set CM energy to      14000.00
 Mapping Graph          15  to config          15
 Determine nb_t
 T-channel found:            2
Setting grid   1    0.45918E-05   1
Setting grid   2    0.45918E-05   1
Setting grid   3    0.45918E-05   1
 Transforming s_hat 1/s            9   3.1887755102040819E-004   62500.000000000000        195999999.99999997     
 Got moffset           1
Using random seed offsets    15 :      9
  with seed                  354
 Ranmar initialization seeds       12209       12907
 
 ********************************************
 * You are using the DiscreteSampler module *
 *      part of the MG5_aMC framework       *
 *         Author: Valentin Hirschi         *
 ********************************************
 
  Particle       3       4       5       6
      Et >    30.0    30.0    30.0    30.0
       E >     0.0     0.0     0.0     0.0
     Eta <     5.0     5.0     5.0     5.0
   xqcut:     30.0    30.0    30.0    30.0
d R # 3  >    -0.0     0.0     0.0     0.0
d R # 4  >    -0.0    -0.0     0.0     0.0
d R # 5  >    -0.0    -0.0    -0.0     0.0
s min # 3>     0.0   900.0   900.0   900.0
s min # 4>     0.0     0.0   900.0   900.0
s min # 5>     0.0     0.0     0.0   900.0
xqcutij # 3>     0.0    30.0    30.0    30.0
xqcutij # 4>    30.0     0.0    30.0    30.0
xqcutij # 5>    30.0    30.0     0.0    30.0
 alpha_s for scale    444.62582058470207       is   0.10293368787161263     
 RESET CUMULATIVE VARIABLE
 Iteration  1   Mean: 0.1743E+04 Abs mean: 0.1743E+04   Fluctuation:  0.298E+03   0.253E+06    11.5%
  1    0.1743E+04 0.1743E+04 +- 0.2985E+03      5.42
 Writing out events   2.1679399476420689        5.4154179766401151     
 Relative summed weights:
  0.1303E+00  0.0000E+00  0.4047E-01  0.3549E-01  0.1179E-01  0.0000E+00  0.1650E+00  0.2306E+00  0.0000E+00  0.0000E+00  0.1380E+00  0.1016E+00  0.9186E-02  0.1503E-02
  0.1131E+00  0.0000E+00  0.0000E+00  0.0000E+00  0.2294E-01  0.0000E+00  0.0000E+00  0.0000E+00  0.0000E+00  0.0000E+00  0.0000E+00  0.0000E+00  0.0000E+00  0.0000E+00
 Relative number of events:
  0.1318E+00  0.0000E+00  0.5055E-01  0.4658E-01  0.1189E-01  0.0000E+00  0.1546E+00  0.1288E+00  0.0000E+00  0.0000E+00  0.1437E+00  0.1497E+00  0.2874E-01  0.1784E-01
  0.1229E+00  0.0000E+00  0.0000E+00  0.0000E+00  0.1288E-01  0.0000E+00  0.0000E+00  0.0000E+00  0.0000E+00  0.0000E+00  0.0000E+00  0.0000E+00  0.0000E+00  0.0000E+00
 Events:
         133           0          51          47          12           0         156         130           0           0         145         151          29          18
         124           0           0           0          13           0           0           0           0           0           0           0           0           0
 Iteration  2   Mean: 0.3064E+04 Abs mean: 0.3064E+04   Fluctuation:  0.353E+03   0.398E+06    19.0%
  2    0.3064E+04 0.3064E+04 +- 0.3534E+03      5.16
 Relative summed weights:
  0.1338E+00  0.0000E+00  0.2138E-01  0.6021E-01  0.6490E-02  0.0000E+00  0.1611E+00  0.1951E+00  0.0000E+00  0.0000E+00  0.1745E+00  0.9020E-01  0.2162E-01  0.1019E-01
  0.1237E+00  0.0000E+00  0.0000E+00  0.0000E+00  0.1630E-02  0.0000E+00  0.0000E+00  0.0000E+00  0.0000E+00  0.0000E+00  0.0000E+00  0.0000E+00  0.0000E+00  0.0000E+00
 Relative number of events:
  0.1100E+00  0.0000E+00  0.5000E-01  0.5150E-01  0.8000E-02  0.0000E+00  0.1440E+00  0.1620E+00  0.0000E+00  0.0000E+00  0.1405E+00  0.1670E+00  0.1600E-01  0.1850E-01
  0.1255E+00  0.0000E+00  0.0000E+00  0.0000E+00  0.7000E-02  0.0000E+00  0.0000E+00  0.0000E+00  0.0000E+00  0.0000E+00  0.0000E+00  0.0000E+00  0.0000E+00  0.0000E+00
 Events:
         220           0         100         103          16           0         288         324           0           0         281         334          32          37
         251           0           0           0          14           0           0           0           0           0           0           0           0           0
 Iteration  3   Mean: 0.3284E+04 Abs mean: 0.3284E+04   Fluctuation:  0.471E+03   0.160E+07    23.0%
  3    0.3284E+04 0.3284E+04 +- 0.4711E+03      9.07
 Relative summed weights:
  0.1666E+00  0.0000E+00  0.3643E-01  0.2527E-01  0.5757E-02  0.0000E+00  0.2940E+00  0.1490E+00  0.0000E+00  0.0000E+00  0.1183E+00  0.1054E+00  0.9252E-02  0.1389E-01
  0.7043E-01  0.0000E+00  0.0000E+00  0.0000E+00  0.5709E-02  0.0000E+00  0.0000E+00  0.0000E+00  0.0000E+00  0.0000E+00  0.0000E+00  0.0000E+00  0.0000E+00  0.0000E+00
 Relative number of events:
  0.1158E+00  0.0000E+00  0.5275E-01  0.5125E-01  0.8000E-02  0.0000E+00  0.1550E+00  0.1502E+00  0.0000E+00  0.0000E+00  0.1470E+00  0.1650E+00  0.1675E-01  0.1700E-01
  0.1115E+00  0.0000E+00  0.0000E+00  0.0000E+00  0.9750E-02  0.0000E+00  0.0000E+00  0.0000E+00  0.0000E+00  0.0000E+00  0.0000E+00  0.0000E+00  0.0000E+00  0.0000E+00
 Events:
         463           0         211         205          32           0         620         601           0           0         588         660          67          68
         446           0           0           0          39           0           0           0           0           0           0           0           0           0
 Accuracy:    0.146   0.100   0.080   3.357
 Found          868  events.
 Wrote            6  events.
 Actual xsec    2846.6533217524525     
 Correct abs xsec    2846.6533217524525     
 Event xsec    2846.6533217524520     
 Events wgts > 1:            0
 % Cross section > 1:    0.0000000000000000        0.0000000000000000     
 Iteration  4   Mean: 0.2963E+04 Abs mean: 0.2963E+04   Fluctuation:  0.105E+03   0.240E+06    24.1%
  4    0.2963E+04 0.2963E+04 +- 0.1052E+03      3.17
 Relative summed weights:
  0.9689E-01  0.0000E+00  0.7520E-01  0.6219E-01  0.2607E-02  0.0000E+00  0.1459E+00  0.1620E+00  0.0000E+00  0.0000E+00  0.1529E+00  0.1518E+00  0.1111E-01  0.1331E-01
  0.1236E+00  0.0000E+00  0.0000E+00  0.0000E+00  0.2430E-02  0.0000E+00  0.0000E+00  0.0000E+00  0.0000E+00  0.0000E+00  0.0000E+00  0.0000E+00  0.0000E+00  0.0000E+00
 Relative number of events:
  0.1156E+00  0.0000E+00  0.5675E-01  0.5400E-01  0.5625E-02  0.0000E+00  0.1534E+00  0.1521E+00  0.0000E+00  0.0000E+00  0.1516E+00  0.1557E+00  0.1713E-01  0.1950E-01
  0.1138E+00  0.0000E+00  0.0000E+00  0.0000E+00  0.4750E-02  0.0000E+00  0.0000E+00  0.0000E+00  0.0000E+00  0.0000E+00  0.0000E+00  0.0000E+00  0.0000E+00  0.0000E+00
 Events:
         925           0         454         432          45           0        1227        1217           0           0        1213        1246         137         156
         910           0           0           0          38           0           0           0           0           0           0           0           0           0
 Accuracy:    0.048   0.100   0.032   2.162
 Finished due to accuracy    4.7662645553327748E-002  0.10000000000000001     

 -------------------------------------------------------------------------------
 Accumulated results:   Integral =  0.2944E+04
                        Std dev  =  0.9542E+02
                       Cross sec =  0.2944E+04
             Chi**2 per DoF.     =      2.1617
 -------------------------------------------------------------------------------
 Found         1814  events.
 Wrote          158  events.
 Actual xsec    2988.1645720684405     
 Correct abs xsec    2988.1645720684405     
 Event xsec    2988.1645720684464     
 Events wgts > 1:            4
 % Cross section > 1:    27.378902951570652       0.91624481487706744     
-------------------------------------------------
---------------------------
 Results Last   3 iters: Integral =   0.2988E+04
                     Abs integral =   0.2988E+04
                          Std dev =   0.9865E+02
                  Chi**2 per DoF. =      0.2499
-------------------------------------------------
---------------------------
 Status  0.10000000000000001                5           7

ls status:
events.lhe
ftn26
input_app.txt
input_sg.txt
moffset.dat
results.dat
run1_app.log
run_33_log.txt
run_48_log.txt
run_55_log.txt
