 Process in group number            0
 A PDF is used, so alpha_s(MZ) is going to be modified
 Old value of alpha_s from param_card:   0.13000000000000003     
  ****************************************
 
       NNPDFDriver version 1.0.3
   Grid: NNPDF23_lo_as_0130_qed_mem0.grid
  ****************************************
 New value of alpha_s from PDF nn23lo1:  0.13000000000000000     
 Warning! ptj set to xqcut=   30.000000000000000       to improve integration efficiency
 Note that this might affect non-radiated jets,
 e.g. from decays. Use cut_decays=F in run_card.
 Warning! mmjj set to xqcut=   30.000000000000000       to improve integration efficiency
 Note that this might affect non-radiated jets,
 e.g. from decays. Use cut_decays=F in run_card.
 Define smin to   62500.000000000000     
 Define smin to   62500.000000000000     
 Define smin to   62500.000000000000     
 Define smin to   62500.000000000000     
 *****************************************************
 *               MadGraph/MadEvent                   *
 *        --------------------------------           *
 *          http://madgraph.hep.uiuc.edu             *
 *          http://madgraph.phys.ucl.ac.be           *
 *          http://madgraph.roma2.infn.it            *
 *        --------------------------------           *
 *                                                   *
 *          PARAMETER AND COUPLING VALUES            *
 *                                                   *
 *****************************************************

  External Params
  ---------------------------------
  
 aEWM1 =    132.50700000000001     
 mdl_Gf =    1.1663900000000000E-005
 aS =   0.13000000000000003     
 mdl_lamWS =   0.22530000000000000     
 mdl_AWS =   0.80800000000000005     
 mdl_rhoWS =   0.13200000000000001     
 mdl_etaWS =   0.34100000000000003     
 mdl_ymb =    4.7000000000000002     
 mdl_ymt =    173.00000000000000     
 mdl_ymtau =    1.7769999999999999     
 mdl_MZ =    91.188000000000002     
 mdl_MT =    173.00000000000000     
 mdl_MB =    4.7000000000000002     
 mdl_MH =    125.00000000000000     
 mdl_MTA =    1.7769999999999999     
 mdl_WZ =    2.4414039999999999     
 mdl_WW =    2.0476000000000001     
 mdl_WT =    1.4915000000000000     
 mdl_WH =    6.3823389999999999E-003
  Internal Params
  ---------------------------------
  
 mdl_conjg__CKM3x3 =    1.0000000000000000     
 mdl_CKM3x3 =    1.0000000000000000     
 mdl_lamWS__exp__2 =    5.0760090000000001E-002
 mdl_CKM1x1 =               (0.97461995499999998,0.0000000000000000)
 mdl_CKM1x2 =               (0.22530000000000000,0.0000000000000000)
 mdl_complexi =                (0.0000000000000000,1.0000000000000000)
 mdl_lamWS__exp__3 =    1.1436248277000001E-002
 mdl_CKM1x3 =   (1.21974449623171223E-003,-3.15100661526525631E-003)
 mdl_CKM2x1 =              (-0.22530000000000000,0.0000000000000000)
 mdl_CKM2x2 =               (0.97461995499999998,0.0000000000000000)
 mdl_CKM2x3 =          (4.10141527200000022E-002,0.0000000000000000)
 mdl_CKM3x1 =   (8.02074411158428847E-003,-3.15100661526525631E-003)
 mdl_CKM3x2 =         (-4.10141527200000022E-002,0.0000000000000000)
 mdl_MZ__exp__2 =    8315.2513440000002     
 mdl_MZ__exp__4 =    69143404.913893804     
 mdl_sqrt__2 =    1.4142135623730951     
 mdl_MH__exp__2 =    15625.000000000000     
 mdl_conjg__CKM1x3 =    (1.21974449623171223E-003,3.15100661526525631E-003)
 mdl_conjg__CKM2x3 =         (4.10141527200000022E-002,-0.0000000000000000)
 mdl_conjg__CKM2x1 =             (-0.22530000000000000,-0.0000000000000000)
 mdl_conjg__CKM3x1 =    (8.02074411158428847E-003,3.15100661526525631E-003)
 mdl_conjg__CKM2x2 =              (0.97461995499999998,-0.0000000000000000)
 mdl_conjg__CKM3x2 =        (-4.10141527200000022E-002,-0.0000000000000000)
 mdl_conjg__CKM1x1 =              (0.97461995499999998,-0.0000000000000000)
 mdl_conjg__CKM1x2 =              (0.22530000000000000,-0.0000000000000000)
 mdl_aEW =    7.5467711139788835E-003
 mdl_MW =    80.419002445756163     
 mdl_sqrt__aEW =    8.6872153846781555E-002
 mdl_ee =   0.30795376724436879     
 mdl_MW__exp__2 =    6467.2159543705357     
 mdl_sw2 =   0.22224648578577766     
 mdl_cw =   0.88190334743339216     
 mdl_sqrt__sw2 =   0.47143025548407230     
 mdl_sw =   0.47143025548407230     
 mdl_g1 =   0.34919219678733299     
 mdl_gw =   0.65323293034757990     
 mdl_vev =    246.21845810181637     
 mdl_vev__exp__2 =    60623.529110035903     
 mdl_lam =   0.12886910601690263     
 mdl_yb =    2.6995554250465490E-002
 mdl_yt =   0.99366614581500623     
 mdl_ytau =    1.0206617000654717E-002
 mdl_muH =    88.388347648318430     
 mdl_I1x31 =    (3.29276787197298852E-005,8.50631700259688717E-005)
 mdl_I1x32 =          (1.10719978478963682E-003,0.0000000000000000)
 mdl_I1x33 =          (2.69955542504654901E-002,0.0000000000000000)
 mdl_I2x13 =    (7.96994188792636560E-003,3.13104859882821530E-003)
 mdl_I2x23 =        (-4.07543750571504534E-002,-0.0000000000000000)
 mdl_I2x33 =               (0.99366614581500623,0.0000000000000000)
 mdl_I3x31 =   (7.96994188792636560E-003,-3.13104859882821530E-003)
 mdl_I3x32 =         (-4.07543750571504534E-002,0.0000000000000000)
 mdl_I3x33 =               (0.99366614581500623,0.0000000000000000)
 mdl_I4x13 =   (3.29276787197298852E-005,-8.50631700259688717E-005)
 mdl_I4x23 =          (1.10719978478963682E-003,0.0000000000000000)
 mdl_I4x33 =          (2.69955542504654901E-002,0.0000000000000000)
 mdl_ee__exp__2 =    9.4835522759998875E-002
 mdl_sw__exp__2 =   0.22224648578577769     
 mdl_cw__exp__2 =   0.77775351421422245     
  Internal Params evaluated point by point
  ----------------------------------------
  
 mdl_sqrt__aS =   0.36055512754639896     
 mdl_G__exp__2 =    1.6336281798666927     
  Couplings of sm-ckm
  ---------------------------------
  
        GC_10 =  -0.12781E+01   0.00000E+00
        GC_11 =   0.00000E+00   0.12781E+01
        GC_12 =   0.00000E+00   0.16336E+01

 Collider parameters:
 --------------------

 Running at P P   machine @    14000.000000000000       GeV
 PDF set = nn23lo1
 alpha_s(Mz)= 0.1300 running at 2 loops.
 alpha_s(Mz)= 0.1300 running at 2 loops.
 Renormalization scale set on event-by-event basis
 Factorization   scale set on event-by-event basis


 getting user params
Enter number of events and max and min iterations: 
 Number of events and iterations         1000           5           3
Enter desired fractional accuracy: 
 Desired fractional accuracy:   0.10000000000000001     
Enter 0 for fixed, 2 for adjustable grid: 
Suppress amplitude (0 no, 1 yes)? 
 Using suppressed amplitude.
Exact helicity sum (0 yes, n = number/event)? 
 Explicitly summing over helicities
Enter Configuration Number: 
Running Configuration Number:   31
 Not subdividing B.W.
 Attempting mappinvarients           1           6
 Determine nb_t
 T-channel found:            0
 Completed mapping           6
 about to integrate           10        1000           5           3          10           1
 Using non-zero grid deformation.
 10 dimensions   1000 events 10 invarients  5 iterations  1 config(s),  (0.99)
 Using h-tuple random number sequence.
 Error opening grid
 Using Uniform Grid!          24
 Using uniform alpha   1.0000000000000000     
 Grid defined OK
 Masses: 0.000E+00 0.000E+00 0.000E+00 0.000E+00 0.000E+00 0.000E+00
 Set CM energy to      14000.00
 Mapping Graph          31  to config          31
 Determine nb_t
 T-channel found:            0
Setting grid   1    0.45918E-05   1
Setting grid   2    0.45918E-05   1
Setting grid   3    0.45918E-05   1
 Transforming s_hat 1/s            9   3.1887755102040819E-004   62500.000000000000        195999999.99999997     
Using random seed offsets    31 :      8
  with seed                  354
 Ranmar initialization seeds       12225        9749
 
 ********************************************
 * You are using the DiscreteSampler module *
 *      part of the MG5_aMC framework       *
 *         Author: Valentin Hirschi         *
 ********************************************
 
  Particle       3       4       5       6
      Et >    30.0    30.0    30.0    30.0
       E >     0.0     0.0     0.0     0.0
     Eta <     5.0     5.0     5.0     5.0
   xqcut:     30.0    30.0    30.0    30.0
d R # 3  >    -0.0     0.0     0.0     0.0
d R # 4  >    -0.0    -0.0     0.0     0.0
d R # 5  >    -0.0    -0.0    -0.0     0.0
s min # 3>     0.0   900.0   900.0   900.0
s min # 4>     0.0     0.0   900.0   900.0
s min # 5>     0.0     0.0     0.0   900.0
xqcutij # 3>     0.0    30.0    30.0    30.0
xqcutij # 4>    30.0     0.0    30.0    30.0
xqcutij # 5>    30.0    30.0     0.0    30.0
 alpha_s for scale    168.36169357158903       is   0.11795671649591283     
 RESET CUMULATIVE VARIABLE
 Iteration  1   Mean: 0.2258E+02 Abs mean: 0.2258E+02   Fluctuation:  0.349E+01   0.112E+04    16.0%
  1    0.2258E+02 0.2258E+02 +- 0.3490E+01      4.89
 Writing out events   2.8234910769339379E-002   4.8877308625024245     
 Relative summed weights:
  0.2707E-01  0.3264E-01  0.1750E-04  0.3289E-02  0.0000E+00  0.0000E+00  0.3522E-01  0.6121E-01
  0.3076E-01  0.4178E-01  0.0000E+00  0.0000E+00  0.2050E+00  0.5356E-01  0.0000E+00  0.0000E+00
  0.9538E-02  0.7936E-02  0.0000E+00  0.0000E+00  0.2109E+00  0.1328E+00  0.0000E+00  0.0000E+00
  0.8208E-03  0.9077E-02  0.1048E-04  0.5294E-03  0.0000E+00  0.0000E+00  0.7236E-01  0.4704E-01
  0.0000E+00  0.0000E+00  0.9955E-03  0.1592E-04  0.0000E+00  0.0000E+00  0.0000E+00  0.0000E+00
  0.0000E+00  0.0000E+00  0.2405E-02  0.1512E-01  0.0000E+00  0.0000E+00  0.0000E+00  0.0000E+00
 Relative number of events:
  0.2676E-01  0.2180E-01  0.5946E-02  0.1288E-01  0.0000E+00  0.0000E+00  0.5154E-01  0.4559E-01
  0.2279E-01  0.2379E-01  0.0000E+00  0.0000E+00  0.1388E+00  0.1150E+00  0.0000E+00  0.0000E+00
  0.3568E-01  0.2577E-01  0.0000E+00  0.0000E+00  0.1516E+00  0.1378E+00  0.0000E+00  0.0000E+00
  0.1982E-01  0.2874E-01  0.5946E-02  0.1090E-01  0.0000E+00  0.0000E+00  0.4262E-01  0.4658E-01
  0.0000E+00  0.0000E+00  0.7929E-02  0.4955E-02  0.0000E+00  0.0000E+00  0.0000E+00  0.0000E+00
  0.0000E+00  0.0000E+00  0.5946E-02  0.1090E-01  0.0000E+00  0.0000E+00  0.0000E+00  0.0000E+00
 Events:
          27          22           6          13           0           0          52          46
          23          24           0           0         140         116           0           0
          36          26           0           0         153         139           0           0
          20          29           6          11           0           0          43          47
           0           0           8           5           0           0           0           0
           0           0           6          11           0           0           0           0
 Iteration  2   Mean: 0.3197E+02 Abs mean: 0.3197E+02   Fluctuation:  0.228E+01   0.158E+04    19.1%
  2    0.3197E+02 0.3197E+02 +- 0.2279E+01      3.19
 Relative summed weights:
  0.4875E-02  0.1292E-01  0.5152E-02  0.2166E-02  0.0000E+00  0.0000E+00  0.2737E-01  0.3814E-01
  0.1501E-01  0.2312E-01  0.0000E+00  0.0000E+00  0.1650E+00  0.1256E+00  0.0000E+00  0.0000E+00
  0.3121E-01  0.1551E-01  0.0000E+00  0.0000E+00  0.1513E+00  0.2052E+00  0.0000E+00  0.0000E+00
  0.1430E-01  0.1912E-01  0.2386E-01  0.6640E-02  0.0000E+00  0.0000E+00  0.5938E-01  0.4011E-01
  0.0000E+00  0.0000E+00  0.7357E-02  0.1850E-02  0.0000E+00  0.0000E+00  0.0000E+00  0.0000E+00
  0.0000E+00  0.0000E+00  0.1181E-02  0.3602E-02  0.0000E+00  0.0000E+00  0.0000E+00  0.0000E+00
 Relative number of events:
  0.1950E-01  0.2200E-01  0.7000E-02  0.7500E-02  0.0000E+00  0.0000E+00  0.4500E-01  0.5200E-01
  0.2700E-01  0.2150E-01  0.0000E+00  0.0000E+00  0.1170E+00  0.1220E+00  0.0000E+00  0.0000E+00
  0.2600E-01  0.2700E-01  0.0000E+00  0.0000E+00  0.1550E+00  0.1530E+00  0.0000E+00  0.0000E+00
  0.2650E-01  0.2450E-01  0.1000E-01  0.9500E-02  0.0000E+00  0.0000E+00  0.5000E-01  0.4550E-01
  0.0000E+00  0.0000E+00  0.6500E-02  0.9500E-02  0.0000E+00  0.0000E+00  0.0000E+00  0.0000E+00
  0.0000E+00  0.0000E+00  0.8000E-02  0.8500E-02  0.0000E+00  0.0000E+00  0.0000E+00  0.0000E+00
 Events:
          39          44          14          15           0           0          90         104
          54          43           0           0         234         244           0           0
          52          54           0           0         310         306           0           0
          53          49          20          19           0           0         100          91
           0           0          13          19           0           0           0           0
           0           0          16          17           0           0           0           0
 Iteration  3   Mean: 0.4073E+02 Abs mean: 0.4073E+02   Fluctuation:  0.248E+01   0.650E+04    17.7%
  3    0.4073E+02 0.4073E+02 +- 0.2483E+01      3.85
 Relative summed weights:
  0.1295E-01  0.1914E-01  0.8859E-02  0.7317E-02  0.0000E+00  0.0000E+00  0.3049E-01  0.2616E-01
  0.1120E-01  0.1439E-01  0.0000E+00  0.0000E+00  0.1216E+00  0.1982E+00  0.0000E+00  0.0000E+00
  0.1850E-01  0.2305E-01  0.0000E+00  0.0000E+00  0.1339E+00  0.1990E+00  0.0000E+00  0.0000E+00
  0.2932E-01  0.2166E-01  0.1305E-01  0.4266E-02  0.0000E+00  0.0000E+00  0.3278E-01  0.3544E-01
  0.0000E+00  0.0000E+00  0.3520E-02  0.2883E-02  0.0000E+00  0.0000E+00  0.0000E+00  0.0000E+00
  0.0000E+00  0.0000E+00  0.7133E-02  0.2512E-01  0.0000E+00  0.0000E+00  0.0000E+00  0.0000E+00
 Relative number of events:
  0.2200E-01  0.2100E-01  0.9750E-02  0.1125E-01  0.0000E+00  0.0000E+00  0.4975E-01  0.4450E-01
  0.2175E-01  0.1800E-01  0.0000E+00  0.0000E+00  0.1202E+00  0.1293E+00  0.0000E+00  0.0000E+00
  0.2575E-01  0.2650E-01  0.0000E+00  0.0000E+00  0.1550E+00  0.1615E+00  0.0000E+00  0.0000E+00
  0.2650E-01  0.2600E-01  0.8500E-02  0.7750E-02  0.0000E+00  0.0000E+00  0.4150E-01  0.4425E-01
  0.0000E+00  0.0000E+00  0.8500E-02  0.6250E-02  0.0000E+00  0.0000E+00  0.0000E+00  0.0000E+00
  0.0000E+00  0.0000E+00  0.7500E-02  0.7000E-02  0.0000E+00  0.0000E+00  0.0000E+00  0.0000E+00
 Events:
          88          84          39          45           0           0         199         178
          87          72           0           0         481         517           0           0
         103         106           0           0         620         646           0           0
         106         104          34          31           0           0         166         177
           0           0          34          25           0           0           0           0
           0           0          30          28           0           0           0           0
 Accuracy:    0.113   0.100   0.044   6.524
 Found         1381  events.
 Wrote           27  events.
 Actual xsec    35.840489590235649     
 Correct abs xsec    35.840489590235649     
 Event xsec    35.840489590235649     
 Events wgts > 1:            1
 % Cross section > 1:    2.7759623399958855E-007   7.7453248315898178E-007
 Iteration  4   Mean: 0.3877E+02 Abs mean: 0.3877E+02   Fluctuation:  0.801E+00   0.114E+04    14.9%
  4    0.3877E+02 0.3877E+02 +- 0.8005E+00      1.85
 Relative summed weights:
  0.2116E-01  0.2199E-01  0.6048E-02  0.6128E-02  0.0000E+00  0.0000E+00  0.3825E-01  0.4883E-01
  0.2661E-01  0.2748E-01  0.0000E+00  0.0000E+00  0.1507E+00  0.1357E+00  0.0000E+00  0.0000E+00
  0.2105E-01  0.2801E-01  0.0000E+00  0.0000E+00  0.1493E+00  0.1538E+00  0.0000E+00  0.0000E+00
  0.2461E-01  0.2170E-01  0.8469E-02  0.2972E-02  0.0000E+00  0.0000E+00  0.4196E-01  0.3771E-01
  0.0000E+00  0.0000E+00  0.6508E-02  0.5447E-02  0.0000E+00  0.0000E+00  0.0000E+00  0.0000E+00
  0.0000E+00  0.0000E+00  0.7977E-02  0.7628E-02  0.0000E+00  0.0000E+00  0.0000E+00  0.0000E+00
 Relative number of events:
  0.2425E-01  0.2275E-01  0.9125E-02  0.6875E-02  0.0000E+00  0.0000E+00  0.4550E-01  0.4850E-01
  0.2363E-01  0.2425E-01  0.0000E+00  0.0000E+00  0.1266E+00  0.1205E+00  0.0000E+00  0.0000E+00
  0.2425E-01  0.2838E-01  0.0000E+00  0.0000E+00  0.1566E+00  0.1625E+00  0.0000E+00  0.0000E+00
  0.2750E-01  0.2575E-01  0.7500E-02  0.5625E-02  0.0000E+00  0.0000E+00  0.4075E-01  0.3662E-01
  0.0000E+00  0.0000E+00  0.8750E-02  0.8625E-02  0.0000E+00  0.0000E+00  0.0000E+00  0.0000E+00
  0.0000E+00  0.0000E+00  0.7875E-02  0.7250E-02  0.0000E+00  0.0000E+00  0.0000E+00  0.0000E+00
 Events:
         194         182          73          55           0           0         364         388
         189         194           0           0        1013         964           0           0
         194         227           0           0        1253        1300           0           0
         220         206          60          45           0           0         326         293
           0           0          70          69           0           0           0           0
           0           0          63          58           0           0           0           0
 Accuracy:    0.040   0.100   0.019   4.636
 Finished due to accuracy    4.0305815941272347E-002  0.10000000000000001     

 -------------------------------------------------------------------------------
 Accumulated results:   Integral =  0.3825E+02
                        Std dev  =  0.7160E+00
                       Cross sec =  0.3825E+02
             Chi**2 per DoF.     =      4.6357
 -------------------------------------------------------------------------------
 Found         3483  events.
 Wrote          551  events.
 Actual xsec    38.483213010235147     
 Correct abs xsec    38.483213010235147     
 Event xsec    38.483213010235531     
 Events wgts > 1:           12
 % Cross section > 1:   0.37534845357819902       0.97535632868899513     
-------------------------------------------------
---------------------------
 Results Last   3 iters: Integral =   0.3848E+02
                     Abs integral =   0.3848E+02
                          Std dev =   0.7258E+00
                  Chi**2 per DoF. =      4.5655
-------------------------------------------------
---------------------------
 Status  0.10000000000000001                5           5

ls status:
events.lhe
ftn26
input_app.txt
results.dat
run_01_log.txt
run_02_log.txt
run_03_log.txt
run_04_log.txt
run_05_log.txt
run_06_log.txt
run_07_log.txt
run_08_log.txt
run_09_log.txt
run_10_log.txt
run_11_log.txt
run_12_log.txt
run_13_log.txt
run_14_log.txt
run_15_log.txt
run_16_log.txt
run_17_log.txt
run_18_log.txt
run_19_log.txt
run1_app.log
run_20_log.txt
run_21_log.txt
run_22_log.txt
run_23_log.txt
run_24_log.txt
run_25_log.txt
run_26_log.txt
run_27_log.txt
run_28_log.txt
run_29_log.txt
run_30_log.txt
run_31_log.txt
run_32_log.txt
run_33_log.txt
run_34_log.txt
run_35_log.txt
run_36_log.txt
run_37_log.txt
run_38_log.txt
run_39_log.txt
run_40_log.txt
run_41_log.txt
run_42_log.txt
run_43_log.txt
run_44_log.txt
run_45_log.txt
run_46_log.txt
run_47_log.txt
run_48_log.txt
run_49_log.txt
run_50_log.txt
run_51_log.txt
run_52_log.txt
run_53_log.txt
run_54_log.txt
run_55_log.txt
