 Process in group number            0
 A PDF is used, so alpha_s(MZ) is going to be modified
 Old value of alpha_s from param_card:   0.13000000000000003     
  ****************************************
 
       NNPDFDriver version 1.0.3
   Grid: NNPDF23_lo_as_0130_qed_mem0.grid
  ****************************************
 New value of alpha_s from PDF nn23lo1:  0.13000000000000000     
 Warning! ptj set to xqcut=   30.000000000000000       to improve integration efficiency
 Note that this might affect non-radiated jets,
 e.g. from decays. Use cut_decays=F in run_card.
 Warning! mmjj set to xqcut=   30.000000000000000       to improve integration efficiency
 Note that this might affect non-radiated jets,
 e.g. from decays. Use cut_decays=F in run_card.
 Define smin to   62500.000000000000     
 Define smin to   62500.000000000000     
 Define smin to   62500.000000000000     
 Define smin to   62500.000000000000     
 Define smin to   62500.000000000000     
 Define smin to   62500.000000000000     
 Define smin to   62500.000000000000     
 *****************************************************
 *               MadGraph/MadEvent                   *
 *        --------------------------------           *
 *          http://madgraph.hep.uiuc.edu             *
 *          http://madgraph.phys.ucl.ac.be           *
 *          http://madgraph.roma2.infn.it            *
 *        --------------------------------           *
 *                                                   *
 *          PARAMETER AND COUPLING VALUES            *
 *                                                   *
 *****************************************************

  External Params
  ---------------------------------
  
 aEWM1 =    132.50700000000001     
 mdl_Gf =    1.1663900000000000E-005
 aS =   0.13000000000000003     
 mdl_lamWS =   0.22530000000000000     
 mdl_AWS =   0.80800000000000005     
 mdl_rhoWS =   0.13200000000000001     
 mdl_etaWS =   0.34100000000000003     
 mdl_ymb =    4.7000000000000002     
 mdl_ymt =    173.00000000000000     
 mdl_ymtau =    1.7769999999999999     
 mdl_MZ =    91.188000000000002     
 mdl_MT =    173.00000000000000     
 mdl_MB =    4.7000000000000002     
 mdl_MH =    125.00000000000000     
 mdl_MTA =    1.7769999999999999     
 mdl_WZ =    2.4414039999999999     
 mdl_WW =    2.0476000000000001     
 mdl_WT =    1.4915000000000000     
 mdl_WH =    6.3823389999999999E-003
  Internal Params
  ---------------------------------
  
 mdl_conjg__CKM3x3 =    1.0000000000000000     
 mdl_CKM3x3 =    1.0000000000000000     
 mdl_lamWS__exp__2 =    5.0760090000000001E-002
 mdl_CKM1x1 =               (0.97461995499999998,0.0000000000000000)
 mdl_CKM1x2 =               (0.22530000000000000,0.0000000000000000)
 mdl_complexi =                (0.0000000000000000,1.0000000000000000)
 mdl_lamWS__exp__3 =    1.1436248277000001E-002
 mdl_CKM1x3 =   (1.21974449623171223E-003,-3.15100661526525631E-003)
 mdl_CKM2x1 =              (-0.22530000000000000,0.0000000000000000)
 mdl_CKM2x2 =               (0.97461995499999998,0.0000000000000000)
 mdl_CKM2x3 =          (4.10141527200000022E-002,0.0000000000000000)
 mdl_CKM3x1 =   (8.02074411158428847E-003,-3.15100661526525631E-003)
 mdl_CKM3x2 =         (-4.10141527200000022E-002,0.0000000000000000)
 mdl_MZ__exp__2 =    8315.2513440000002     
 mdl_MZ__exp__4 =    69143404.913893804     
 mdl_sqrt__2 =    1.4142135623730951     
 mdl_MH__exp__2 =    15625.000000000000     
 mdl_conjg__CKM1x3 =    (1.21974449623171223E-003,3.15100661526525631E-003)
 mdl_conjg__CKM2x3 =         (4.10141527200000022E-002,-0.0000000000000000)
 mdl_conjg__CKM2x1 =             (-0.22530000000000000,-0.0000000000000000)
 mdl_conjg__CKM3x1 =    (8.02074411158428847E-003,3.15100661526525631E-003)
 mdl_conjg__CKM2x2 =              (0.97461995499999998,-0.0000000000000000)
 mdl_conjg__CKM3x2 =        (-4.10141527200000022E-002,-0.0000000000000000)
 mdl_conjg__CKM1x1 =              (0.97461995499999998,-0.0000000000000000)
 mdl_conjg__CKM1x2 =              (0.22530000000000000,-0.0000000000000000)
 mdl_aEW =    7.5467711139788835E-003
 mdl_MW =    80.419002445756163     
 mdl_sqrt__aEW =    8.6872153846781555E-002
 mdl_ee =   0.30795376724436879     
 mdl_MW__exp__2 =    6467.2159543705357     
 mdl_sw2 =   0.22224648578577766     
 mdl_cw =   0.88190334743339216     
 mdl_sqrt__sw2 =   0.47143025548407230     
 mdl_sw =   0.47143025548407230     
 mdl_g1 =   0.34919219678733299     
 mdl_gw =   0.65323293034757990     
 mdl_vev =    246.21845810181637     
 mdl_vev__exp__2 =    60623.529110035903     
 mdl_lam =   0.12886910601690263     
 mdl_yb =    2.6995554250465490E-002
 mdl_yt =   0.99366614581500623     
 mdl_ytau =    1.0206617000654717E-002
 mdl_muH =    88.388347648318430     
 mdl_I1x31 =    (3.29276787197298852E-005,8.50631700259688717E-005)
 mdl_I1x32 =          (1.10719978478963682E-003,0.0000000000000000)
 mdl_I1x33 =          (2.69955542504654901E-002,0.0000000000000000)
 mdl_I2x13 =    (7.96994188792636560E-003,3.13104859882821530E-003)
 mdl_I2x23 =        (-4.07543750571504534E-002,-0.0000000000000000)
 mdl_I2x33 =               (0.99366614581500623,0.0000000000000000)
 mdl_I3x31 =   (7.96994188792636560E-003,-3.13104859882821530E-003)
 mdl_I3x32 =         (-4.07543750571504534E-002,0.0000000000000000)
 mdl_I3x33 =               (0.99366614581500623,0.0000000000000000)
 mdl_I4x13 =   (3.29276787197298852E-005,-8.50631700259688717E-005)
 mdl_I4x23 =          (1.10719978478963682E-003,0.0000000000000000)
 mdl_I4x33 =          (2.69955542504654901E-002,0.0000000000000000)
 mdl_ee__exp__2 =    9.4835522759998875E-002
 mdl_sw__exp__2 =   0.22224648578577769     
 mdl_cw__exp__2 =   0.77775351421422245     
  Internal Params evaluated point by point
  ----------------------------------------
  
 mdl_sqrt__aS =   0.36055512754639896     
 mdl_G__exp__2 =    1.6336281798666927     
  Couplings of sm-ckm
  ---------------------------------
  
        GC_10 =  -0.12781E+01   0.00000E+00
        GC_11 =   0.00000E+00   0.12781E+01
        GC_12 =   0.00000E+00   0.16336E+01

 Collider parameters:
 --------------------

 Running at P P   machine @    14000.000000000000       GeV
 PDF set = nn23lo1
 alpha_s(Mz)= 0.1300 running at 2 loops.
 alpha_s(Mz)= 0.1300 running at 2 loops.
 Renormalization scale set on event-by-event basis
 Factorization   scale set on event-by-event basis


 getting user params
Enter number of events and max and min iterations: 
 Number of events and iterations         1000           5           3
Enter desired fractional accuracy: 
 Desired fractional accuracy:   0.10000000000000001     
Enter 0 for fixed, 2 for adjustable grid: 
Suppress amplitude (0 no, 1 yes)? 
 Using suppressed amplitude.
Exact helicity sum (0 yes, n = number/event)? 
 Explicitly summing over helicities
Enter Configuration Number: 
Running Configuration Number:   14
 Not subdividing B.W.
 Attempting mappinvarients           1           6
 Determine nb_t
 T-channel found:            2
 Completed mapping           6
 about to integrate           10        1000           7           3          10           1
 Using non-zero grid deformation.
 10 dimensions   1000 events 10 invarients  7 iterations  1 config(s),  (0.99)
 Using h-tuple random number sequence.
 Error opening grid
 Using Uniform Grid!          24
 Using uniform alpha   1.0000000000000000     
 Grid defined OK
 Masses: 0.000E+00 0.000E+00 0.000E+00 0.000E+00 0.000E+00 0.000E+00
 Set CM energy to      14000.00
 Mapping Graph          14  to config          14
 Determine nb_t
 T-channel found:            2
Setting grid   1    0.45918E-05   1
Setting grid   2    0.45918E-05   1
Setting grid   3    0.45918E-05   1
 Transforming s_hat 1/s            9   3.1887755102040819E-004   62500.000000000000        195999999.99999997     
 Got moffset           1
Using random seed offsets    14 :      9
  with seed                  354
 Ranmar initialization seeds       12208       12907
 
 ********************************************
 * You are using the DiscreteSampler module *
 *      part of the MG5_aMC framework       *
 *         Author: Valentin Hirschi         *
 ********************************************
 
  Particle       3       4       5       6
      Et >    30.0    30.0    30.0    30.0
       E >     0.0     0.0     0.0     0.0
     Eta <     5.0     5.0     5.0     5.0
   xqcut:     30.0    30.0    30.0    30.0
d R # 3  >    -0.0     0.0     0.0     0.0
d R # 4  >    -0.0    -0.0     0.0     0.0
d R # 5  >    -0.0    -0.0    -0.0     0.0
s min # 3>     0.0   900.0   900.0   900.0
s min # 4>     0.0     0.0   900.0   900.0
s min # 5>     0.0     0.0     0.0   900.0
xqcutij # 3>     0.0    30.0    30.0    30.0
xqcutij # 4>    30.0     0.0    30.0    30.0
xqcutij # 5>    30.0    30.0     0.0    30.0
 alpha_s for scale    129.91104355249155       is   0.12275877674309067     
 RESET CUMULATIVE VARIABLE
 Iteration  1   Mean: 0.3440E+04 Abs mean: 0.3440E+04   Fluctuation:  0.771E+03   0.493E+06     9.5%
  1    0.3440E+04 0.3440E+04 +- 0.7710E+03      7.09
 Writing out events   5.1918526583002196        7.0870093338789308     
 Relative summed weights:
  0.1669E-01  0.0000E+00  0.2926E-01  0.2215E-01  0.1819E-02  0.0000E+00  0.1740E+00  0.1980E+00  0.0000E+00  0.0000E+00  0.1883E-01  0.3377E-01  0.1271E-01  0.1001E-02
  0.1357E-01  0.0000E+00  0.0000E+00  0.0000E+00  0.2701E-02  0.0000E+00  0.0000E+00  0.0000E+00  0.0000E+00  0.0000E+00  0.0000E+00  0.0000E+00  0.0000E+00  0.0000E+00
  0.2034E-01  0.0000E+00  0.4410E-01  0.1666E-01  0.7218E-01  0.0000E+00  0.1079E+00  0.4331E-01  0.0000E+00  0.0000E+00  0.1061E+00  0.2948E-01  0.1204E-01  0.3829E-02
  0.1789E-01  0.0000E+00  0.0000E+00  0.0000E+00  0.1565E-02  0.0000E+00  0.0000E+00  0.0000E+00  0.0000E+00  0.0000E+00  0.0000E+00  0.0000E+00  0.0000E+00  0.0000E+00
 Relative number of events:
  0.6046E-01  0.0000E+00  0.2577E-01  0.2279E-01  0.4955E-02  0.0000E+00  0.7334E-01  0.8821E-01  0.0000E+00  0.0000E+00  0.7334E-01  0.7136E-01  0.1090E-01  0.7929E-02
  0.5847E-01  0.0000E+00  0.0000E+00  0.0000E+00  0.3964E-02  0.0000E+00  0.0000E+00  0.0000E+00  0.0000E+00  0.0000E+00  0.0000E+00  0.0000E+00  0.0000E+00  0.0000E+00
  0.6343E-01  0.0000E+00  0.2874E-01  0.2874E-01  0.9911E-03  0.0000E+00  0.8226E-01  0.8920E-01  0.0000E+00  0.0000E+00  0.5550E-01  0.7136E-01  0.1189E-01  0.1288E-01
  0.5055E-01  0.0000E+00  0.0000E+00  0.0000E+00  0.2973E-02  0.0000E+00  0.0000E+00  0.0000E+00  0.0000E+00  0.0000E+00  0.0000E+00  0.0000E+00  0.0000E+00  0.0000E+00
 Events:
          61           0          26          23           5           0          74          89           0           0          74          72          11           8
          59           0           0           0           4           0           0           0           0           0           0           0           0           0
          64           0          29          29           1           0          83          90           0           0          56          72          12          13
          51           0           0           0           3           0           0           0           0           0           0           0           0           0
 Iteration  2   Mean: 0.1305E+05 Abs mean: 0.1305E+05   Fluctuation:  0.588E+04   0.107E+08    15.8%
  2    0.1305E+05 0.1305E+05 +- 0.5876E+04     20.14
 Relative summed weights:
  0.7168E-02  0.0000E+00  0.9949E-02  0.2964E-02  0.1526E-02  0.0000E+00  0.3421E-01  0.2060E+00  0.0000E+00  0.0000E+00  0.1514E-01  0.2482E-01  0.4037E-03  0.1163E-02
  0.6450E-02  0.0000E+00  0.0000E+00  0.0000E+00  0.1828E-04  0.0000E+00  0.0000E+00  0.0000E+00  0.0000E+00  0.0000E+00  0.0000E+00  0.0000E+00  0.0000E+00  0.0000E+00
  0.8878E-02  0.0000E+00  0.9772E-03  0.4596E-02  0.1463E-03  0.0000E+00  0.9504E-01  0.1041E-01  0.0000E+00  0.0000E+00  0.1516E-01  0.8945E-01  0.6752E-02  0.7390E-02
  0.4513E+00  0.0000E+00  0.0000E+00  0.0000E+00  0.6892E-04  0.0000E+00  0.0000E+00  0.0000E+00  0.0000E+00  0.0000E+00  0.0000E+00  0.0000E+00  0.0000E+00  0.0000E+00
 Relative number of events:
  0.5400E-01  0.0000E+00  0.2700E-01  0.2950E-01  0.4500E-02  0.0000E+00  0.7950E-01  0.8200E-01  0.0000E+00  0.0000E+00  0.7500E-01  0.7800E-01  0.1050E-01  0.1200E-01
  0.5300E-01  0.0000E+00  0.0000E+00  0.0000E+00  0.2000E-02  0.0000E+00  0.0000E+00  0.0000E+00  0.0000E+00  0.0000E+00  0.0000E+00  0.0000E+00  0.0000E+00  0.0000E+00
  0.5350E-01  0.0000E+00  0.2600E-01  0.3300E-01  0.4000E-02  0.0000E+00  0.7900E-01  0.7300E-01  0.0000E+00  0.0000E+00  0.7500E-01  0.7700E-01  0.9500E-02  0.1100E-01
  0.5050E-01  0.0000E+00  0.0000E+00  0.0000E+00  0.1500E-02  0.0000E+00  0.0000E+00  0.0000E+00  0.0000E+00  0.0000E+00  0.0000E+00  0.0000E+00  0.0000E+00  0.0000E+00
 Events:
         108           0          54          59           9           0         159         164           0           0         150         156          21          24
         106           0           0           0           4           0           0           0           0           0           0           0           0           0
         107           0          52          66           8           0         158         146           0           0         150         154          19          22
         101           0           0           0           3           0           0           0           0           0           0           0           0           0
 Iteration  3   Mean: 0.7665E+04 Abs mean: 0.7665E+04   Fluctuation:  0.260E+04   0.102E+08    20.5%
  3    0.7665E+04 0.7665E+04 +- 0.2603E+04     21.47
 Relative summed weights:
  0.4606E-01  0.0000E+00  0.1005E-01  0.4883E-01  0.7191E-03  0.0000E+00  0.3531E-01  0.3929E+00  0.0000E+00  0.0000E+00  0.3767E-01  0.4157E-01  0.1697E-02  0.1896E-02
  0.2854E-01  0.0000E+00  0.0000E+00  0.0000E+00  0.2268E-03  0.0000E+00  0.0000E+00  0.0000E+00  0.0000E+00  0.0000E+00  0.0000E+00  0.0000E+00  0.0000E+00  0.0000E+00
  0.3433E-01  0.0000E+00  0.1394E-01  0.2163E-01  0.1349E-02  0.0000E+00  0.2643E-01  0.9529E-01  0.0000E+00  0.0000E+00  0.5119E-01  0.3274E-01  0.4762E-02  0.8231E-02
  0.6454E-01  0.0000E+00  0.0000E+00  0.0000E+00  0.1159E-03  0.0000E+00  0.0000E+00  0.0000E+00  0.0000E+00  0.0000E+00  0.0000E+00  0.0000E+00  0.0000E+00  0.0000E+00
 Relative number of events:
  0.5750E-01  0.0000E+00  0.3025E-01  0.3200E-01  0.5000E-02  0.0000E+00  0.7775E-01  0.7325E-01  0.0000E+00  0.0000E+00  0.6700E-01  0.7575E-01  0.1100E-01  0.9250E-02
  0.5825E-01  0.0000E+00  0.0000E+00  0.0000E+00  0.3750E-02  0.0000E+00  0.0000E+00  0.0000E+00  0.0000E+00  0.0000E+00  0.0000E+00  0.0000E+00  0.0000E+00  0.0000E+00
  0.4950E-01  0.0000E+00  0.2900E-01  0.3225E-01  0.4500E-02  0.0000E+00  0.8500E-01  0.7525E-01  0.0000E+00  0.0000E+00  0.6750E-01  0.7675E-01  0.1050E-01  0.8750E-02
  0.5650E-01  0.0000E+00  0.0000E+00  0.0000E+00  0.3750E-02  0.0000E+00  0.0000E+00  0.0000E+00  0.0000E+00  0.0000E+00  0.0000E+00  0.0000E+00  0.0000E+00  0.0000E+00
 Events:
         230           0         121         128          20           0         311         293           0           0         268         303          44          37
         233           0           0           0          15           0           0           0           0           0           0           0           0           0
         198           0         116         129          18           0         340         301           0           0         270         307          42          35
         226           0           0           0          15           0           0           0           0           0           0           0           0           0
 Accuracy:    0.410   0.100   0.173   5.646
 Found          318  events.
 Wrote            1  events.
 Actual xsec    5947.4986207919010     
 Correct abs xsec    5947.4986207919010     
 Event xsec    5947.4986207919010     
 Events wgts > 1:            0
 % Cross section > 1:    0.0000000000000000        0.0000000000000000     
 Iteration  4   Mean: 0.7001E+04 Abs mean: 0.7001E+04   Fluctuation:  0.825E+03   0.385E+07    25.2%
  4    0.7001E+04 0.7001E+04 +- 0.8250E+03     10.54
 Relative summed weights:
  0.8037E-01  0.0000E+00  0.2588E-01  0.2599E-01  0.7774E-03  0.0000E+00  0.5486E-01  0.8433E-01  0.0000E+00  0.0000E+00  0.4915E-01  0.3240E-01  0.2055E-01  0.4520E-02
  0.2020E-01  0.0000E+00  0.0000E+00  0.0000E+00  0.2340E-02  0.0000E+00  0.0000E+00  0.0000E+00  0.0000E+00  0.0000E+00  0.0000E+00  0.0000E+00  0.0000E+00  0.0000E+00
  0.1029E+00  0.0000E+00  0.1469E-01  0.2074E-01  0.1260E-02  0.0000E+00  0.8930E-01  0.1786E+00  0.0000E+00  0.0000E+00  0.5015E-01  0.4551E-01  0.3489E-02  0.2155E-01
  0.6833E-01  0.0000E+00  0.0000E+00  0.0000E+00  0.2117E-02  0.0000E+00  0.0000E+00  0.0000E+00  0.0000E+00  0.0000E+00  0.0000E+00  0.0000E+00  0.0000E+00  0.0000E+00
 Relative number of events:
  0.6425E-01  0.0000E+00  0.2650E-01  0.2650E-01  0.2875E-02  0.0000E+00  0.8125E-01  0.7775E-01  0.0000E+00  0.0000E+00  0.6713E-01  0.6575E-01  0.9375E-02  0.8875E-02
  0.5862E-01  0.0000E+00  0.0000E+00  0.0000E+00  0.4250E-02  0.0000E+00  0.0000E+00  0.0000E+00  0.0000E+00  0.0000E+00  0.0000E+00  0.0000E+00  0.0000E+00  0.0000E+00
  0.6388E-01  0.0000E+00  0.2900E-01  0.3338E-01  0.3625E-02  0.0000E+00  0.7963E-01  0.8000E-01  0.0000E+00  0.0000E+00  0.6475E-01  0.7150E-01  0.7375E-02  0.8875E-02
  0.6100E-01  0.0000E+00  0.0000E+00  0.0000E+00  0.3875E-02  0.0000E+00  0.0000E+00  0.0000E+00  0.0000E+00  0.0000E+00  0.0000E+00  0.0000E+00  0.0000E+00  0.0000E+00
 Events:
         514           0         212         212          23           0         650         622           0           0         537         526          75          71
         469           0           0           0          34           0           0           0           0           0           0           0           0           0
         511           0         232         267          29           0         637         640           0           0         518         572          59          71
         488           0           0           0          31           0           0           0           0           0           0           0           0           0
 Accuracy:    0.174   0.100   0.097   3.186
 Found          942  events.
 Wrote           17  events.
 Actual xsec    7416.3764982242483     
 Correct abs xsec    7416.3764982242483     
 Event xsec    7416.3764982242510     
 Events wgts > 1:            1
 % Cross section > 1:    39.971398099747489       0.53896128533008125     
 Iteration  5   Mean: 0.8832E+04 Abs mean: 0.8832E+04   Fluctuation:  0.739E+03   0.840E+07    26.6%
  5    0.8832E+04 0.8832E+04 +- 0.7393E+03     10.59
 Relative summed weights:
  0.4445E-01  0.0000E+00  0.2428E-01  0.3157E-01  0.2496E-02  0.0000E+00  0.1281E+00  0.8812E-01  0.0000E+00  0.0000E+00  0.5314E-01  0.6283E-01  0.3918E-02  0.5826E-02
  0.1037E+00  0.0000E+00  0.0000E+00  0.0000E+00  0.2742E-02  0.0000E+00  0.0000E+00  0.0000E+00  0.0000E+00  0.0000E+00  0.0000E+00  0.0000E+00  0.0000E+00  0.0000E+00
  0.7704E-01  0.0000E+00  0.2579E-01  0.2613E-01  0.4334E-02  0.0000E+00  0.6914E-01  0.7063E-01  0.0000E+00  0.0000E+00  0.6806E-01  0.4795E-01  0.6647E-02  0.4835E-02
  0.4521E-01  0.0000E+00  0.0000E+00  0.0000E+00  0.3070E-02  0.0000E+00  0.0000E+00  0.0000E+00  0.0000E+00  0.0000E+00  0.0000E+00  0.0000E+00  0.0000E+00  0.0000E+00
 Relative number of events:
  0.5750E-01  0.0000E+00  0.3000E-01  0.2775E-01  0.3000E-02  0.0000E+00  0.8463E-01  0.8288E-01  0.0000E+00  0.0000E+00  0.6719E-01  0.6831E-01  0.8063E-02  0.9125E-02
  0.6144E-01  0.0000E+00  0.0000E+00  0.0000E+00  0.3500E-02  0.0000E+00  0.0000E+00  0.0000E+00  0.0000E+00  0.0000E+00  0.0000E+00  0.0000E+00  0.0000E+00  0.0000E+00
  0.6263E-01  0.0000E+00  0.2962E-01  0.2950E-01  0.2687E-02  0.0000E+00  0.8094E-01  0.7863E-01  0.0000E+00  0.0000E+00  0.6519E-01  0.7031E-01  0.9125E-02  0.7313E-02
  0.5731E-01  0.0000E+00  0.0000E+00  0.0000E+00  0.3375E-02  0.0000E+00  0.0000E+00  0.0000E+00  0.0000E+00  0.0000E+00  0.0000E+00  0.0000E+00  0.0000E+00  0.0000E+00
 Events:
         920           0         480         444          48           0        1354        1326           0           0        1075        1093         129         146
         983           0           0           0          56           0           0           0           0           0           0           0           0           0
        1002           0         474         472          43           0        1295        1258           0           0        1043        1125         146         117
         917           0           0           0          54           0           0           0           0           0           0           0           0           0
 Accuracy:    0.107   0.100   0.063   2.833
 Found         2659  events.
 Wrote           11  events.
 Actual xsec    8196.2284355893335     
 Correct abs xsec    8196.2284355893335     
 Event xsec    8196.2284355893316     
 Events wgts > 1:            1
 % Cross section > 1:    5.0562755518512859E-005   6.1690271221530759E-007
 Iteration  6   Mean: 0.7535E+04 Abs mean: 0.7535E+04   Fluctuation:  0.169E+03   0.123E+07    28.1%
  6    0.7535E+04 0.7535E+04 +- 0.1692E+03      4.02
 Relative summed weights:
  0.6722E-01  0.0000E+00  0.3075E-01  0.2961E-01  0.2550E-02  0.0000E+00  0.9550E-01  0.7696E-01  0.0000E+00  0.0000E+00  0.6265E-01  0.6743E-01  0.6385E-02  0.6274E-02
  0.6189E-01  0.0000E+00  0.0000E+00  0.0000E+00  0.3037E-02  0.0000E+00  0.0000E+00  0.0000E+00  0.0000E+00  0.0000E+00  0.0000E+00  0.0000E+00  0.0000E+00  0.0000E+00
  0.6530E-01  0.0000E+00  0.2783E-01  0.3068E-01  0.2898E-02  0.0000E+00  0.8510E-01  0.8461E-01  0.0000E+00  0.0000E+00  0.6009E-01  0.6335E-01  0.6768E-02  0.5184E-02
  0.5421E-01  0.0000E+00  0.0000E+00  0.0000E+00  0.3712E-02  0.0000E+00  0.0000E+00  0.0000E+00  0.0000E+00  0.0000E+00  0.0000E+00  0.0000E+00  0.0000E+00  0.0000E+00
 Relative number of events:
  0.6250E-01  0.0000E+00  0.2841E-01  0.2822E-01  0.2969E-02  0.0000E+00  0.8347E-01  0.8128E-01  0.0000E+00  0.0000E+00  0.6316E-01  0.6747E-01  0.8156E-02  0.8750E-02
  0.6237E-01  0.0000E+00  0.0000E+00  0.0000E+00  0.2750E-02  0.0000E+00  0.0000E+00  0.0000E+00  0.0000E+00  0.0000E+00  0.0000E+00  0.0000E+00  0.0000E+00  0.0000E+00
  0.6297E-01  0.0000E+00  0.2819E-01  0.2691E-01  0.3000E-02  0.0000E+00  0.8053E-01  0.8306E-01  0.0000E+00  0.0000E+00  0.6556E-01  0.6884E-01  0.8031E-02  0.8688E-02
  0.6137E-01  0.0000E+00  0.0000E+00  0.0000E+00  0.3344E-02  0.0000E+00  0.0000E+00  0.0000E+00  0.0000E+00  0.0000E+00  0.0000E+00  0.0000E+00  0.0000E+00  0.0000E+00
 Events:
        2000           0         909         903          95           0        2671        2601           0           0        2021        2159         261         280
        1996           0           0           0          88           0           0           0           0           0           0           0           0           0
        2015           0         902         861          96           0        2577        2658           0           0        2098        2203         257         278
        1964           0           0           0         107           0           0           0           0           0           0           0           0           0
 Accuracy:    0.034   0.100   0.021   2.580
 Finished due to accuracy    3.4000563780726772E-002  0.10000000000000001     

 -------------------------------------------------------------------------------
 Accumulated results:   Integral =  0.7577E+04
                        Std dev  =  0.1604E+03
                       Cross sec =  0.7577E+04
             Chi**2 per DoF.     =      2.5797
 -------------------------------------------------------------------------------
 Found         5399  events.
 Wrote          374  events.
 Actual xsec    7601.6901174251061     
 Correct abs xsec    7601.6901174251061     
 Event xsec    7601.6901174251616     
 Events wgts > 1:           12
 % Cross section > 1:    67.924461207357552       0.89354420080418739     
-------------------------------------------------
---------------------------
 Results Last   3 iters: Integral =   0.7602E+04
                     Abs integral =   0.7602E+04
                          Std dev =   0.1621E+03
                  Chi**2 per DoF. =      1.7271
-------------------------------------------------
---------------------------
 Status  0.10000000000000001                7           7

ls status:
events.lhe
ftn26
input_app.txt
input_sg.txt
moffset.dat
results.dat
run1_app.log
run_26_log.txt
run_48_log.txt
