 Process in group number            0
 A PDF is used, so alpha_s(MZ) is going to be modified
 Old value of alpha_s from param_card:   0.13000000000000003     
  ****************************************
 
       NNPDFDriver version 1.0.3
   Grid: NNPDF23_lo_as_0130_qed_mem0.grid
  ****************************************
 New value of alpha_s from PDF nn23lo1:  0.13000000000000000     
 Warning! ptj set to xqcut=   30.000000000000000       to improve integration efficiency
 Note that this might affect non-radiated jets,
 e.g. from decays. Use cut_decays=F in run_card.
 Warning! mmjj set to xqcut=   30.000000000000000       to improve integration efficiency
 Note that this might affect non-radiated jets,
 e.g. from decays. Use cut_decays=F in run_card.
 Define smin to   62500.000000000000     
 Define smin to   62500.000000000000     
 Define smin to   62500.000000000000     
 Define smin to   62500.000000000000     
 Define smin to   62500.000000000000     
 Define smin to   62500.000000000000     
 Define smin to   62500.000000000000     
 *****************************************************
 *               MadGraph/MadEvent                   *
 *        --------------------------------           *
 *          http://madgraph.hep.uiuc.edu             *
 *          http://madgraph.phys.ucl.ac.be           *
 *          http://madgraph.roma2.infn.it            *
 *        --------------------------------           *
 *                                                   *
 *          PARAMETER AND COUPLING VALUES            *
 *                                                   *
 *****************************************************

  External Params
  ---------------------------------
  
 aEWM1 =    132.50700000000001     
 mdl_Gf =    1.1663900000000000E-005
 aS =   0.13000000000000003     
 mdl_lamWS =   0.22530000000000000     
 mdl_AWS =   0.80800000000000005     
 mdl_rhoWS =   0.13200000000000001     
 mdl_etaWS =   0.34100000000000003     
 mdl_ymb =    4.7000000000000002     
 mdl_ymt =    173.00000000000000     
 mdl_ymtau =    1.7769999999999999     
 mdl_MZ =    91.188000000000002     
 mdl_MT =    173.00000000000000     
 mdl_MB =    4.7000000000000002     
 mdl_MH =    125.00000000000000     
 mdl_MTA =    1.7769999999999999     
 mdl_WZ =    2.4414039999999999     
 mdl_WW =    2.0476000000000001     
 mdl_WT =    1.4915000000000000     
 mdl_WH =    6.3823389999999999E-003
  Internal Params
  ---------------------------------
  
 mdl_conjg__CKM3x3 =    1.0000000000000000     
 mdl_CKM3x3 =    1.0000000000000000     
 mdl_lamWS__exp__2 =    5.0760090000000001E-002
 mdl_CKM1x1 =               (0.97461995499999998,0.0000000000000000)
 mdl_CKM1x2 =               (0.22530000000000000,0.0000000000000000)
 mdl_complexi =                (0.0000000000000000,1.0000000000000000)
 mdl_lamWS__exp__3 =    1.1436248277000001E-002
 mdl_CKM1x3 =   (1.21974449623171223E-003,-3.15100661526525631E-003)
 mdl_CKM2x1 =              (-0.22530000000000000,0.0000000000000000)
 mdl_CKM2x2 =               (0.97461995499999998,0.0000000000000000)
 mdl_CKM2x3 =          (4.10141527200000022E-002,0.0000000000000000)
 mdl_CKM3x1 =   (8.02074411158428847E-003,-3.15100661526525631E-003)
 mdl_CKM3x2 =         (-4.10141527200000022E-002,0.0000000000000000)
 mdl_MZ__exp__2 =    8315.2513440000002     
 mdl_MZ__exp__4 =    69143404.913893804     
 mdl_sqrt__2 =    1.4142135623730951     
 mdl_MH__exp__2 =    15625.000000000000     
 mdl_conjg__CKM1x3 =    (1.21974449623171223E-003,3.15100661526525631E-003)
 mdl_conjg__CKM2x3 =         (4.10141527200000022E-002,-0.0000000000000000)
 mdl_conjg__CKM2x1 =             (-0.22530000000000000,-0.0000000000000000)
 mdl_conjg__CKM3x1 =    (8.02074411158428847E-003,3.15100661526525631E-003)
 mdl_conjg__CKM2x2 =              (0.97461995499999998,-0.0000000000000000)
 mdl_conjg__CKM3x2 =        (-4.10141527200000022E-002,-0.0000000000000000)
 mdl_conjg__CKM1x1 =              (0.97461995499999998,-0.0000000000000000)
 mdl_conjg__CKM1x2 =              (0.22530000000000000,-0.0000000000000000)
 mdl_aEW =    7.5467711139788835E-003
 mdl_MW =    80.419002445756163     
 mdl_sqrt__aEW =    8.6872153846781555E-002
 mdl_ee =   0.30795376724436879     
 mdl_MW__exp__2 =    6467.2159543705357     
 mdl_sw2 =   0.22224648578577766     
 mdl_cw =   0.88190334743339216     
 mdl_sqrt__sw2 =   0.47143025548407230     
 mdl_sw =   0.47143025548407230     
 mdl_g1 =   0.34919219678733299     
 mdl_gw =   0.65323293034757990     
 mdl_vev =    246.21845810181637     
 mdl_vev__exp__2 =    60623.529110035903     
 mdl_lam =   0.12886910601690263     
 mdl_yb =    2.6995554250465490E-002
 mdl_yt =   0.99366614581500623     
 mdl_ytau =    1.0206617000654717E-002
 mdl_muH =    88.388347648318430     
 mdl_I1x31 =    (3.29276787197298852E-005,8.50631700259688717E-005)
 mdl_I1x32 =          (1.10719978478963682E-003,0.0000000000000000)
 mdl_I1x33 =          (2.69955542504654901E-002,0.0000000000000000)
 mdl_I2x13 =    (7.96994188792636560E-003,3.13104859882821530E-003)
 mdl_I2x23 =        (-4.07543750571504534E-002,-0.0000000000000000)
 mdl_I2x33 =               (0.99366614581500623,0.0000000000000000)
 mdl_I3x31 =   (7.96994188792636560E-003,-3.13104859882821530E-003)
 mdl_I3x32 =         (-4.07543750571504534E-002,0.0000000000000000)
 mdl_I3x33 =               (0.99366614581500623,0.0000000000000000)
 mdl_I4x13 =   (3.29276787197298852E-005,-8.50631700259688717E-005)
 mdl_I4x23 =          (1.10719978478963682E-003,0.0000000000000000)
 mdl_I4x33 =          (2.69955542504654901E-002,0.0000000000000000)
 mdl_ee__exp__2 =    9.4835522759998875E-002
 mdl_sw__exp__2 =   0.22224648578577769     
 mdl_cw__exp__2 =   0.77775351421422245     
  Internal Params evaluated point by point
  ----------------------------------------
  
 mdl_sqrt__aS =   0.36055512754639896     
 mdl_G__exp__2 =    1.6336281798666927     
  Couplings of sm-ckm
  ---------------------------------
  
        GC_10 =  -0.12781E+01   0.00000E+00
        GC_11 =   0.00000E+00   0.12781E+01
        GC_12 =   0.00000E+00   0.16336E+01

 Collider parameters:
 --------------------

 Running at P P   machine @    14000.000000000000       GeV
 PDF set = nn23lo1
 alpha_s(Mz)= 0.1300 running at 2 loops.
 alpha_s(Mz)= 0.1300 running at 2 loops.
 Renormalization scale set on event-by-event basis
 Factorization   scale set on event-by-event basis


 getting user params
Enter number of events and max and min iterations: 
 Number of events and iterations         1000           5           3
Enter desired fractional accuracy: 
 Desired fractional accuracy:   0.10000000000000001     
Enter 0 for fixed, 2 for adjustable grid: 
Suppress amplitude (0 no, 1 yes)? 
 Using suppressed amplitude.
Exact helicity sum (0 yes, n = number/event)? 
 Explicitly summing over helicities
Enter Configuration Number: 
Running Configuration Number:   47
 Not subdividing B.W.
 Attempting mappinvarients           1           6
 Determine nb_t
 T-channel found:            3
 Completed mapping           6
 about to integrate           10        1000           7           3          10           1
 Using non-zero grid deformation.
 10 dimensions   1000 events 10 invarients  7 iterations  1 config(s),  (0.99)
 Using h-tuple random number sequence.
 Error opening grid
 Using Uniform Grid!          24
 Using uniform alpha   1.0000000000000000     
 Grid defined OK
 Masses: 0.000E+00 0.000E+00 0.000E+00 0.000E+00 0.000E+00 0.000E+00
 Set CM energy to      14000.00
 Mapping Graph          47  to config          47
 Determine nb_t
 T-channel found:            3
Setting grid   1    0.45918E-05   1
Setting grid   2    0.45918E-05   1
Setting grid   3    0.45918E-05   1
 Transforming s_hat 1/s            9   3.1887755102040819E-004   62500.000000000000        195999999.99999997     
 Got moffset           1
Using random seed offsets    47 :      9
  with seed                  354
 Ranmar initialization seeds       12241       12907
 
 ********************************************
 * You are using the DiscreteSampler module *
 *      part of the MG5_aMC framework       *
 *         Author: Valentin Hirschi         *
 ********************************************
 
  Particle       3       4       5       6
      Et >    30.0    30.0    30.0    30.0
       E >     0.0     0.0     0.0     0.0
     Eta <     5.0     5.0     5.0     5.0
   xqcut:     30.0    30.0    30.0    30.0
d R # 3  >    -0.0     0.0     0.0     0.0
d R # 4  >    -0.0    -0.0     0.0     0.0
d R # 5  >    -0.0    -0.0    -0.0     0.0
s min # 3>     0.0   900.0   900.0   900.0
s min # 4>     0.0     0.0   900.0   900.0
s min # 5>     0.0     0.0     0.0   900.0
xqcutij # 3>     0.0    30.0    30.0    30.0
xqcutij # 4>    30.0     0.0    30.0    30.0
xqcutij # 5>    30.0    30.0     0.0    30.0
 alpha_s for scale    269.92263474312790       is   0.11013238742866636     
 RESET CUMULATIVE VARIABLE
 Iteration  1   Mean: 0.1360E+04 Abs mean: 0.1360E+04   Fluctuation:  0.371E+03   0.237E+06     9.4%
  1    0.1360E+04 0.1360E+04 +- 0.3706E+03      8.62
 Writing out events   2.0580460841125294        8.6159539823947409     
 Relative summed weights:
  0.1880E-01  0.0000E+00  0.1148E+00  0.5780E-02  0.2718E-05  0.0000E+00  0.1873E+00  0.3848E-01  0.0000E+00  0.0000E+00  0.3535E-01  0.2064E+00  0.5088E-02  0.4303E-03
  0.7372E-01  0.0000E+00  0.0000E+00  0.0000E+00  0.7010E-04  0.0000E+00  0.0000E+00  0.0000E+00  0.0000E+00  0.0000E+00  0.0000E+00  0.0000E+00  0.0000E+00  0.0000E+00
  0.4026E-01  0.0000E+00  0.1372E-01  0.3333E-02  0.2480E-02  0.0000E+00  0.2715E-01  0.2571E-01  0.0000E+00  0.0000E+00  0.1396E+00  0.2437E-01  0.9894E-03  0.2655E-01
  0.6487E-02  0.0000E+00  0.0000E+00  0.0000E+00  0.3082E-02  0.0000E+00  0.0000E+00  0.0000E+00  0.0000E+00  0.0000E+00  0.0000E+00  0.0000E+00  0.0000E+00  0.0000E+00
 Relative number of events:
  0.6343E-01  0.0000E+00  0.2379E-01  0.1685E-01  0.1982E-02  0.0000E+00  0.7830E-01  0.8920E-01  0.0000E+00  0.0000E+00  0.6838E-01  0.7532E-01  0.1388E-01  0.6938E-02
  0.5649E-01  0.0000E+00  0.0000E+00  0.0000E+00  0.2973E-02  0.0000E+00  0.0000E+00  0.0000E+00  0.0000E+00  0.0000E+00  0.0000E+00  0.0000E+00  0.0000E+00  0.0000E+00
  0.6145E-01  0.0000E+00  0.3072E-01  0.3072E-01  0.4955E-02  0.0000E+00  0.8523E-01  0.8325E-01  0.0000E+00  0.0000E+00  0.5352E-01  0.6640E-01  0.4955E-02  0.7929E-02
  0.6640E-01  0.0000E+00  0.0000E+00  0.0000E+00  0.6938E-02  0.0000E+00  0.0000E+00  0.0000E+00  0.0000E+00  0.0000E+00  0.0000E+00  0.0000E+00  0.0000E+00  0.0000E+00
 Events:
          64           0          24          17           2           0          79          90           0           0          69          76          14           7
          57           0           0           0           3           0           0           0           0           0           0           0           0           0
          62           0          31          31           5           0          86          84           0           0          54          67           5           8
          67           0           0           0           7           0           0           0           0           0           0           0           0           0
 Iteration  2   Mean: 0.8446E+03 Abs mean: 0.8446E+03   Fluctuation:  0.168E+03   0.305E+06    14.9%
  2    0.8446E+03 0.8446E+03 +- 0.1682E+03      8.90
 Relative summed weights:
  0.3390E-01  0.0000E+00  0.5230E-01  0.5275E-01  0.1168E-02  0.0000E+00  0.4502E-01  0.7424E-01  0.0000E+00  0.0000E+00  0.4387E-01  0.6541E-01  0.1123E-01  0.1667E-01
  0.1216E-01  0.0000E+00  0.0000E+00  0.0000E+00  0.8354E-03  0.0000E+00  0.0000E+00  0.0000E+00  0.0000E+00  0.0000E+00  0.0000E+00  0.0000E+00  0.0000E+00  0.0000E+00
  0.4383E-01  0.0000E+00  0.2077E-01  0.2053E-01  0.1184E-02  0.0000E+00  0.4249E-01  0.7798E-01  0.0000E+00  0.0000E+00  0.2310E+00  0.1022E+00  0.1185E-02  0.4821E-03
  0.4869E-01  0.0000E+00  0.0000E+00  0.0000E+00  0.1170E-03  0.0000E+00  0.0000E+00  0.0000E+00  0.0000E+00  0.0000E+00  0.0000E+00  0.0000E+00  0.0000E+00  0.0000E+00
 Relative number of events:
  0.5750E-01  0.0000E+00  0.3050E-01  0.2500E-01  0.3000E-02  0.0000E+00  0.7900E-01  0.9150E-01  0.0000E+00  0.0000E+00  0.6650E-01  0.6950E-01  0.8000E-02  0.6500E-02
  0.5450E-01  0.0000E+00  0.0000E+00  0.0000E+00  0.5000E-02  0.0000E+00  0.0000E+00  0.0000E+00  0.0000E+00  0.0000E+00  0.0000E+00  0.0000E+00  0.0000E+00  0.0000E+00
  0.6250E-01  0.0000E+00  0.2800E-01  0.2400E-01  0.3500E-02  0.0000E+00  0.8600E-01  0.8850E-01  0.0000E+00  0.0000E+00  0.6500E-01  0.6950E-01  0.1000E-01  0.8000E-02
  0.5550E-01  0.0000E+00  0.0000E+00  0.0000E+00  0.3000E-02  0.0000E+00  0.0000E+00  0.0000E+00  0.0000E+00  0.0000E+00  0.0000E+00  0.0000E+00  0.0000E+00  0.0000E+00
 Events:
         115           0          61          50           6           0         158         183           0           0         133         139          16          13
         109           0           0           0          10           0           0           0           0           0           0           0           0           0
         125           0          56          48           7           0         172         177           0           0         130         139          20          16
         111           0           0           0           6           0           0           0           0           0           0           0           0           0
 Iteration  3   Mean: 0.1567E+04 Abs mean: 0.1567E+04   Fluctuation:  0.296E+03   0.105E+07    21.1%
  3    0.1567E+04 0.1567E+04 +- 0.2956E+03     11.93
 Relative summed weights:
  0.2905E-01  0.0000E+00  0.1643E-01  0.4095E-01  0.2072E-01  0.0000E+00  0.7635E-01  0.6022E-01  0.0000E+00  0.0000E+00  0.3002E-01  0.4788E-01  0.1920E-02  0.7332E-02
  0.1928E-01  0.0000E+00  0.0000E+00  0.0000E+00  0.1187E-01  0.0000E+00  0.0000E+00  0.0000E+00  0.0000E+00  0.0000E+00  0.0000E+00  0.0000E+00  0.0000E+00  0.0000E+00
  0.1996E+00  0.0000E+00  0.2332E-01  0.2272E-01  0.3085E-02  0.0000E+00  0.7795E-01  0.9712E-01  0.0000E+00  0.0000E+00  0.4687E-01  0.1151E+00  0.9152E-02  0.7180E-02
  0.3555E-01  0.0000E+00  0.0000E+00  0.0000E+00  0.3662E-03  0.0000E+00  0.0000E+00  0.0000E+00  0.0000E+00  0.0000E+00  0.0000E+00  0.0000E+00  0.0000E+00  0.0000E+00
 Relative number of events:
  0.6325E-01  0.0000E+00  0.3125E-01  0.3000E-01  0.3500E-02  0.0000E+00  0.7925E-01  0.7800E-01  0.0000E+00  0.0000E+00  0.6500E-01  0.6250E-01  0.8500E-02  0.1275E-01
  0.5825E-01  0.0000E+00  0.0000E+00  0.0000E+00  0.4750E-02  0.0000E+00  0.0000E+00  0.0000E+00  0.0000E+00  0.0000E+00  0.0000E+00  0.0000E+00  0.0000E+00  0.0000E+00
  0.5600E-01  0.0000E+00  0.2700E-01  0.3225E-01  0.4250E-02  0.0000E+00  0.8625E-01  0.7725E-01  0.0000E+00  0.0000E+00  0.6375E-01  0.7600E-01  0.1025E-01  0.1025E-01
  0.5600E-01  0.0000E+00  0.0000E+00  0.0000E+00  0.3750E-02  0.0000E+00  0.0000E+00  0.0000E+00  0.0000E+00  0.0000E+00  0.0000E+00  0.0000E+00  0.0000E+00  0.0000E+00
 Events:
         253           0         125         120          14           0         317         312           0           0         260         250          34          51
         233           0           0           0          19           0           0           0           0           0           0           0           0           0
         224           0         108         129          17           0         345         309           0           0         255         304          41          41
         224           0           0           0          15           0           0           0           0           0           0           0           0           0
 Accuracy:    0.184   0.100   0.122   2.274
 Found          785  events.
 Wrote            6  events.
 Actual xsec    1252.5299010315018     
 Correct abs xsec    1252.5299010315018     
 Event xsec    1252.5299010315020     
 Events wgts > 1:            1
 % Cross section > 1:    1.3639514378382955E-005   1.0889571871418271E-006
 Iteration  4   Mean: 0.2095E+04 Abs mean: 0.2095E+04   Fluctuation:  0.356E+03   0.230E+07    22.2%
  4    0.2095E+04 0.2095E+04 +- 0.3558E+03     15.19
 Relative summed weights:
  0.9306E-01  0.0000E+00  0.2227E-01  0.8983E-02  0.9942E-03  0.0000E+00  0.2225E+00  0.5082E-01  0.0000E+00  0.0000E+00  0.5115E-01  0.3374E-01  0.3774E-02  0.2069E-02
  0.8739E-01  0.0000E+00  0.0000E+00  0.0000E+00  0.6173E-02  0.0000E+00  0.0000E+00  0.0000E+00  0.0000E+00  0.0000E+00  0.0000E+00  0.0000E+00  0.0000E+00  0.0000E+00
  0.7445E-01  0.0000E+00  0.3060E-01  0.1705E-01  0.1077E-02  0.0000E+00  0.8000E-01  0.4750E-01  0.0000E+00  0.0000E+00  0.5390E-01  0.5424E-01  0.3241E-02  0.7738E-02
  0.4510E-01  0.0000E+00  0.0000E+00  0.0000E+00  0.2210E-02  0.0000E+00  0.0000E+00  0.0000E+00  0.0000E+00  0.0000E+00  0.0000E+00  0.0000E+00  0.0000E+00  0.0000E+00
 Relative number of events:
  0.5613E-01  0.0000E+00  0.3100E-01  0.2700E-01  0.4500E-02  0.0000E+00  0.7775E-01  0.8138E-01  0.0000E+00  0.0000E+00  0.6750E-01  0.6825E-01  0.8250E-02  0.9375E-02
  0.5688E-01  0.0000E+00  0.0000E+00  0.0000E+00  0.3000E-02  0.0000E+00  0.0000E+00  0.0000E+00  0.0000E+00  0.0000E+00  0.0000E+00  0.0000E+00  0.0000E+00  0.0000E+00
  0.5825E-01  0.0000E+00  0.2937E-01  0.2838E-01  0.4500E-02  0.0000E+00  0.8488E-01  0.8550E-01  0.0000E+00  0.0000E+00  0.6900E-01  0.6463E-01  0.1175E-01  0.1025E-01
  0.5900E-01  0.0000E+00  0.0000E+00  0.0000E+00  0.3500E-02  0.0000E+00  0.0000E+00  0.0000E+00  0.0000E+00  0.0000E+00  0.0000E+00  0.0000E+00  0.0000E+00  0.0000E+00
 Events:
         449           0         248         216          36           0         622         651           0           0         540         546          66          75
         455           0           0           0          24           0           0           0           0           0           0           0           0           0
         466           0         235         227          36           0         679         684           0           0         552         517          94          82
         472           0           0           0          28           0           0           0           0           0           0           0           0           0
 Accuracy:    0.180   0.100   0.099   3.280
 Found         1339  events.
 Wrote            7  events.
 Actual xsec    1568.1970400549576     
 Correct abs xsec    1568.1970400549576     
 Event xsec    1568.1970400549571     
 Events wgts > 1:            0
 % Cross section > 1:    0.0000000000000000        0.0000000000000000     
 Iteration  5   Mean: 0.2132E+04 Abs mean: 0.2132E+04   Fluctuation:  0.127E+03   0.832E+06    24.5%
  5    0.2132E+04 0.2132E+04 +- 0.1270E+03      7.53
 Relative summed weights:
  0.6172E-01  0.0000E+00  0.1717E-01  0.2417E-01  0.1968E-02  0.0000E+00  0.7681E-01  0.8870E-01  0.0000E+00  0.0000E+00  0.7493E-01  0.6507E-01  0.4296E-02  0.4601E-02
  0.8340E-01  0.0000E+00  0.0000E+00  0.0000E+00  0.1197E-02  0.0000E+00  0.0000E+00  0.0000E+00  0.0000E+00  0.0000E+00  0.0000E+00  0.0000E+00  0.0000E+00  0.0000E+00
  0.5368E-01  0.0000E+00  0.2815E-01  0.2075E-01  0.1993E-02  0.0000E+00  0.1024E+00  0.9827E-01  0.0000E+00  0.0000E+00  0.7234E-01  0.5512E-01  0.2906E-02  0.1027E-01
  0.4783E-01  0.0000E+00  0.0000E+00  0.0000E+00  0.2259E-02  0.0000E+00  0.0000E+00  0.0000E+00  0.0000E+00  0.0000E+00  0.0000E+00  0.0000E+00  0.0000E+00  0.0000E+00
 Relative number of events:
  0.6050E-01  0.0000E+00  0.2838E-01  0.3269E-01  0.3375E-02  0.0000E+00  0.8438E-01  0.8551E-01  0.0000E+00  0.0000E+00  0.6457E-01  0.6500E-01  0.8376E-02  0.7813E-02
  0.5719E-01  0.0000E+00  0.0000E+00  0.0000E+00  0.4375E-02  0.0000E+00  0.0000E+00  0.0000E+00  0.0000E+00  0.0000E+00  0.0000E+00  0.0000E+00  0.0000E+00  0.0000E+00
  0.5744E-01  0.0000E+00  0.2706E-01  0.2969E-01  0.3375E-02  0.0000E+00  0.8713E-01  0.7982E-01  0.0000E+00  0.0000E+00  0.6682E-01  0.6413E-01  0.9501E-02  0.8751E-02
  0.6094E-01  0.0000E+00  0.0000E+00  0.0000E+00  0.3188E-02  0.0000E+00  0.0000E+00  0.0000E+00  0.0000E+00  0.0000E+00  0.0000E+00  0.0000E+00  0.0000E+00  0.0000E+00
 Events:
         968           0         454         523          54           0        1350        1368           0           0        1033        1040         134         125
         915           0           0           0          70           0           0           0           0           0           0           0           0           0
         919           0         433         475          54           0        1394        1277           0           0        1069        1026         152         140
         975           0           0           0          51           0           0           0           0           0           0           0           0           0
 Accuracy:    0.091   0.100   0.051   3.168
 Finished due to accuracy    9.0904361285077562E-002  0.10000000000000001     

 -------------------------------------------------------------------------------
 Accumulated results:   Integral =  0.1975E+04
                        Std dev  =  0.1009E+03
                       Cross sec =  0.1975E+04
             Chi**2 per DoF.     =      3.1676
 -------------------------------------------------------------------------------
 Found         2457  events.
 Wrote           39  events.
 Actual xsec    2082.0789418949535     
 Correct abs xsec    2082.0789422797629     
 Event xsec    2082.0789422797639     
 Events wgts > 1:            1
 % Cross section > 1:    6.3808185807053448       0.30646381609905210     
-------------------------------------------------
---------------------------
 Results Last   3 iters: Integral =   0.2082E+04
                     Abs integral =   0.2082E+04
                          Std dev =   0.1122E+03
                  Chi**2 per DoF. =      1.5956
-------------------------------------------------
---------------------------
 Status  0.10000000000000001                6           7

ls status:
events.lhe
ftn26
input_app.txt
input_sg.txt
moffset.dat
results.dat
run_02_log.txt
run1_app.log
run_22_log.txt
run_35_log.txt
run_40_log.txt
run_42_log.txt
run_54_log.txt
