 Process in group number            0
 A PDF is used, so alpha_s(MZ) is going to be modified
 Old value of alpha_s from param_card:   0.13000000000000003     
  ****************************************
 
       NNPDFDriver version 1.0.3
   Grid: NNPDF23_lo_as_0130_qed_mem0.grid
  ****************************************
 New value of alpha_s from PDF nn23lo1:  0.13000000000000000     
 Warning! ptj set to xqcut=   30.000000000000000       to improve integration efficiency
 Note that this might affect non-radiated jets,
 e.g. from decays. Use cut_decays=F in run_card.
 Warning! mmjj set to xqcut=   30.000000000000000       to improve integration efficiency
 Note that this might affect non-radiated jets,
 e.g. from decays. Use cut_decays=F in run_card.
 Define smin to   62500.000000000000     
 Define smin to   62500.000000000000     
 Define smin to   62500.000000000000     
 Define smin to   62500.000000000000     
 Define smin to   62500.000000000000     
 Define smin to   62500.000000000000     
 Define smin to   62500.000000000000     
 *****************************************************
 *               MadGraph/MadEvent                   *
 *        --------------------------------           *
 *          http://madgraph.hep.uiuc.edu             *
 *          http://madgraph.phys.ucl.ac.be           *
 *          http://madgraph.roma2.infn.it            *
 *        --------------------------------           *
 *                                                   *
 *          PARAMETER AND COUPLING VALUES            *
 *                                                   *
 *****************************************************

  External Params
  ---------------------------------
  
 aEWM1 =    132.50700000000001     
 mdl_Gf =    1.1663900000000000E-005
 aS =   0.13000000000000003     
 mdl_lamWS =   0.22530000000000000     
 mdl_AWS =   0.80800000000000005     
 mdl_rhoWS =   0.13200000000000001     
 mdl_etaWS =   0.34100000000000003     
 mdl_ymb =    4.7000000000000002     
 mdl_ymt =    173.00000000000000     
 mdl_ymtau =    1.7769999999999999     
 mdl_MZ =    91.188000000000002     
 mdl_MT =    173.00000000000000     
 mdl_MB =    4.7000000000000002     
 mdl_MH =    125.00000000000000     
 mdl_MTA =    1.7769999999999999     
 mdl_WZ =    2.4414039999999999     
 mdl_WW =    2.0476000000000001     
 mdl_WT =    1.4915000000000000     
 mdl_WH =    6.3823389999999999E-003
  Internal Params
  ---------------------------------
  
 mdl_conjg__CKM3x3 =    1.0000000000000000     
 mdl_CKM3x3 =    1.0000000000000000     
 mdl_lamWS__exp__2 =    5.0760090000000001E-002
 mdl_CKM1x1 =               (0.97461995499999998,0.0000000000000000)
 mdl_CKM1x2 =               (0.22530000000000000,0.0000000000000000)
 mdl_complexi =                (0.0000000000000000,1.0000000000000000)
 mdl_lamWS__exp__3 =    1.1436248277000001E-002
 mdl_CKM1x3 =   (1.21974449623171223E-003,-3.15100661526525631E-003)
 mdl_CKM2x1 =              (-0.22530000000000000,0.0000000000000000)
 mdl_CKM2x2 =               (0.97461995499999998,0.0000000000000000)
 mdl_CKM2x3 =          (4.10141527200000022E-002,0.0000000000000000)
 mdl_CKM3x1 =   (8.02074411158428847E-003,-3.15100661526525631E-003)
 mdl_CKM3x2 =         (-4.10141527200000022E-002,0.0000000000000000)
 mdl_MZ__exp__2 =    8315.2513440000002     
 mdl_MZ__exp__4 =    69143404.913893804     
 mdl_sqrt__2 =    1.4142135623730951     
 mdl_MH__exp__2 =    15625.000000000000     
 mdl_conjg__CKM1x3 =    (1.21974449623171223E-003,3.15100661526525631E-003)
 mdl_conjg__CKM2x3 =         (4.10141527200000022E-002,-0.0000000000000000)
 mdl_conjg__CKM2x1 =             (-0.22530000000000000,-0.0000000000000000)
 mdl_conjg__CKM3x1 =    (8.02074411158428847E-003,3.15100661526525631E-003)
 mdl_conjg__CKM2x2 =              (0.97461995499999998,-0.0000000000000000)
 mdl_conjg__CKM3x2 =        (-4.10141527200000022E-002,-0.0000000000000000)
 mdl_conjg__CKM1x1 =              (0.97461995499999998,-0.0000000000000000)
 mdl_conjg__CKM1x2 =              (0.22530000000000000,-0.0000000000000000)
 mdl_aEW =    7.5467711139788835E-003
 mdl_MW =    80.419002445756163     
 mdl_sqrt__aEW =    8.6872153846781555E-002
 mdl_ee =   0.30795376724436879     
 mdl_MW__exp__2 =    6467.2159543705357     
 mdl_sw2 =   0.22224648578577766     
 mdl_cw =   0.88190334743339216     
 mdl_sqrt__sw2 =   0.47143025548407230     
 mdl_sw =   0.47143025548407230     
 mdl_g1 =   0.34919219678733299     
 mdl_gw =   0.65323293034757990     
 mdl_vev =    246.21845810181637     
 mdl_vev__exp__2 =    60623.529110035903     
 mdl_lam =   0.12886910601690263     
 mdl_yb =    2.6995554250465490E-002
 mdl_yt =   0.99366614581500623     
 mdl_ytau =    1.0206617000654717E-002
 mdl_muH =    88.388347648318430     
 mdl_I1x31 =    (3.29276787197298852E-005,8.50631700259688717E-005)
 mdl_I1x32 =          (1.10719978478963682E-003,0.0000000000000000)
 mdl_I1x33 =          (2.69955542504654901E-002,0.0000000000000000)
 mdl_I2x13 =    (7.96994188792636560E-003,3.13104859882821530E-003)
 mdl_I2x23 =        (-4.07543750571504534E-002,-0.0000000000000000)
 mdl_I2x33 =               (0.99366614581500623,0.0000000000000000)
 mdl_I3x31 =   (7.96994188792636560E-003,-3.13104859882821530E-003)
 mdl_I3x32 =         (-4.07543750571504534E-002,0.0000000000000000)
 mdl_I3x33 =               (0.99366614581500623,0.0000000000000000)
 mdl_I4x13 =   (3.29276787197298852E-005,-8.50631700259688717E-005)
 mdl_I4x23 =          (1.10719978478963682E-003,0.0000000000000000)
 mdl_I4x33 =          (2.69955542504654901E-002,0.0000000000000000)
 mdl_ee__exp__2 =    9.4835522759998875E-002
 mdl_sw__exp__2 =   0.22224648578577769     
 mdl_cw__exp__2 =   0.77775351421422245     
  Internal Params evaluated point by point
  ----------------------------------------
  
 mdl_sqrt__aS =   0.36055512754639896     
 mdl_G__exp__2 =    1.6336281798666927     
  Couplings of sm-ckm
  ---------------------------------
  
        GC_10 =  -0.12781E+01   0.00000E+00
        GC_11 =   0.00000E+00   0.12781E+01
        GC_12 =   0.00000E+00   0.16336E+01

 Collider parameters:
 --------------------

 Running at P P   machine @    14000.000000000000       GeV
 PDF set = nn23lo1
 alpha_s(Mz)= 0.1300 running at 2 loops.
 alpha_s(Mz)= 0.1300 running at 2 loops.
 Renormalization scale set on event-by-event basis
 Factorization   scale set on event-by-event basis


 getting user params
Enter number of events and max and min iterations: 
 Number of events and iterations         1000           5           3
Enter desired fractional accuracy: 
 Desired fractional accuracy:   0.10000000000000001     
Enter 0 for fixed, 2 for adjustable grid: 
Suppress amplitude (0 no, 1 yes)? 
 Using suppressed amplitude.
Exact helicity sum (0 yes, n = number/event)? 
 Explicitly summing over helicities
Enter Configuration Number: 
Running Configuration Number:   16
 Not subdividing B.W.
 Attempting mappinvarients           1           6
 Determine nb_t
 T-channel found:            2
 Completed mapping           6
 about to integrate           10        1000           7           3          10           1
 Using non-zero grid deformation.
 10 dimensions   1000 events 10 invarients  7 iterations  1 config(s),  (0.99)
 Using h-tuple random number sequence.
 Error opening grid
 Using Uniform Grid!          24
 Using uniform alpha   1.0000000000000000     
 Grid defined OK
 Masses: 0.000E+00 0.000E+00 0.000E+00 0.000E+00 0.000E+00 0.000E+00
 Set CM energy to      14000.00
 Mapping Graph          16  to config          16
 Determine nb_t
 T-channel found:            2
Setting grid   1    0.45918E-05   1
Setting grid   2    0.45918E-05   1
Setting grid   3    0.45918E-05   1
 Transforming s_hat 1/s            9   3.1887755102040819E-004   62500.000000000000        195999999.99999997     
 Got moffset           1
Using random seed offsets    16 :      9
  with seed                  354
 Ranmar initialization seeds       12210       12907
 
 ********************************************
 * You are using the DiscreteSampler module *
 *      part of the MG5_aMC framework       *
 *         Author: Valentin Hirschi         *
 ********************************************
 
  Particle       3       4       5       6
      Et >    30.0    30.0    30.0    30.0
       E >     0.0     0.0     0.0     0.0
     Eta <     5.0     5.0     5.0     5.0
   xqcut:     30.0    30.0    30.0    30.0
d R # 3  >    -0.0     0.0     0.0     0.0
d R # 4  >    -0.0    -0.0     0.0     0.0
d R # 5  >    -0.0    -0.0    -0.0     0.0
s min # 3>     0.0   900.0   900.0   900.0
s min # 4>     0.0     0.0   900.0   900.0
s min # 5>     0.0     0.0     0.0   900.0
xqcutij # 3>     0.0    30.0    30.0    30.0
xqcutij # 4>    30.0     0.0    30.0    30.0
xqcutij # 5>    30.0    30.0     0.0    30.0
 alpha_s for scale    210.81299708534601       is   0.11409237763806789     
 RESET CUMULATIVE VARIABLE
 Iteration  1   Mean: 0.2584E+04 Abs mean: 0.2584E+04   Fluctuation:  0.435E+03   0.234E+06     9.1%
  1    0.2584E+04 0.2584E+04 +- 0.4348E+03      5.32
 Writing out events   4.0744439494351052        5.3196789398184361     
 Relative summed weights:
  0.3160E-01  0.0000E+00  0.0000E+00  0.0000E+00  0.5357E-03  0.0000E+00  0.0000E+00  0.0000E+00  0.0000E+00  0.0000E+00  0.0000E+00  0.0000E+00  0.0000E+00  0.0000E+00
  0.8116E-01  0.0000E+00  0.1867E-01  0.4949E-01  0.7998E-01  0.0000E+00  0.1723E+00  0.2164E-01  0.0000E+00  0.0000E+00  0.1210E+00  0.3851E-01  0.1483E-01  0.1273E-01
  0.1762E-01  0.0000E+00  0.0000E+00  0.0000E+00  0.5802E-03  0.0000E+00  0.0000E+00  0.0000E+00  0.0000E+00  0.0000E+00  0.0000E+00  0.0000E+00  0.0000E+00  0.0000E+00
  0.4643E-01  0.0000E+00  0.9381E-02  0.2989E-01  0.2108E-03  0.0000E+00  0.7753E-01  0.6315E-01  0.0000E+00  0.0000E+00  0.4153E-01  0.6463E-01  0.1535E-03  0.6430E-02
 Relative number of events:
  0.6938E-01  0.0000E+00  0.0000E+00  0.0000E+00  0.3964E-02  0.0000E+00  0.0000E+00  0.0000E+00  0.0000E+00  0.0000E+00  0.0000E+00  0.0000E+00  0.0000E+00  0.0000E+00
  0.6838E-01  0.0000E+00  0.3271E-01  0.2874E-01  0.3964E-02  0.0000E+00  0.8821E-01  0.7532E-01  0.0000E+00  0.0000E+00  0.6145E-01  0.5946E-01  0.1189E-01  0.1784E-01
  0.6244E-01  0.0000E+00  0.0000E+00  0.0000E+00  0.9911E-03  0.0000E+00  0.0000E+00  0.0000E+00  0.0000E+00  0.0000E+00  0.0000E+00  0.0000E+00  0.0000E+00  0.0000E+00
  0.6046E-01  0.0000E+00  0.2379E-01  0.2676E-01  0.2973E-02  0.0000E+00  0.7037E-01  0.8028E-01  0.0000E+00  0.0000E+00  0.6739E-01  0.6541E-01  0.4955E-02  0.1288E-01
 Events:
          70           0           0           0           4           0           0           0           0           0           0           0           0           0
          69           0          33          29           4           0          89          76           0           0          62          60          12          18
          63           0           0           0           1           0           0           0           0           0           0           0           0           0
          61           0          24          27           3           0          71          81           0           0          68          66           5          13
 Iteration  2   Mean: 0.3356E+04 Abs mean: 0.3356E+04   Fluctuation:  0.611E+03   0.696E+06    15.5%
  2    0.3356E+04 0.3356E+04 +- 0.6108E+03      8.14
 Relative summed weights:
  0.4081E-01  0.0000E+00  0.0000E+00  0.0000E+00  0.9685E-04  0.0000E+00  0.0000E+00  0.0000E+00  0.0000E+00  0.0000E+00  0.0000E+00  0.0000E+00  0.0000E+00  0.0000E+00
  0.1287E+00  0.0000E+00  0.7310E-01  0.1799E-01  0.3988E-02  0.0000E+00  0.2962E-01  0.3917E-01  0.0000E+00  0.0000E+00  0.6312E-01  0.7213E-01  0.6945E-02  0.1346E-02
  0.6267E-01  0.0000E+00  0.0000E+00  0.0000E+00  0.6450E-03  0.0000E+00  0.0000E+00  0.0000E+00  0.0000E+00  0.0000E+00  0.0000E+00  0.0000E+00  0.0000E+00  0.0000E+00
  0.1806E+00  0.0000E+00  0.4601E-02  0.3411E-01  0.2864E-02  0.0000E+00  0.5096E-01  0.3038E-01  0.0000E+00  0.0000E+00  0.9196E-01  0.6035E-01  0.1232E-02  0.2560E-02
 Relative number of events:
  0.6800E-01  0.0000E+00  0.0000E+00  0.0000E+00  0.2000E-02  0.0000E+00  0.0000E+00  0.0000E+00  0.0000E+00  0.0000E+00  0.0000E+00  0.0000E+00  0.0000E+00  0.0000E+00
  0.6150E-01  0.0000E+00  0.3150E-01  0.2650E-01  0.4000E-02  0.0000E+00  0.8100E-01  0.7800E-01  0.0000E+00  0.0000E+00  0.7400E-01  0.6950E-01  0.1100E-01  0.9000E-02
  0.5350E-01  0.0000E+00  0.0000E+00  0.0000E+00  0.4000E-02  0.0000E+00  0.0000E+00  0.0000E+00  0.0000E+00  0.0000E+00  0.0000E+00  0.0000E+00  0.0000E+00  0.0000E+00
  0.5750E-01  0.0000E+00  0.2300E-01  0.2250E-01  0.3500E-02  0.0000E+00  0.7000E-01  0.8950E-01  0.0000E+00  0.0000E+00  0.6450E-01  0.7600E-01  0.1050E-01  0.9500E-02
 Events:
         136           0           0           0           4           0           0           0           0           0           0           0           0           0
         123           0          63          53           8           0         162         156           0           0         148         139          22          18
         107           0           0           0           8           0           0           0           0           0           0           0           0           0
         115           0          46          45           7           0         140         179           0           0         129         152          21          19
 Iteration  3   Mean: 0.5571E+04 Abs mean: 0.5571E+04   Fluctuation:  0.615E+03   0.901E+06    17.7%
  3    0.5571E+04 0.5571E+04 +- 0.6147E+03      6.98
 Relative summed weights:
  0.7546E-01  0.0000E+00  0.0000E+00  0.0000E+00  0.2372E-01  0.0000E+00  0.0000E+00  0.0000E+00  0.0000E+00  0.0000E+00  0.0000E+00  0.0000E+00  0.0000E+00  0.0000E+00
  0.4147E-01  0.0000E+00  0.3249E-01  0.1354E-01  0.9256E-03  0.0000E+00  0.8697E-01  0.6880E-01  0.0000E+00  0.0000E+00  0.9630E-01  0.2942E-01  0.9747E-02  0.3242E-02
  0.4825E-01  0.0000E+00  0.0000E+00  0.0000E+00  0.1182E-02  0.0000E+00  0.0000E+00  0.0000E+00  0.0000E+00  0.0000E+00  0.0000E+00  0.0000E+00  0.0000E+00  0.0000E+00
  0.6619E-01  0.0000E+00  0.6217E-01  0.1073E-01  0.2124E-02  0.0000E+00  0.9039E-01  0.1075E+00  0.0000E+00  0.0000E+00  0.5250E-01  0.6610E-01  0.6097E-02  0.4695E-02
 Relative number of events:
  0.5875E-01  0.0000E+00  0.0000E+00  0.0000E+00  0.2750E-02  0.0000E+00  0.0000E+00  0.0000E+00  0.0000E+00  0.0000E+00  0.0000E+00  0.0000E+00  0.0000E+00  0.0000E+00
  0.5575E-01  0.0000E+00  0.2750E-01  0.3125E-01  0.3250E-02  0.0000E+00  0.7975E-01  0.8250E-01  0.0000E+00  0.0000E+00  0.7325E-01  0.7025E-01  0.9000E-02  0.8250E-02
  0.5025E-01  0.0000E+00  0.0000E+00  0.0000E+00  0.3000E-02  0.0000E+00  0.0000E+00  0.0000E+00  0.0000E+00  0.0000E+00  0.0000E+00  0.0000E+00  0.0000E+00  0.0000E+00
  0.5750E-01  0.0000E+00  0.2700E-01  0.2825E-01  0.4500E-02  0.0000E+00  0.8325E-01  0.8375E-01  0.0000E+00  0.0000E+00  0.6450E-01  0.7675E-01  0.8750E-02  0.1025E-01
 Events:
         235           0           0           0          11           0           0           0           0           0           0           0           0           0
         223           0         110         125          13           0         319         330           0           0         293         281          36          33
         201           0           0           0          12           0           0           0           0           0           0           0           0           0
         230           0         108         113          18           0         333         335           0           0         258         307          35          41
 Accuracy:    0.214   0.100   0.082   6.757
 Found          809  events.
 Wrote           26  events.
 Actual xsec    4403.3967947341889     
 Correct abs xsec    4403.3967947341889     
 Event xsec    4403.3967947341889     
 Events wgts > 1:            3
 % Cross section > 1:    22.513763535156869       0.51128173509323527     
 Iteration  4   Mean: 0.6450E+04 Abs mean: 0.6450E+04   Fluctuation:  0.470E+03   0.129E+07    20.5%
  4    0.6450E+04 0.6450E+04 +- 0.4705E+03      6.52
 Relative summed weights:
  0.7096E-01  0.0000E+00  0.0000E+00  0.0000E+00  0.1063E-02  0.0000E+00  0.0000E+00  0.0000E+00  0.0000E+00  0.0000E+00  0.0000E+00  0.0000E+00  0.0000E+00  0.0000E+00
  0.8303E-01  0.0000E+00  0.1989E-01  0.2281E-01  0.6311E-02  0.0000E+00  0.4868E-01  0.8992E-01  0.0000E+00  0.0000E+00  0.8277E-01  0.6131E-01  0.5621E-02  0.1884E-02
  0.4674E-01  0.0000E+00  0.0000E+00  0.0000E+00  0.1199E-02  0.0000E+00  0.0000E+00  0.0000E+00  0.0000E+00  0.0000E+00  0.0000E+00  0.0000E+00  0.0000E+00  0.0000E+00
  0.7022E-01  0.0000E+00  0.4812E-01  0.3026E-01  0.4439E-02  0.0000E+00  0.8016E-01  0.7627E-01  0.0000E+00  0.0000E+00  0.7769E-01  0.5563E-01  0.8482E-02  0.6531E-02
 Relative number of events:
  0.5763E-01  0.0000E+00  0.0000E+00  0.0000E+00  0.4875E-02  0.0000E+00  0.0000E+00  0.0000E+00  0.0000E+00  0.0000E+00  0.0000E+00  0.0000E+00  0.0000E+00  0.0000E+00
  0.5575E-01  0.0000E+00  0.2937E-01  0.2875E-01  0.3000E-02  0.0000E+00  0.7975E-01  0.7850E-01  0.0000E+00  0.0000E+00  0.7450E-01  0.6913E-01  0.9625E-02  0.8250E-02
  0.5788E-01  0.0000E+00  0.0000E+00  0.0000E+00  0.3875E-02  0.0000E+00  0.0000E+00  0.0000E+00  0.0000E+00  0.0000E+00  0.0000E+00  0.0000E+00  0.0000E+00  0.0000E+00
  0.5588E-01  0.0000E+00  0.2975E-01  0.3125E-01  0.3375E-02  0.0000E+00  0.8350E-01  0.8700E-01  0.0000E+00  0.0000E+00  0.7025E-01  0.6112E-01  0.8875E-02  0.8125E-02
 Events:
         461           0           0           0          39           0           0           0           0           0           0           0           0           0
         446           0         235         230          24           0         638         628           0           0         596         553          77          66
         463           0           0           0          31           0           0           0           0           0           0           0           0           0
         447           0         238         250          27           0         668         696           0           0         562         489          71          65
 Accuracy:    0.140   0.100   0.055   6.585
 Found         1356  events.
 Wrote           47  events.
 Actual xsec    5898.5567930363750     
 Correct abs xsec    5898.5567930363750     
 Event xsec    5898.5567930363823     
 Events wgts > 1:            5
 % Cross section > 1:    61.946428987461360        1.0501963643139458     
 Iteration  5   Mean: 0.7747E+04 Abs mean: 0.7747E+04   Fluctuation:  0.642E+03   0.757E+07    22.5%
  5    0.7747E+04 0.7747E+04 +- 0.6421E+03     10.48
 Relative summed weights:
  0.6196E-01  0.0000E+00  0.0000E+00  0.0000E+00  0.1140E-02  0.0000E+00  0.0000E+00  0.0000E+00  0.0000E+00  0.0000E+00  0.0000E+00  0.0000E+00  0.0000E+00  0.0000E+00
  0.4977E-01  0.0000E+00  0.3915E-01  0.3708E-01  0.1373E-02  0.0000E+00  0.7179E-01  0.8438E-01  0.0000E+00  0.0000E+00  0.7783E-01  0.6129E-01  0.5217E-02  0.7774E-02
  0.5109E-01  0.0000E+00  0.0000E+00  0.0000E+00  0.3302E-02  0.0000E+00  0.0000E+00  0.0000E+00  0.0000E+00  0.0000E+00  0.0000E+00  0.0000E+00  0.0000E+00  0.0000E+00
  0.7800E-01  0.0000E+00  0.2394E-01  0.1944E-01  0.1892E-02  0.0000E+00  0.1244E+00  0.6701E-01  0.0000E+00  0.0000E+00  0.6200E-01  0.5704E-01  0.4619E-02  0.8531E-02
 Relative number of events:
  0.5825E-01  0.0000E+00  0.0000E+00  0.0000E+00  0.3375E-02  0.0000E+00  0.0000E+00  0.0000E+00  0.0000E+00  0.0000E+00  0.0000E+00  0.0000E+00  0.0000E+00  0.0000E+00
  0.5738E-01  0.0000E+00  0.3250E-01  0.3062E-01  0.3500E-02  0.0000E+00  0.8263E-01  0.7731E-01  0.0000E+00  0.0000E+00  0.6925E-01  0.6756E-01  0.8688E-02  0.9062E-02
  0.5825E-01  0.0000E+00  0.0000E+00  0.0000E+00  0.4562E-02  0.0000E+00  0.0000E+00  0.0000E+00  0.0000E+00  0.0000E+00  0.0000E+00  0.0000E+00  0.0000E+00  0.0000E+00
  0.5431E-01  0.0000E+00  0.3219E-01  0.3081E-01  0.4437E-02  0.0000E+00  0.8050E-01  0.7787E-01  0.0000E+00  0.0000E+00  0.6781E-01  0.6894E-01  0.8688E-02  0.1150E-01
 Events:
         932           0           0           0          54           0           0           0           0           0           0           0           0           0
         918           0         520         490          56           0        1322        1237           0           0        1108        1081         139         145
         932           0           0           0          73           0           0           0           0           0           0           0           0           0
         869           0         515         493          71           0        1288        1246           0           0        1085        1103         139         184
 Accuracy:    0.122   0.100   0.046   7.112
 Found         2941  events.
 Wrote           24  events.
 Actual xsec    6730.4236596757701     
 Correct abs xsec    6730.4236596757701     
 Event xsec    6730.4236596757701     
 Events wgts > 1:            1
 % Cross section > 1:    1.2437254554242827E-005   1.8479155522940699E-007
 Iteration  6   Mean: 0.7517E+04 Abs mean: 0.7517E+04   Fluctuation:  0.220E+03   0.210E+07    25.2%
  6    0.7517E+04 0.7517E+04 +- 0.2196E+03      5.23
 Relative summed weights:
  0.5521E-01  0.0000E+00  0.0000E+00  0.0000E+00  0.2240E-02  0.0000E+00  0.0000E+00  0.0000E+00  0.0000E+00  0.0000E+00  0.0000E+00  0.0000E+00  0.0000E+00  0.0000E+00
  0.6057E-01  0.0000E+00  0.2788E-01  0.2264E-01  0.1907E-02  0.0000E+00  0.9361E-01  0.8520E-01  0.0000E+00  0.0000E+00  0.6893E-01  0.6434E-01  0.6165E-02  0.6055E-02
  0.6143E-01  0.0000E+00  0.0000E+00  0.0000E+00  0.1898E-02  0.0000E+00  0.0000E+00  0.0000E+00  0.0000E+00  0.0000E+00  0.0000E+00  0.0000E+00  0.0000E+00  0.0000E+00
  0.5666E-01  0.0000E+00  0.2958E-01  0.3040E-01  0.3956E-02  0.0000E+00  0.9039E-01  0.8114E-01  0.0000E+00  0.0000E+00  0.5902E-01  0.7124E-01  0.7035E-02  0.1250E-01
 Relative number of events:
  0.5941E-01  0.0000E+00  0.0000E+00  0.0000E+00  0.3469E-02  0.0000E+00  0.0000E+00  0.0000E+00  0.0000E+00  0.0000E+00  0.0000E+00  0.0000E+00  0.0000E+00  0.0000E+00
  0.5959E-01  0.0000E+00  0.3231E-01  0.3034E-01  0.3375E-02  0.0000E+00  0.7975E-01  0.7959E-01  0.0000E+00  0.0000E+00  0.6697E-01  0.6663E-01  0.8906E-02  0.9094E-02
  0.5706E-01  0.0000E+00  0.0000E+00  0.0000E+00  0.3938E-02  0.0000E+00  0.0000E+00  0.0000E+00  0.0000E+00  0.0000E+00  0.0000E+00  0.0000E+00  0.0000E+00  0.0000E+00
  0.5722E-01  0.0000E+00  0.3131E-01  0.3041E-01  0.3625E-02  0.0000E+00  0.8150E-01  0.8103E-01  0.0000E+00  0.0000E+00  0.6775E-01  0.6709E-01  0.9469E-02  0.1016E-01
 Events:
        1901           0           0           0         111           0           0           0           0           0           0           0           0           0
        1907           0        1034         971         108           0        2552        2547           0           0        2143        2132         285         291
        1826           0           0           0         126           0           0           0           0           0           0           0           0           0
        1831           0        1002         973         116           0        2608        2593           0           0        2168        2147         303         325
 Accuracy:    0.063   0.100   0.025   6.585
 Finished due to accuracy    6.3125281111183831E-002  0.10000000000000001     

 -------------------------------------------------------------------------------
 Accumulated results:   Integral =  0.7138E+04
                        Std dev  =  0.1756E+03
                       Cross sec =  0.7138E+04
             Chi**2 per DoF.     =      6.5846
 -------------------------------------------------------------------------------
 Found         6023  events.
 Wrote          185  events.
 Actual xsec    7405.9359473583618     
 Correct abs xsec    7405.9359473583618     
 Event xsec    7405.9359473583881     
 Events wgts > 1:            8
 % Cross section > 1:    72.163634905422384       0.97440263348702494     
-------------------------------------------------
---------------------------
 Results Last   3 iters: Integral =   0.7406E+04
                     Abs integral =   0.7406E+04
                          Std dev =   0.1909E+03
                  Chi**2 per DoF. =      2.3322
-------------------------------------------------
---------------------------
 Status  0.10000000000000001                7           7

ls status:
events.lhe
ftn26
input_app.txt
input_sg.txt
moffset.dat
results.dat
run1_app.log
