 Process in group number            0
 A PDF is used, so alpha_s(MZ) is going to be modified
 Old value of alpha_s from param_card:   0.13000000000000003     
  ****************************************
 
       NNPDFDriver version 1.0.3
   Grid: NNPDF23_lo_as_0130_qed_mem0.grid
  ****************************************
 New value of alpha_s from PDF nn23lo1:  0.13000000000000000     
 Warning! ptj set to xqcut=   30.000000000000000       to improve integration efficiency
 Note that this might affect non-radiated jets,
 e.g. from decays. Use cut_decays=F in run_card.
 Warning! mmjj set to xqcut=   30.000000000000000       to improve integration efficiency
 Note that this might affect non-radiated jets,
 e.g. from decays. Use cut_decays=F in run_card.
 Define smin to   62500.000000000000     
 Define smin to   62500.000000000000     
 *****************************************************
 *               MadGraph/MadEvent                   *
 *        --------------------------------           *
 *          http://madgraph.hep.uiuc.edu             *
 *          http://madgraph.phys.ucl.ac.be           *
 *          http://madgraph.roma2.infn.it            *
 *        --------------------------------           *
 *                                                   *
 *          PARAMETER AND COUPLING VALUES            *
 *                                                   *
 *****************************************************

  External Params
  ---------------------------------
  
 aEWM1 =    132.50700000000001     
 mdl_Gf =    1.1663900000000000E-005
 aS =   0.13000000000000003     
 mdl_lamWS =   0.22530000000000000     
 mdl_AWS =   0.80800000000000005     
 mdl_rhoWS =   0.13200000000000001     
 mdl_etaWS =   0.34100000000000003     
 mdl_ymb =    4.7000000000000002     
 mdl_ymt =    173.00000000000000     
 mdl_ymtau =    1.7769999999999999     
 mdl_MZ =    91.188000000000002     
 mdl_MT =    173.00000000000000     
 mdl_MB =    4.7000000000000002     
 mdl_MH =    125.00000000000000     
 mdl_MTA =    1.7769999999999999     
 mdl_WZ =    2.4414039999999999     
 mdl_WW =    2.0476000000000001     
 mdl_WT =    1.4915000000000000     
 mdl_WH =    6.3823389999999999E-003
  Internal Params
  ---------------------------------
  
 mdl_conjg__CKM3x3 =    1.0000000000000000     
 mdl_CKM3x3 =    1.0000000000000000     
 mdl_lamWS__exp__2 =    5.0760090000000001E-002
 mdl_CKM1x1 =               (0.97461995499999998,0.0000000000000000)
 mdl_CKM1x2 =               (0.22530000000000000,0.0000000000000000)
 mdl_complexi =                (0.0000000000000000,1.0000000000000000)
 mdl_lamWS__exp__3 =    1.1436248277000001E-002
 mdl_CKM1x3 =   (1.21974449623171223E-003,-3.15100661526525631E-003)
 mdl_CKM2x1 =              (-0.22530000000000000,0.0000000000000000)
 mdl_CKM2x2 =               (0.97461995499999998,0.0000000000000000)
 mdl_CKM2x3 =          (4.10141527200000022E-002,0.0000000000000000)
 mdl_CKM3x1 =   (8.02074411158428847E-003,-3.15100661526525631E-003)
 mdl_CKM3x2 =         (-4.10141527200000022E-002,0.0000000000000000)
 mdl_MZ__exp__2 =    8315.2513440000002     
 mdl_MZ__exp__4 =    69143404.913893804     
 mdl_sqrt__2 =    1.4142135623730951     
 mdl_MH__exp__2 =    15625.000000000000     
 mdl_conjg__CKM1x3 =    (1.21974449623171223E-003,3.15100661526525631E-003)
 mdl_conjg__CKM2x3 =         (4.10141527200000022E-002,-0.0000000000000000)
 mdl_conjg__CKM2x1 =             (-0.22530000000000000,-0.0000000000000000)
 mdl_conjg__CKM3x1 =    (8.02074411158428847E-003,3.15100661526525631E-003)
 mdl_conjg__CKM2x2 =              (0.97461995499999998,-0.0000000000000000)
 mdl_conjg__CKM3x2 =        (-4.10141527200000022E-002,-0.0000000000000000)
 mdl_conjg__CKM1x1 =              (0.97461995499999998,-0.0000000000000000)
 mdl_conjg__CKM1x2 =              (0.22530000000000000,-0.0000000000000000)
 mdl_aEW =    7.5467711139788835E-003
 mdl_MW =    80.419002445756163     
 mdl_sqrt__aEW =    8.6872153846781555E-002
 mdl_ee =   0.30795376724436879     
 mdl_MW__exp__2 =    6467.2159543705357     
 mdl_sw2 =   0.22224648578577766     
 mdl_cw =   0.88190334743339216     
 mdl_sqrt__sw2 =   0.47143025548407230     
 mdl_sw =   0.47143025548407230     
 mdl_g1 =   0.34919219678733299     
 mdl_gw =   0.65323293034757990     
 mdl_vev =    246.21845810181637     
 mdl_vev__exp__2 =    60623.529110035903     
 mdl_lam =   0.12886910601690263     
 mdl_yb =    2.6995554250465490E-002
 mdl_yt =   0.99366614581500623     
 mdl_ytau =    1.0206617000654717E-002
 mdl_muH =    88.388347648318430     
 mdl_I1x31 =    (3.29276787197298852E-005,8.50631700259688717E-005)
 mdl_I1x32 =          (1.10719978478963682E-003,0.0000000000000000)
 mdl_I1x33 =          (2.69955542504654901E-002,0.0000000000000000)
 mdl_I2x13 =    (7.96994188792636560E-003,3.13104859882821530E-003)
 mdl_I2x23 =        (-4.07543750571504534E-002,-0.0000000000000000)
 mdl_I2x33 =               (0.99366614581500623,0.0000000000000000)
 mdl_I3x31 =   (7.96994188792636560E-003,-3.13104859882821530E-003)
 mdl_I3x32 =         (-4.07543750571504534E-002,0.0000000000000000)
 mdl_I3x33 =               (0.99366614581500623,0.0000000000000000)
 mdl_I4x13 =   (3.29276787197298852E-005,-8.50631700259688717E-005)
 mdl_I4x23 =          (1.10719978478963682E-003,0.0000000000000000)
 mdl_I4x33 =          (2.69955542504654901E-002,0.0000000000000000)
 mdl_ee__exp__2 =    9.4835522759998875E-002
 mdl_sw__exp__2 =   0.22224648578577769     
 mdl_cw__exp__2 =   0.77775351421422245     
  Internal Params evaluated point by point
  ----------------------------------------
  
 mdl_sqrt__aS =   0.36055512754639896     
 mdl_G__exp__2 =    1.6336281798666927     
  Couplings of sm-ckm
  ---------------------------------
  
        GC_10 =  -0.12781E+01   0.00000E+00
        GC_11 =   0.00000E+00   0.12781E+01
        GC_12 =   0.00000E+00   0.16336E+01

 Collider parameters:
 --------------------

 Running at P P   machine @    14000.000000000000       GeV
 PDF set = nn23lo1
 alpha_s(Mz)= 0.1300 running at 2 loops.
 alpha_s(Mz)= 0.1300 running at 2 loops.
 Renormalization scale set on event-by-event basis
 Factorization   scale set on event-by-event basis


 getting user params
Enter number of events and max and min iterations: 
 Number of events and iterations         1000           5           3
Enter desired fractional accuracy: 
 Desired fractional accuracy:   0.10000000000000001     
Enter 0 for fixed, 2 for adjustable grid: 
Suppress amplitude (0 no, 1 yes)? 
 Using suppressed amplitude.
Exact helicity sum (0 yes, n = number/event)? 
 Explicitly summing over helicities
Enter Configuration Number: 
Running Configuration Number:    5
 Not subdividing B.W.
 Attempting mappinvarients           1           6
 Determine nb_t
 T-channel found:            1
 Completed mapping           6
 about to integrate           10        1000           5           3          10           1
 Using non-zero grid deformation.
 10 dimensions   1000 events 10 invarients  5 iterations  1 config(s),  (0.99)
 Using h-tuple random number sequence.
 Error opening grid
 Using Uniform Grid!          24
 Using uniform alpha   1.0000000000000000     
 Grid defined OK
 Masses: 0.000E+00 0.000E+00 0.000E+00 0.000E+00 0.000E+00 0.000E+00
 Set CM energy to      14000.00
 Mapping Graph           5  to config           5
 Determine nb_t
 T-channel found:            1
Setting grid   1    0.45918E-05   1
Setting grid   2    0.45918E-05   1
Setting grid   3    0.45918E-05   1
 Transforming s_hat 1/s            9   3.1887755102040819E-004   62500.000000000000        195999999.99999997     
 Got moffset           1
Using random seed offsets     5 :      4
  with seed                  354
 Ranmar initialization seeds       12199       12902
 
 ********************************************
 * You are using the DiscreteSampler module *
 *      part of the MG5_aMC framework       *
 *         Author: Valentin Hirschi         *
 ********************************************
 
  Particle       3       4       5       6
      Et >    30.0    30.0    30.0    30.0
       E >     0.0     0.0     0.0     0.0
     Eta <     5.0     5.0     5.0     5.0
   xqcut:     30.0    30.0    30.0    30.0
d R # 3  >    -0.0     0.0     0.0     0.0
d R # 4  >    -0.0    -0.0     0.0     0.0
d R # 5  >    -0.0    -0.0    -0.0     0.0
s min # 3>     0.0   900.0   900.0   900.0
s min # 4>     0.0     0.0   900.0   900.0
s min # 5>     0.0     0.0     0.0   900.0
xqcutij # 3>     0.0    30.0    30.0    30.0
xqcutij # 4>    30.0     0.0    30.0    30.0
xqcutij # 5>    30.0    30.0     0.0    30.0
 alpha_s for scale    261.78701695839482       is   0.11060742698790810     
 RESET CUMULATIVE VARIABLE
 Iteration  1   Mean: 0.1317E+05 Abs mean: 0.1317E+05   Fluctuation:  0.245E+04   0.148E+07    12.0%
  1    0.1317E+05 0.1317E+05 +- 0.2453E+04      5.89
 Writing out events   21.995525756577994        5.8925461633401603     
 Relative summed weights:
  0.3454E-01  0.8228E-01  0.1666E-02  0.3635E-01
  0.7151E-01  0.2288E-01  0.6748E-02  0.5113E-02
  0.1402E+00  0.2510E-01  0.8881E-02  0.1615E-01
  0.1059E+00  0.2504E-01  0.6927E-02  0.2807E-01
  0.1546E+00  0.6844E-01  0.1613E-01  0.6103E-02
  0.3327E-01  0.9728E-01  0.1832E-02  0.5051E-02
 Relative number of events:
  0.6145E-01  0.5055E-01  0.2180E-01  0.9911E-02
  0.7136E-01  0.5847E-01  0.2676E-01  0.1982E-01
  0.7631E-01  0.6244E-01  0.1883E-01  0.2577E-01
  0.7037E-01  0.6145E-01  0.1586E-01  0.1586E-01
  0.5748E-01  0.5847E-01  0.2775E-01  0.1487E-01
  0.6739E-01  0.6640E-01  0.2279E-01  0.1784E-01
 Events:
          62          51          22          10
          72          59          27          20
          77          63          19          26
          71          62          16          16
          58          59          28          15
          68          67          23          18
 Iteration  2   Mean: 0.1349E+05 Abs mean: 0.1349E+05   Fluctuation:  0.924E+03   0.651E+06    18.2%
  2    0.1349E+05 0.1349E+05 +- 0.9239E+03      3.06
 Relative summed weights:
  0.6681E-01  0.6131E-01  0.1374E-01  0.9239E-02
  0.5900E-01  0.5326E-01  0.8468E-02  0.9982E-02
  0.5459E-01  0.8481E-01  0.1441E-01  0.1907E-01
  0.6355E-01  0.5862E-01  0.1685E-01  0.1966E-01
  0.7586E-01  0.8342E-01  0.1514E-01  0.2471E-01
  0.6737E-01  0.6715E-01  0.3128E-01  0.2168E-01
 Relative number of events:
  0.5700E-01  0.5800E-01  0.2050E-01  0.1900E-01
  0.6400E-01  0.6400E-01  0.1400E-01  0.1950E-01
  0.6050E-01  0.6550E-01  0.1500E-01  0.2450E-01
  0.5750E-01  0.6150E-01  0.2550E-01  0.2200E-01
  0.7100E-01  0.6700E-01  0.2400E-01  0.1650E-01
  0.6750E-01  0.6550E-01  0.1600E-01  0.2450E-01
 Events:
         114         116          41          38
         128         128          28          39
         121         131          30          49
         115         123          51          44
         142         134          48          33
         135         131          32          49
 Iteration  3   Mean: 0.1570E+05 Abs mean: 0.1570E+05   Fluctuation:  0.145E+04   0.507E+07    17.9%
  3    0.1570E+05 0.1570E+05 +- 0.1451E+04      5.84
 Relative summed weights:
  0.6162E-01  0.1457E+00  0.1223E-01  0.1114E-01
  0.6262E-01  0.5013E-01  0.1443E-01  0.1610E-01
  0.5527E-01  0.5999E-01  0.1152E-01  0.2687E-01
  0.5480E-01  0.5164E-01  0.1085E-01  0.1383E-01
  0.5938E-01  0.7939E-01  0.1129E-01  0.1547E-01
  0.7290E-01  0.7469E-01  0.1163E-01  0.1653E-01
 Relative number of events:
  0.6150E-01  0.6750E-01  0.2000E-01  0.1875E-01
  0.6475E-01  0.5850E-01  0.2350E-01  0.1650E-01
  0.5925E-01  0.6425E-01  0.2025E-01  0.2000E-01
  0.6575E-01  0.6350E-01  0.1575E-01  0.1825E-01
  0.6400E-01  0.6600E-01  0.1975E-01  0.2100E-01
  0.7050E-01  0.6550E-01  0.1675E-01  0.1850E-01
 Events:
         246         270          80          75
         259         234          94          66
         237         257          81          80
         263         254          63          73
         256         264          79          84
         282         262          67          74
 Accuracy:    0.053   0.100   0.053   0.998
 Finished due to accuracy    5.2712555658362997E-002  0.10000000000000001     

 -------------------------------------------------------------------------------
 Accumulated results:   Integral =  0.1419E+05
                        Std dev  =  0.7485E+03
                       Cross sec =  0.1419E+05
             Chi**2 per DoF.     =      0.9983
 -------------------------------------------------------------------------------
 Found         1312  events.
 Wrote           13  events.
 Actual xsec    14188.168807488628     
 Correct abs xsec    14188.168807488628     
 Event xsec    14188.168807488628     
 Events wgts > 1:            1
 % Cross section > 1:    4.8568827651251922E-005   3.4231921194521530E-007
-------------------------------------------------
---------------------------
 Results Last   3 iters: Integral =   0.1419E+05
                     Abs integral =   0.1419E+05
                          Std dev =   0.7485E+03
                  Chi**2 per DoF. =      0.9146
-------------------------------------------------
---------------------------
 Status  0.10000000000000001                4           5

ls status:
events.lhe
ftn26
input_app.txt
input_sg.txt
moffset.dat
results.dat
run1_app.log
