 Process in group number            0
 A PDF is used, so alpha_s(MZ) is going to be modified
 Old value of alpha_s from param_card:   0.13000000000000003     
  ****************************************
 
       NNPDFDriver version 1.0.3
   Grid: NNPDF23_lo_as_0130_qed_mem0.grid
  ****************************************
 New value of alpha_s from PDF nn23lo1:  0.13000000000000000     
 Warning! ptj set to xqcut=   30.000000000000000       to improve integration efficiency
 Note that this might affect non-radiated jets,
 e.g. from decays. Use cut_decays=F in run_card.
 Warning! mmjj set to xqcut=   30.000000000000000       to improve integration efficiency
 Note that this might affect non-radiated jets,
 e.g. from decays. Use cut_decays=F in run_card.
 Define smin to   62500.000000000000     
 Define smin to   62500.000000000000     
 Define smin to   62500.000000000000     
 Define smin to   62500.000000000000     
 *****************************************************
 *               MadGraph/MadEvent                   *
 *        --------------------------------           *
 *          http://madgraph.hep.uiuc.edu             *
 *          http://madgraph.phys.ucl.ac.be           *
 *          http://madgraph.roma2.infn.it            *
 *        --------------------------------           *
 *                                                   *
 *          PARAMETER AND COUPLING VALUES            *
 *                                                   *
 *****************************************************

  External Params
  ---------------------------------
  
 aEWM1 =    132.50700000000001     
 mdl_Gf =    1.1663900000000000E-005
 aS =   0.13000000000000003     
 mdl_lamWS =   0.22530000000000000     
 mdl_AWS =   0.80800000000000005     
 mdl_rhoWS =   0.13200000000000001     
 mdl_etaWS =   0.34100000000000003     
 mdl_ymb =    4.7000000000000002     
 mdl_ymt =    173.00000000000000     
 mdl_ymtau =    1.7769999999999999     
 mdl_MZ =    91.188000000000002     
 mdl_MT =    173.00000000000000     
 mdl_MB =    4.7000000000000002     
 mdl_MH =    125.00000000000000     
 mdl_MTA =    1.7769999999999999     
 mdl_WZ =    2.4414039999999999     
 mdl_WW =    2.0476000000000001     
 mdl_WT =    1.4915000000000000     
 mdl_WH =    6.3823389999999999E-003
  Internal Params
  ---------------------------------
  
 mdl_conjg__CKM3x3 =    1.0000000000000000     
 mdl_CKM3x3 =    1.0000000000000000     
 mdl_lamWS__exp__2 =    5.0760090000000001E-002
 mdl_CKM1x1 =               (0.97461995499999998,0.0000000000000000)
 mdl_CKM1x2 =               (0.22530000000000000,0.0000000000000000)
 mdl_complexi =                (0.0000000000000000,1.0000000000000000)
 mdl_lamWS__exp__3 =    1.1436248277000001E-002
 mdl_CKM1x3 =   (1.21974449623171223E-003,-3.15100661526525631E-003)
 mdl_CKM2x1 =              (-0.22530000000000000,0.0000000000000000)
 mdl_CKM2x2 =               (0.97461995499999998,0.0000000000000000)
 mdl_CKM2x3 =          (4.10141527200000022E-002,0.0000000000000000)
 mdl_CKM3x1 =   (8.02074411158428847E-003,-3.15100661526525631E-003)
 mdl_CKM3x2 =         (-4.10141527200000022E-002,0.0000000000000000)
 mdl_MZ__exp__2 =    8315.2513440000002     
 mdl_MZ__exp__4 =    69143404.913893804     
 mdl_sqrt__2 =    1.4142135623730951     
 mdl_MH__exp__2 =    15625.000000000000     
 mdl_conjg__CKM1x3 =    (1.21974449623171223E-003,3.15100661526525631E-003)
 mdl_conjg__CKM2x3 =         (4.10141527200000022E-002,-0.0000000000000000)
 mdl_conjg__CKM2x1 =             (-0.22530000000000000,-0.0000000000000000)
 mdl_conjg__CKM3x1 =    (8.02074411158428847E-003,3.15100661526525631E-003)
 mdl_conjg__CKM2x2 =              (0.97461995499999998,-0.0000000000000000)
 mdl_conjg__CKM3x2 =        (-4.10141527200000022E-002,-0.0000000000000000)
 mdl_conjg__CKM1x1 =              (0.97461995499999998,-0.0000000000000000)
 mdl_conjg__CKM1x2 =              (0.22530000000000000,-0.0000000000000000)
 mdl_aEW =    7.5467711139788835E-003
 mdl_MW =    80.419002445756163     
 mdl_sqrt__aEW =    8.6872153846781555E-002
 mdl_ee =   0.30795376724436879     
 mdl_MW__exp__2 =    6467.2159543705357     
 mdl_sw2 =   0.22224648578577766     
 mdl_cw =   0.88190334743339216     
 mdl_sqrt__sw2 =   0.47143025548407230     
 mdl_sw =   0.47143025548407230     
 mdl_g1 =   0.34919219678733299     
 mdl_gw =   0.65323293034757990     
 mdl_vev =    246.21845810181637     
 mdl_vev__exp__2 =    60623.529110035903     
 mdl_lam =   0.12886910601690263     
 mdl_yb =    2.6995554250465490E-002
 mdl_yt =   0.99366614581500623     
 mdl_ytau =    1.0206617000654717E-002
 mdl_muH =    88.388347648318430     
 mdl_I1x31 =    (3.29276787197298852E-005,8.50631700259688717E-005)
 mdl_I1x32 =          (1.10719978478963682E-003,0.0000000000000000)
 mdl_I1x33 =          (2.69955542504654901E-002,0.0000000000000000)
 mdl_I2x13 =    (7.96994188792636560E-003,3.13104859882821530E-003)
 mdl_I2x23 =        (-4.07543750571504534E-002,-0.0000000000000000)
 mdl_I2x33 =               (0.99366614581500623,0.0000000000000000)
 mdl_I3x31 =   (7.96994188792636560E-003,-3.13104859882821530E-003)
 mdl_I3x32 =         (-4.07543750571504534E-002,0.0000000000000000)
 mdl_I3x33 =               (0.99366614581500623,0.0000000000000000)
 mdl_I4x13 =   (3.29276787197298852E-005,-8.50631700259688717E-005)
 mdl_I4x23 =          (1.10719978478963682E-003,0.0000000000000000)
 mdl_I4x33 =          (2.69955542504654901E-002,0.0000000000000000)
 mdl_ee__exp__2 =    9.4835522759998875E-002
 mdl_sw__exp__2 =   0.22224648578577769     
 mdl_cw__exp__2 =   0.77775351421422245     
  Internal Params evaluated point by point
  ----------------------------------------
  
 mdl_sqrt__aS =   0.36055512754639896     
 mdl_G__exp__2 =    1.6336281798666927     
  Couplings of sm-ckm
  ---------------------------------
  
        GC_10 =  -0.12781E+01   0.00000E+00
        GC_11 =   0.00000E+00   0.12781E+01
        GC_12 =   0.00000E+00   0.16336E+01

 Collider parameters:
 --------------------

 Running at P P   machine @    14000.000000000000       GeV
 PDF set = nn23lo1
 alpha_s(Mz)= 0.1300 running at 2 loops.
 alpha_s(Mz)= 0.1300 running at 2 loops.
 Renormalization scale set on event-by-event basis
 Factorization   scale set on event-by-event basis


 getting user params
Enter number of events and max and min iterations: 
 Number of events and iterations         1000           5           3
Enter desired fractional accuracy: 
 Desired fractional accuracy:   0.10000000000000001     
Enter 0 for fixed, 2 for adjustable grid: 
Suppress amplitude (0 no, 1 yes)? 
 Using suppressed amplitude.
Exact helicity sum (0 yes, n = number/event)? 
 Explicitly summing over helicities
Enter Configuration Number: 
Running Configuration Number:   52
 Not subdividing B.W.
 Attempting mappinvarients           1           6
 Determine nb_t
 T-channel found:            1
 Completed mapping           6
 about to integrate           10        1000           5           3          10           1
 Using non-zero grid deformation.
 10 dimensions   1000 events 10 invarients  5 iterations  1 config(s),  (0.99)
 Using h-tuple random number sequence.
 Error opening grid
 Using Uniform Grid!          24
 Using uniform alpha   1.0000000000000000     
 Grid defined OK
 Masses: 0.000E+00 0.000E+00 0.000E+00 0.000E+00 0.000E+00 0.000E+00
 Set CM energy to      14000.00
 Mapping Graph          52  to config          52
 Determine nb_t
 T-channel found:            1
Setting grid   1    0.45918E-05   1
Setting grid   2    0.45918E-05   1
Setting grid   3    0.45918E-05   1
 Transforming s_hat 1/s            9   3.1887755102040819E-004   62500.000000000000        195999999.99999997     
 Got moffset           1
Using random seed offsets    52 :      8
  with seed                  354
 Ranmar initialization seeds       12246       12906
 
 ********************************************
 * You are using the DiscreteSampler module *
 *      part of the MG5_aMC framework       *
 *         Author: Valentin Hirschi         *
 ********************************************
 
  Particle       3       4       5       6
      Et >    30.0    30.0    30.0    30.0
       E >     0.0     0.0     0.0     0.0
     Eta <     5.0     5.0     5.0     5.0
   xqcut:     30.0    30.0    30.0    30.0
d R # 3  >    -0.0     0.0     0.0     0.0
d R # 4  >    -0.0    -0.0     0.0     0.0
d R # 5  >    -0.0    -0.0    -0.0     0.0
s min # 3>     0.0   900.0   900.0   900.0
s min # 4>     0.0     0.0   900.0   900.0
s min # 5>     0.0     0.0     0.0   900.0
xqcutij # 3>     0.0    30.0    30.0    30.0
xqcutij # 4>    30.0     0.0    30.0    30.0
xqcutij # 5>    30.0    30.0     0.0    30.0
 alpha_s for scale    134.16838201222308       is   0.12213984442028186     
 RESET CUMULATIVE VARIABLE
 Iteration  1   Mean: 0.1427E+04 Abs mean: 0.1427E+04   Fluctuation:  0.152E+03   0.548E+05    12.5%
  1    0.1427E+04 0.1427E+04 +- 0.1516E+03      3.36
 Writing out events   2.2820671655289080        3.3588638700457434     
 Relative summed weights:
  0.2972E-01  0.5425E-01  0.3388E-03  0.2102E-01  0.0000E+00  0.0000E+00  0.3422E-01  0.4553E-01
  0.6216E-02  0.1618E-01  0.0000E+00  0.0000E+00  0.1129E+00  0.2061E+00  0.0000E+00  0.0000E+00
  0.9437E-02  0.3421E-01  0.0000E+00  0.0000E+00  0.9828E-01  0.1998E+00  0.0000E+00  0.0000E+00
  0.1744E-01  0.2604E-01  0.1334E-01  0.4116E-03  0.0000E+00  0.0000E+00  0.3314E-01  0.1874E-01
  0.0000E+00  0.0000E+00  0.1466E-01  0.7071E-02  0.0000E+00  0.0000E+00  0.0000E+00  0.0000E+00
  0.0000E+00  0.0000E+00  0.1505E-03  0.7540E-03  0.0000E+00  0.0000E+00  0.0000E+00  0.0000E+00
 Relative number of events:
  0.1784E-01  0.2874E-01  0.6938E-02  0.8920E-02  0.0000E+00  0.0000E+00  0.5550E-01  0.3667E-01
  0.1586E-01  0.2081E-01  0.0000E+00  0.0000E+00  0.1457E+00  0.1586E+00  0.0000E+00  0.0000E+00
  0.1685E-01  0.1883E-01  0.0000E+00  0.0000E+00  0.1229E+00  0.1397E+00  0.0000E+00  0.0000E+00
  0.2279E-01  0.2478E-01  0.1487E-01  0.3964E-02  0.0000E+00  0.0000E+00  0.5451E-01  0.5154E-01
  0.0000E+00  0.0000E+00  0.1189E-01  0.1090E-01  0.0000E+00  0.0000E+00  0.0000E+00  0.0000E+00
  0.0000E+00  0.0000E+00  0.4955E-02  0.5946E-02  0.0000E+00  0.0000E+00  0.0000E+00  0.0000E+00
 Events:
          18          29           7           9           0           0          56          37
          16          21           0           0         147         160           0           0
          17          19           0           0         124         141           0           0
          23          25          15           4           0           0          55          52
           0           0          12          11           0           0           0           0
           0           0           5           6           0           0           0           0
 Iteration  2   Mean: 0.1541E+04 Abs mean: 0.1541E+04   Fluctuation:  0.803E+02   0.351E+05    17.8%
  2    0.1541E+04 0.1541E+04 +- 0.8030E+02      2.33
 Relative summed weights:
  0.1488E-01  0.3709E-01  0.8526E-02  0.5726E-02  0.0000E+00  0.0000E+00  0.2586E-01  0.4489E-01
  0.1391E-01  0.3194E-01  0.0000E+00  0.0000E+00  0.1393E+00  0.1728E+00  0.0000E+00  0.0000E+00
  0.1802E-01  0.1063E-01  0.0000E+00  0.0000E+00  0.1735E+00  0.1490E+00  0.0000E+00  0.0000E+00
  0.1293E-01  0.2815E-01  0.6626E-02  0.4362E-02  0.0000E+00  0.0000E+00  0.3994E-01  0.2707E-01
  0.0000E+00  0.0000E+00  0.9601E-02  0.1190E-01  0.0000E+00  0.0000E+00  0.0000E+00  0.0000E+00
  0.0000E+00  0.0000E+00  0.5660E-02  0.7747E-02  0.0000E+00  0.0000E+00  0.0000E+00  0.0000E+00
 Relative number of events:
  0.2750E-01  0.3100E-01  0.6500E-02  0.6500E-02  0.0000E+00  0.0000E+00  0.3950E-01  0.4550E-01
  0.2000E-01  0.1900E-01  0.0000E+00  0.0000E+00  0.1410E+00  0.1655E+00  0.0000E+00  0.0000E+00
  0.2200E-01  0.1850E-01  0.0000E+00  0.0000E+00  0.1500E+00  0.1350E+00  0.0000E+00  0.0000E+00
  0.1800E-01  0.1800E-01  0.7000E-02  0.1050E-01  0.0000E+00  0.0000E+00  0.4600E-01  0.4350E-01
  0.0000E+00  0.0000E+00  0.5000E-02  0.6500E-02  0.0000E+00  0.0000E+00  0.0000E+00  0.0000E+00
  0.0000E+00  0.0000E+00  0.1100E-01  0.7000E-02  0.0000E+00  0.0000E+00  0.0000E+00  0.0000E+00
 Events:
          55          62          13          13           0           0          79          91
          40          38           0           0         282         331           0           0
          44          37           0           0         300         270           0           0
          36          36          14          21           0           0          92          87
           0           0          10          13           0           0           0           0
           0           0          22          14           0           0           0           0
 Iteration  3   Mean: 0.1513E+04 Abs mean: 0.1513E+04   Fluctuation:  0.454E+02   0.324E+05    16.6%
  3    0.1513E+04 0.1513E+04 +- 0.4544E+02      1.90
 Relative summed weights:
  0.2602E-01  0.2243E-01  0.4188E-02  0.2435E-02  0.0000E+00  0.0000E+00  0.3433E-01  0.3464E-01
  0.2621E-01  0.2431E-01  0.0000E+00  0.0000E+00  0.1451E+00  0.1613E+00  0.0000E+00  0.0000E+00
  0.2913E-01  0.2612E-01  0.0000E+00  0.0000E+00  0.1568E+00  0.1503E+00  0.0000E+00  0.0000E+00
  0.2299E-01  0.2611E-01  0.9850E-02  0.3940E-02  0.0000E+00  0.0000E+00  0.3337E-01  0.3835E-01
  0.0000E+00  0.0000E+00  0.5817E-02  0.3297E-02  0.0000E+00  0.0000E+00  0.0000E+00  0.0000E+00
  0.0000E+00  0.0000E+00  0.8523E-02  0.4499E-02  0.0000E+00  0.0000E+00  0.0000E+00  0.0000E+00
 Relative number of events:
  0.2650E-01  0.2375E-01  0.6750E-02  0.5250E-02  0.0000E+00  0.0000E+00  0.3950E-01  0.3875E-01
  0.2425E-01  0.2725E-01  0.0000E+00  0.0000E+00  0.1497E+00  0.1490E+00  0.0000E+00  0.0000E+00
  0.2350E-01  0.2825E-01  0.0000E+00  0.0000E+00  0.1315E+00  0.1455E+00  0.0000E+00  0.0000E+00
  0.2775E-01  0.2625E-01  0.9500E-02  0.7000E-02  0.0000E+00  0.0000E+00  0.4200E-01  0.4100E-01
  0.0000E+00  0.0000E+00  0.7500E-02  0.5750E-02  0.0000E+00  0.0000E+00  0.0000E+00  0.0000E+00
  0.0000E+00  0.0000E+00  0.7500E-02  0.6250E-02  0.0000E+00  0.0000E+00  0.0000E+00  0.0000E+00
 Events:
         106          95          27          21           0           0         158         155
          97         109           0           0         599         596           0           0
          94         113           0           0         526         582           0           0
         111         105          38          28           0           0         168         164
           0           0          30          23           0           0           0           0
           0           0          30          25           0           0           0           0
 Accuracy:    0.011   0.100   0.025   0.205
 Finished due to accuracy    1.1453533124611252E-002  0.10000000000000001     

 -------------------------------------------------------------------------------
 Accumulated results:   Integral =  0.1515E+04
                        Std dev  =  0.3828E+02
                       Cross sec =  0.1515E+04
             Chi**2 per DoF.     =      0.2055
 -------------------------------------------------------------------------------
 Found         1537  events.
 Wrote          313  events.
 Actual xsec    1515.1091709458865     
 Correct abs xsec    1515.1091709458865     
 Event xsec    1515.1091709458808     
 Events wgts > 1:           10
 % Cross section > 1:    14.479516392923848       0.95567479034426961     
-------------------------------------------------
---------------------------
 Results Last   3 iters: Integral =   0.1515E+04
                     Abs integral =   0.1515E+04
                          Std dev =   0.3828E+02
                  Chi**2 per DoF. =      0.2225
-------------------------------------------------
---------------------------
 Status  0.10000000000000001                4           5

ls status:
events.lhe
ftn26
input_app.txt
input_sg.txt
moffset.dat
results.dat
run_01_log.txt
run_02_log.txt
run_03_log.txt
run_04_log.txt
run_05_log.txt
run_06_log.txt
run_07_log.txt
run_08_log.txt
run_09_log.txt
run_10_log.txt
run_11_log.txt
run_12_log.txt
run_13_log.txt
run_14_log.txt
run_16_log.txt
run_17_log.txt
run_18_log.txt
run_19_log.txt
run1_app.log
run_20_log.txt
run_21_log.txt
run_22_log.txt
run_24_log.txt
run_25_log.txt
run_26_log.txt
run_27_log.txt
run_28_log.txt
run_29_log.txt
run_30_log.txt
run_31_log.txt
run_35_log.txt
run_36_log.txt
run_37_log.txt
run_38_log.txt
run_39_log.txt
run_40_log.txt
run_42_log.txt
run_45_log.txt
run_46_log.txt
run_47_log.txt
run_48_log.txt
run_49_log.txt
run_50_log.txt
run_51_log.txt
run_52_log.txt
run_53_log.txt
run_54_log.txt
run_55_log.txt
