 Process in group number            0
 A PDF is used, so alpha_s(MZ) is going to be modified
 Old value of alpha_s from param_card:   0.13000000000000003     
  ****************************************
 
       NNPDFDriver version 1.0.3
   Grid: NNPDF23_lo_as_0130_qed_mem0.grid
  ****************************************
 New value of alpha_s from PDF nn23lo1:  0.13000000000000000     
 Warning! ptj set to xqcut=   30.000000000000000       to improve integration efficiency
 Note that this might affect non-radiated jets,
 e.g. from decays. Use cut_decays=F in run_card.
 Warning! mmjj set to xqcut=   30.000000000000000       to improve integration efficiency
 Note that this might affect non-radiated jets,
 e.g. from decays. Use cut_decays=F in run_card.
 Define smin to   62500.000000000000     
 Define smin to   62500.000000000000     
 Define smin to   62500.000000000000     
 Define smin to   62500.000000000000     
 Define smin to   62500.000000000000     
 Define smin to   62500.000000000000     
 Define smin to   62500.000000000000     
 *****************************************************
 *               MadGraph/MadEvent                   *
 *        --------------------------------           *
 *          http://madgraph.hep.uiuc.edu             *
 *          http://madgraph.phys.ucl.ac.be           *
 *          http://madgraph.roma2.infn.it            *
 *        --------------------------------           *
 *                                                   *
 *          PARAMETER AND COUPLING VALUES            *
 *                                                   *
 *****************************************************

  External Params
  ---------------------------------
  
 aEWM1 =    132.50700000000001     
 mdl_Gf =    1.1663900000000000E-005
 aS =   0.13000000000000003     
 mdl_lamWS =   0.22530000000000000     
 mdl_AWS =   0.80800000000000005     
 mdl_rhoWS =   0.13200000000000001     
 mdl_etaWS =   0.34100000000000003     
 mdl_ymb =    4.7000000000000002     
 mdl_ymt =    173.00000000000000     
 mdl_ymtau =    1.7769999999999999     
 mdl_MZ =    91.188000000000002     
 mdl_MT =    173.00000000000000     
 mdl_MB =    4.7000000000000002     
 mdl_MH =    125.00000000000000     
 mdl_MTA =    1.7769999999999999     
 mdl_WZ =    2.4414039999999999     
 mdl_WW =    2.0476000000000001     
 mdl_WT =    1.4915000000000000     
 mdl_WH =    6.3823389999999999E-003
  Internal Params
  ---------------------------------
  
 mdl_conjg__CKM3x3 =    1.0000000000000000     
 mdl_CKM3x3 =    1.0000000000000000     
 mdl_lamWS__exp__2 =    5.0760090000000001E-002
 mdl_CKM1x1 =               (0.97461995499999998,0.0000000000000000)
 mdl_CKM1x2 =               (0.22530000000000000,0.0000000000000000)
 mdl_complexi =                (0.0000000000000000,1.0000000000000000)
 mdl_lamWS__exp__3 =    1.1436248277000001E-002
 mdl_CKM1x3 =   (1.21974449623171223E-003,-3.15100661526525631E-003)
 mdl_CKM2x1 =              (-0.22530000000000000,0.0000000000000000)
 mdl_CKM2x2 =               (0.97461995499999998,0.0000000000000000)
 mdl_CKM2x3 =          (4.10141527200000022E-002,0.0000000000000000)
 mdl_CKM3x1 =   (8.02074411158428847E-003,-3.15100661526525631E-003)
 mdl_CKM3x2 =         (-4.10141527200000022E-002,0.0000000000000000)
 mdl_MZ__exp__2 =    8315.2513440000002     
 mdl_MZ__exp__4 =    69143404.913893804     
 mdl_sqrt__2 =    1.4142135623730951     
 mdl_MH__exp__2 =    15625.000000000000     
 mdl_conjg__CKM1x3 =    (1.21974449623171223E-003,3.15100661526525631E-003)
 mdl_conjg__CKM2x3 =         (4.10141527200000022E-002,-0.0000000000000000)
 mdl_conjg__CKM2x1 =             (-0.22530000000000000,-0.0000000000000000)
 mdl_conjg__CKM3x1 =    (8.02074411158428847E-003,3.15100661526525631E-003)
 mdl_conjg__CKM2x2 =              (0.97461995499999998,-0.0000000000000000)
 mdl_conjg__CKM3x2 =        (-4.10141527200000022E-002,-0.0000000000000000)
 mdl_conjg__CKM1x1 =              (0.97461995499999998,-0.0000000000000000)
 mdl_conjg__CKM1x2 =              (0.22530000000000000,-0.0000000000000000)
 mdl_aEW =    7.5467711139788835E-003
 mdl_MW =    80.419002445756163     
 mdl_sqrt__aEW =    8.6872153846781555E-002
 mdl_ee =   0.30795376724436879     
 mdl_MW__exp__2 =    6467.2159543705357     
 mdl_sw2 =   0.22224648578577766     
 mdl_cw =   0.88190334743339216     
 mdl_sqrt__sw2 =   0.47143025548407230     
 mdl_sw =   0.47143025548407230     
 mdl_g1 =   0.34919219678733299     
 mdl_gw =   0.65323293034757990     
 mdl_vev =    246.21845810181637     
 mdl_vev__exp__2 =    60623.529110035903     
 mdl_lam =   0.12886910601690263     
 mdl_yb =    2.6995554250465490E-002
 mdl_yt =   0.99366614581500623     
 mdl_ytau =    1.0206617000654717E-002
 mdl_muH =    88.388347648318430     
 mdl_I1x31 =    (3.29276787197298852E-005,8.50631700259688717E-005)
 mdl_I1x32 =          (1.10719978478963682E-003,0.0000000000000000)
 mdl_I1x33 =          (2.69955542504654901E-002,0.0000000000000000)
 mdl_I2x13 =    (7.96994188792636560E-003,3.13104859882821530E-003)
 mdl_I2x23 =        (-4.07543750571504534E-002,-0.0000000000000000)
 mdl_I2x33 =               (0.99366614581500623,0.0000000000000000)
 mdl_I3x31 =   (7.96994188792636560E-003,-3.13104859882821530E-003)
 mdl_I3x32 =         (-4.07543750571504534E-002,0.0000000000000000)
 mdl_I3x33 =               (0.99366614581500623,0.0000000000000000)
 mdl_I4x13 =   (3.29276787197298852E-005,-8.50631700259688717E-005)
 mdl_I4x23 =          (1.10719978478963682E-003,0.0000000000000000)
 mdl_I4x33 =          (2.69955542504654901E-002,0.0000000000000000)
 mdl_ee__exp__2 =    9.4835522759998875E-002
 mdl_sw__exp__2 =   0.22224648578577769     
 mdl_cw__exp__2 =   0.77775351421422245     
  Internal Params evaluated point by point
  ----------------------------------------
  
 mdl_sqrt__aS =   0.36055512754639896     
 mdl_G__exp__2 =    1.6336281798666927     
  Couplings of sm-ckm
  ---------------------------------
  
        GC_10 =  -0.12781E+01   0.00000E+00
        GC_11 =   0.00000E+00   0.12781E+01
        GC_12 =   0.00000E+00   0.16336E+01

 Collider parameters:
 --------------------

 Running at P P   machine @    14000.000000000000       GeV
 PDF set = nn23lo1
 alpha_s(Mz)= 0.1300 running at 2 loops.
 alpha_s(Mz)= 0.1300 running at 2 loops.
 Renormalization scale set on event-by-event basis
 Factorization   scale set on event-by-event basis


 getting user params
Enter number of events and max and min iterations: 
 Number of events and iterations         1000           5           3
Enter desired fractional accuracy: 
 Desired fractional accuracy:   0.10000000000000001     
Enter 0 for fixed, 2 for adjustable grid: 
Suppress amplitude (0 no, 1 yes)? 
 Using suppressed amplitude.
Exact helicity sum (0 yes, n = number/event)? 
 Explicitly summing over helicities
Enter Configuration Number: 
Running Configuration Number:   37
 Not subdividing B.W.
 Attempting mappinvarients           1           6
 Determine nb_t
 T-channel found:            3
 Completed mapping           6
 about to integrate           10        1000           7           3          10           1
 Using non-zero grid deformation.
 10 dimensions   1000 events 10 invarients  7 iterations  1 config(s),  (0.99)
 Using h-tuple random number sequence.
 Error opening grid
 Using Uniform Grid!          24
 Using uniform alpha   1.0000000000000000     
 Grid defined OK
 Masses: 0.000E+00 0.000E+00 0.000E+00 0.000E+00 0.000E+00 0.000E+00
 Set CM energy to      14000.00
 Mapping Graph          37  to config          37
 Determine nb_t
 T-channel found:            3
Setting grid   1    0.45918E-05   1
Setting grid   2    0.45918E-05   1
Setting grid   3    0.45918E-05   1
 Transforming s_hat 1/s            9   3.1887755102040819E-004   62500.000000000000        195999999.99999997     
 Got moffset           1
Using random seed offsets    37 :      9
  with seed                  354
 Ranmar initialization seeds       12231       12907
 
 ********************************************
 * You are using the DiscreteSampler module *
 *      part of the MG5_aMC framework       *
 *         Author: Valentin Hirschi         *
 ********************************************
 
  Particle       3       4       5       6
      Et >    30.0    30.0    30.0    30.0
       E >     0.0     0.0     0.0     0.0
     Eta <     5.0     5.0     5.0     5.0
   xqcut:     30.0    30.0    30.0    30.0
d R # 3  >    -0.0     0.0     0.0     0.0
d R # 4  >    -0.0    -0.0     0.0     0.0
d R # 5  >    -0.0    -0.0    -0.0     0.0
s min # 3>     0.0   900.0   900.0   900.0
s min # 4>     0.0     0.0   900.0   900.0
s min # 5>     0.0     0.0     0.0   900.0
xqcutij # 3>     0.0    30.0    30.0    30.0
xqcutij # 4>    30.0     0.0    30.0    30.0
xqcutij # 5>    30.0    30.0     0.0    30.0
 alpha_s for scale    154.38349779947183       is   0.11951877158954755     
 RESET CUMULATIVE VARIABLE
 Iteration  1   Mean: 0.1149E+04 Abs mean: 0.1149E+04   Fluctuation:  0.311E+03   0.185E+06    10.1%
  1    0.1149E+04 0.1149E+04 +- 0.3106E+03      8.54
 Writing out events   1.6287323216000571        8.5446310615685288     
 Relative summed weights:
  0.1048E+00  0.0000E+00  0.0000E+00  0.0000E+00  0.2070E-03  0.0000E+00  0.0000E+00  0.0000E+00  0.0000E+00  0.0000E+00  0.0000E+00  0.0000E+00  0.0000E+00  0.0000E+00
  0.2443E-01  0.0000E+00  0.7886E-02  0.3570E-01  0.1011E-01  0.0000E+00  0.2086E+00  0.5621E-01  0.0000E+00  0.0000E+00  0.5279E-01  0.4257E-01  0.2960E-02  0.1433E-01
  0.1091E-01  0.0000E+00  0.0000E+00  0.0000E+00  0.1410E-01  0.0000E+00  0.0000E+00  0.0000E+00  0.0000E+00  0.0000E+00  0.0000E+00  0.0000E+00  0.0000E+00  0.0000E+00
  0.2921E-01  0.0000E+00  0.1658E-01  0.1149E+00  0.0000E+00  0.0000E+00  0.2250E-01  0.1795E+00  0.0000E+00  0.0000E+00  0.2267E-01  0.2795E-01  0.3001E-03  0.8039E-03
 Relative number of events:
  0.4856E-01  0.0000E+00  0.0000E+00  0.0000E+00  0.9911E-03  0.0000E+00  0.0000E+00  0.0000E+00  0.0000E+00  0.0000E+00  0.0000E+00  0.0000E+00  0.0000E+00  0.0000E+00
  0.5550E-01  0.0000E+00  0.3171E-01  0.3568E-01  0.6938E-02  0.0000E+00  0.9316E-01  0.7631E-01  0.0000E+00  0.0000E+00  0.6244E-01  0.7136E-01  0.1487E-01  0.1189E-01
  0.5847E-01  0.0000E+00  0.0000E+00  0.0000E+00  0.2973E-02  0.0000E+00  0.0000E+00  0.0000E+00  0.0000E+00  0.0000E+00  0.0000E+00  0.0000E+00  0.0000E+00  0.0000E+00
  0.5154E-01  0.0000E+00  0.2676E-01  0.2478E-01  0.0000E+00  0.0000E+00  0.8622E-01  0.8325E-01  0.0000E+00  0.0000E+00  0.6343E-01  0.7433E-01  0.8920E-02  0.9911E-02
 Events:
          49           0           0           0           1           0           0           0           0           0           0           0           0           0
          56           0          32          36           7           0          94          77           0           0          63          72          15          12
          59           0           0           0           3           0           0           0           0           0           0           0           0           0
          52           0          27          25           0           0          87          84           0           0          64          75           9          10
 Iteration  2   Mean: 0.1316E+04 Abs mean: 0.1316E+04   Fluctuation:  0.327E+03   0.414E+06    16.1%
  2    0.1316E+04 0.1316E+04 +- 0.3273E+03     11.12
 Relative summed weights:
  0.2953E-01  0.0000E+00  0.0000E+00  0.0000E+00  0.9093E-02  0.0000E+00  0.0000E+00  0.0000E+00  0.0000E+00  0.0000E+00  0.0000E+00  0.0000E+00  0.0000E+00  0.0000E+00
  0.1714E+00  0.0000E+00  0.1221E-01  0.5467E-02  0.1370E-02  0.0000E+00  0.1816E-01  0.2361E+00  0.0000E+00  0.0000E+00  0.6466E-01  0.1430E+00  0.1008E-01  0.3917E-02
  0.9713E-02  0.0000E+00  0.0000E+00  0.0000E+00  0.7523E-03  0.0000E+00  0.0000E+00  0.0000E+00  0.0000E+00  0.0000E+00  0.0000E+00  0.0000E+00  0.0000E+00  0.0000E+00
  0.6281E-02  0.0000E+00  0.6896E-02  0.9049E-02  0.1114E-02  0.0000E+00  0.1412E+00  0.1509E-01  0.0000E+00  0.0000E+00  0.1376E-01  0.5875E-01  0.2421E-01  0.8222E-02
 Relative number of events:
  0.5750E-01  0.0000E+00  0.0000E+00  0.0000E+00  0.4000E-02  0.0000E+00  0.0000E+00  0.0000E+00  0.0000E+00  0.0000E+00  0.0000E+00  0.0000E+00  0.0000E+00  0.0000E+00
  0.6200E-01  0.0000E+00  0.2550E-01  0.2450E-01  0.6000E-02  0.0000E+00  0.7300E-01  0.8550E-01  0.0000E+00  0.0000E+00  0.6700E-01  0.7300E-01  0.1100E-01  0.1600E-01
  0.5750E-01  0.0000E+00  0.0000E+00  0.0000E+00  0.4500E-02  0.0000E+00  0.0000E+00  0.0000E+00  0.0000E+00  0.0000E+00  0.0000E+00  0.0000E+00  0.0000E+00  0.0000E+00
  0.4850E-01  0.0000E+00  0.3400E-01  0.2750E-01  0.5000E-02  0.0000E+00  0.7850E-01  0.8900E-01  0.0000E+00  0.0000E+00  0.6600E-01  0.6400E-01  0.9000E-02  0.1150E-01
 Events:
         115           0           0           0           8           0           0           0           0           0           0           0           0           0
         124           0          51          49          12           0         146         171           0           0         134         146          22          32
         115           0           0           0           9           0           0           0           0           0           0           0           0           0
          97           0          68          55          10           0         157         178           0           0         132         128          18          23
 Iteration  3   Mean: 0.1828E+04 Abs mean: 0.1828E+04   Fluctuation:  0.305E+03   0.733E+06    20.7%
  3    0.1828E+04 0.1828E+04 +- 0.3050E+03     10.55
 Relative summed weights:
  0.8760E-01  0.0000E+00  0.0000E+00  0.0000E+00  0.8362E-02  0.0000E+00  0.0000E+00  0.0000E+00  0.0000E+00  0.0000E+00  0.0000E+00  0.0000E+00  0.0000E+00  0.0000E+00
  0.8237E-01  0.0000E+00  0.9085E-01  0.1414E-01  0.4282E-03  0.0000E+00  0.2897E-01  0.4146E-01  0.0000E+00  0.0000E+00  0.2268E-01  0.4431E-01  0.1644E-02  0.1890E-02
  0.6514E-01  0.0000E+00  0.0000E+00  0.0000E+00  0.8216E-03  0.0000E+00  0.0000E+00  0.0000E+00  0.0000E+00  0.0000E+00  0.0000E+00  0.0000E+00  0.0000E+00  0.0000E+00
  0.9100E-01  0.0000E+00  0.6829E-01  0.3073E-01  0.7247E-03  0.0000E+00  0.1305E+00  0.7933E-01  0.0000E+00  0.0000E+00  0.5606E-01  0.4580E-01  0.5527E-02  0.1387E-02
 Relative number of events:
  0.5450E-01  0.0000E+00  0.0000E+00  0.0000E+00  0.2250E-02  0.0000E+00  0.0000E+00  0.0000E+00  0.0000E+00  0.0000E+00  0.0000E+00  0.0000E+00  0.0000E+00  0.0000E+00
  0.5075E-01  0.0000E+00  0.2850E-01  0.2725E-01  0.4000E-02  0.0000E+00  0.8350E-01  0.8475E-01  0.0000E+00  0.0000E+00  0.6525E-01  0.6900E-01  0.8000E-02  0.9500E-02
  0.5850E-01  0.0000E+00  0.0000E+00  0.0000E+00  0.4000E-02  0.0000E+00  0.0000E+00  0.0000E+00  0.0000E+00  0.0000E+00  0.0000E+00  0.0000E+00  0.0000E+00  0.0000E+00
  0.5000E-01  0.0000E+00  0.3275E-01  0.3425E-01  0.3750E-02  0.0000E+00  0.8350E-01  0.8375E-01  0.0000E+00  0.0000E+00  0.6950E-01  0.7550E-01  0.8500E-02  0.8750E-02
 Events:
         218           0           0           0           9           0           0           0           0           0           0           0           0           0
         203           0         114         109          16           0         334         339           0           0         261         276          32          38
         234           0           0           0          16           0           0           0           0           0           0           0           0           0
         200           0         131         137          15           0         334         335           0           0         278         302          34          35
 Accuracy:    0.135   0.100   0.123   1.201
 Found          539  events.
 Wrote            8  events.
 Actual xsec    1561.1940628702671     
 Correct abs xsec    1561.1940628702671     
 Event xsec    1561.1940628702671     
 Events wgts > 1:            1
 % Cross section > 1:    3.1585775616349565E-005   2.0231806133235529E-006
 Iteration  4   Mean: 0.1829E+04 Abs mean: 0.1829E+04   Fluctuation:  0.205E+03   0.906E+06    23.9%
  4    0.1829E+04 0.1829E+04 +- 0.2050E+03     10.03
 Relative summed weights:
  0.7110E-01  0.0000E+00  0.0000E+00  0.0000E+00  0.2293E-02  0.0000E+00  0.0000E+00  0.0000E+00  0.0000E+00  0.0000E+00  0.0000E+00  0.0000E+00  0.0000E+00  0.0000E+00
  0.5850E-01  0.0000E+00  0.5587E-01  0.3788E-01  0.4228E-02  0.0000E+00  0.7035E-01  0.7943E-01  0.0000E+00  0.0000E+00  0.1050E+00  0.8849E-01  0.4944E-02  0.1536E-01
  0.4776E-01  0.0000E+00  0.0000E+00  0.0000E+00  0.1848E-02  0.0000E+00  0.0000E+00  0.0000E+00  0.0000E+00  0.0000E+00  0.0000E+00  0.0000E+00  0.0000E+00  0.0000E+00
  0.4427E-01  0.0000E+00  0.3484E-01  0.7576E-01  0.1420E-02  0.0000E+00  0.5999E-01  0.4578E-01  0.0000E+00  0.0000E+00  0.4828E-01  0.3522E-01  0.3701E-02  0.7655E-02
 Relative number of events:
  0.5725E-01  0.0000E+00  0.0000E+00  0.0000E+00  0.2750E-02  0.0000E+00  0.0000E+00  0.0000E+00  0.0000E+00  0.0000E+00  0.0000E+00  0.0000E+00  0.0000E+00  0.0000E+00
  0.5500E-01  0.0000E+00  0.3450E-01  0.2913E-01  0.2875E-02  0.0000E+00  0.8350E-01  0.8150E-01  0.0000E+00  0.0000E+00  0.7050E-01  0.6638E-01  0.9625E-02  0.1013E-01
  0.5625E-01  0.0000E+00  0.0000E+00  0.0000E+00  0.2375E-02  0.0000E+00  0.0000E+00  0.0000E+00  0.0000E+00  0.0000E+00  0.0000E+00  0.0000E+00  0.0000E+00  0.0000E+00
  0.5825E-01  0.0000E+00  0.3175E-01  0.3188E-01  0.2500E-02  0.0000E+00  0.7387E-01  0.8388E-01  0.0000E+00  0.0000E+00  0.7100E-01  0.6675E-01  0.9750E-02  0.8625E-02
 Events:
         458           0           0           0          22           0           0           0           0           0           0           0           0           0
         440           0         276         233          23           0         668         652           0           0         564         531          77          81
         450           0           0           0          19           0           0           0           0           0           0           0           0           0
         466           0         254         255          20           0         591         671           0           0         568         534          78          69
 Accuracy:    0.081   0.100   0.083   0.964
 Finished due to accuracy    8.1421280840835525E-002  0.10000000000000001     

 -------------------------------------------------------------------------------
 Accumulated results:   Integral =  0.1708E+04
                        Std dev  =  0.1416E+03
                       Cross sec =  0.1708E+04
             Chi**2 per DoF.     =      0.9639
 -------------------------------------------------------------------------------
 Found          959  events.
 Wrote           11  events.
 Actual xsec    1765.5874340258499     
 Correct abs xsec    1765.5874340258499     
 Event xsec    1765.5874340258499     
 Events wgts > 1:            0
 % Cross section > 1:    0.0000000000000000        0.0000000000000000     
-------------------------------------------------
---------------------------
 Results Last   3 iters: Integral =   0.1766E+04
                     Abs integral =   0.1766E+04
                          Std dev =   0.1539E+03
                  Chi**2 per DoF. =      1.0101
-------------------------------------------------
---------------------------
 Status  0.10000000000000001                5           7

ls status:
events.lhe
ftn26
input_app.txt
input_sg.txt
moffset.dat
results.dat
run_02_log.txt
run_08_log.txt
run1_app.log
run_40_log.txt
run_49_log.txt
run_50_log.txt
