 Process in group number            0
 A PDF is used, so alpha_s(MZ) is going to be modified
 Old value of alpha_s from param_card:   0.13000000000000003     
  ****************************************
 
       NNPDFDriver version 1.0.3
   Grid: NNPDF23_lo_as_0130_qed_mem0.grid
  ****************************************
 New value of alpha_s from PDF nn23lo1:  0.13000000000000000     
 Warning! ptj set to xqcut=   30.000000000000000       to improve integration efficiency
 Note that this might affect non-radiated jets,
 e.g. from decays. Use cut_decays=F in run_card.
 Warning! mmjj set to xqcut=   30.000000000000000       to improve integration efficiency
 Note that this might affect non-radiated jets,
 e.g. from decays. Use cut_decays=F in run_card.
 Define smin to   62500.000000000000     
 Define smin to   62500.000000000000     
 Define smin to   62500.000000000000     
 Define smin to   62500.000000000000     
 *****************************************************
 *               MadGraph/MadEvent                   *
 *        --------------------------------           *
 *          http://madgraph.hep.uiuc.edu             *
 *          http://madgraph.phys.ucl.ac.be           *
 *          http://madgraph.roma2.infn.it            *
 *        --------------------------------           *
 *                                                   *
 *          PARAMETER AND COUPLING VALUES            *
 *                                                   *
 *****************************************************

  External Params
  ---------------------------------
  
 aEWM1 =    132.50700000000001     
 mdl_Gf =    1.1663900000000000E-005
 aS =   0.13000000000000003     
 mdl_lamWS =   0.22530000000000000     
 mdl_AWS =   0.80800000000000005     
 mdl_rhoWS =   0.13200000000000001     
 mdl_etaWS =   0.34100000000000003     
 mdl_ymb =    4.7000000000000002     
 mdl_ymt =    173.00000000000000     
 mdl_ymtau =    1.7769999999999999     
 mdl_MZ =    91.188000000000002     
 mdl_MT =    173.00000000000000     
 mdl_MB =    4.7000000000000002     
 mdl_MH =    125.00000000000000     
 mdl_MTA =    1.7769999999999999     
 mdl_WZ =    2.4414039999999999     
 mdl_WW =    2.0476000000000001     
 mdl_WT =    1.4915000000000000     
 mdl_WH =    6.3823389999999999E-003
  Internal Params
  ---------------------------------
  
 mdl_conjg__CKM3x3 =    1.0000000000000000     
 mdl_CKM3x3 =    1.0000000000000000     
 mdl_lamWS__exp__2 =    5.0760090000000001E-002
 mdl_CKM1x1 =               (0.97461995499999998,0.0000000000000000)
 mdl_CKM1x2 =               (0.22530000000000000,0.0000000000000000)
 mdl_complexi =                (0.0000000000000000,1.0000000000000000)
 mdl_lamWS__exp__3 =    1.1436248277000001E-002
 mdl_CKM1x3 =   (1.21974449623171223E-003,-3.15100661526525631E-003)
 mdl_CKM2x1 =              (-0.22530000000000000,0.0000000000000000)
 mdl_CKM2x2 =               (0.97461995499999998,0.0000000000000000)
 mdl_CKM2x3 =          (4.10141527200000022E-002,0.0000000000000000)
 mdl_CKM3x1 =   (8.02074411158428847E-003,-3.15100661526525631E-003)
 mdl_CKM3x2 =         (-4.10141527200000022E-002,0.0000000000000000)
 mdl_MZ__exp__2 =    8315.2513440000002     
 mdl_MZ__exp__4 =    69143404.913893804     
 mdl_sqrt__2 =    1.4142135623730951     
 mdl_MH__exp__2 =    15625.000000000000     
 mdl_conjg__CKM1x3 =    (1.21974449623171223E-003,3.15100661526525631E-003)
 mdl_conjg__CKM2x3 =         (4.10141527200000022E-002,-0.0000000000000000)
 mdl_conjg__CKM2x1 =             (-0.22530000000000000,-0.0000000000000000)
 mdl_conjg__CKM3x1 =    (8.02074411158428847E-003,3.15100661526525631E-003)
 mdl_conjg__CKM2x2 =              (0.97461995499999998,-0.0000000000000000)
 mdl_conjg__CKM3x2 =        (-4.10141527200000022E-002,-0.0000000000000000)
 mdl_conjg__CKM1x1 =              (0.97461995499999998,-0.0000000000000000)
 mdl_conjg__CKM1x2 =              (0.22530000000000000,-0.0000000000000000)
 mdl_aEW =    7.5467711139788835E-003
 mdl_MW =    80.419002445756163     
 mdl_sqrt__aEW =    8.6872153846781555E-002
 mdl_ee =   0.30795376724436879     
 mdl_MW__exp__2 =    6467.2159543705357     
 mdl_sw2 =   0.22224648578577766     
 mdl_cw =   0.88190334743339216     
 mdl_sqrt__sw2 =   0.47143025548407230     
 mdl_sw =   0.47143025548407230     
 mdl_g1 =   0.34919219678733299     
 mdl_gw =   0.65323293034757990     
 mdl_vev =    246.21845810181637     
 mdl_vev__exp__2 =    60623.529110035903     
 mdl_lam =   0.12886910601690263     
 mdl_yb =    2.6995554250465490E-002
 mdl_yt =   0.99366614581500623     
 mdl_ytau =    1.0206617000654717E-002
 mdl_muH =    88.388347648318430     
 mdl_I1x31 =    (3.29276787197298852E-005,8.50631700259688717E-005)
 mdl_I1x32 =          (1.10719978478963682E-003,0.0000000000000000)
 mdl_I1x33 =          (2.69955542504654901E-002,0.0000000000000000)
 mdl_I2x13 =    (7.96994188792636560E-003,3.13104859882821530E-003)
 mdl_I2x23 =        (-4.07543750571504534E-002,-0.0000000000000000)
 mdl_I2x33 =               (0.99366614581500623,0.0000000000000000)
 mdl_I3x31 =   (7.96994188792636560E-003,-3.13104859882821530E-003)
 mdl_I3x32 =         (-4.07543750571504534E-002,0.0000000000000000)
 mdl_I3x33 =               (0.99366614581500623,0.0000000000000000)
 mdl_I4x13 =   (3.29276787197298852E-005,-8.50631700259688717E-005)
 mdl_I4x23 =          (1.10719978478963682E-003,0.0000000000000000)
 mdl_I4x33 =          (2.69955542504654901E-002,0.0000000000000000)
 mdl_ee__exp__2 =    9.4835522759998875E-002
 mdl_sw__exp__2 =   0.22224648578577769     
 mdl_cw__exp__2 =   0.77775351421422245     
  Internal Params evaluated point by point
  ----------------------------------------
  
 mdl_sqrt__aS =   0.36055512754639896     
 mdl_G__exp__2 =    1.6336281798666927     
  Couplings of sm-ckm
  ---------------------------------
  
        GC_10 =  -0.12781E+01   0.00000E+00
        GC_11 =   0.00000E+00   0.12781E+01
        GC_12 =   0.00000E+00   0.16336E+01

 Collider parameters:
 --------------------

 Running at P P   machine @    14000.000000000000       GeV
 PDF set = nn23lo1
 alpha_s(Mz)= 0.1300 running at 2 loops.
 alpha_s(Mz)= 0.1300 running at 2 loops.
 Renormalization scale set on event-by-event basis
 Factorization   scale set on event-by-event basis


 getting user params
Enter number of events and max and min iterations: 
 Number of events and iterations         1000           5           3
Enter desired fractional accuracy: 
 Desired fractional accuracy:   0.10000000000000001     
Enter 0 for fixed, 2 for adjustable grid: 
Suppress amplitude (0 no, 1 yes)? 
 Using suppressed amplitude.
Exact helicity sum (0 yes, n = number/event)? 
 Explicitly summing over helicities
Enter Configuration Number: 
Running Configuration Number:    4
 Not subdividing B.W.
 Attempting mappinvarients           1           6
 Determine nb_t
 T-channel found:            2
 Completed mapping           6
 about to integrate           10        1000           7           3          10           1
 Using non-zero grid deformation.
 10 dimensions   1000 events 10 invarients  7 iterations  1 config(s),  (0.99)
 Using h-tuple random number sequence.
 Error opening grid
 Using Uniform Grid!          24
 Using uniform alpha   1.0000000000000000     
 Grid defined OK
 Masses: 0.000E+00 0.000E+00 0.000E+00 0.000E+00 0.000E+00 0.000E+00
 Set CM energy to      14000.00
 Mapping Graph           4  to config           4
 Determine nb_t
 T-channel found:            2
Setting grid   1    0.45918E-05   1
Setting grid   2    0.45918E-05   1
Setting grid   3    0.45918E-05   1
 Transforming s_hat 1/s            9   3.1887755102040819E-004   62500.000000000000        195999999.99999997     
 Got moffset           1
Using random seed offsets     4 :      8
  with seed                  354
 Ranmar initialization seeds       12198       12906
 
 ********************************************
 * You are using the DiscreteSampler module *
 *      part of the MG5_aMC framework       *
 *         Author: Valentin Hirschi         *
 ********************************************
 
  Particle       3       4       5       6
      Et >    30.0    30.0    30.0    30.0
       E >     0.0     0.0     0.0     0.0
     Eta <     5.0     5.0     5.0     5.0
   xqcut:     30.0    30.0    30.0    30.0
d R # 3  >    -0.0     0.0     0.0     0.0
d R # 4  >    -0.0    -0.0     0.0     0.0
d R # 5  >    -0.0    -0.0    -0.0     0.0
s min # 3>     0.0   900.0   900.0   900.0
s min # 4>     0.0     0.0   900.0   900.0
s min # 5>     0.0     0.0     0.0   900.0
xqcutij # 3>     0.0    30.0    30.0    30.0
xqcutij # 4>    30.0     0.0    30.0    30.0
xqcutij # 5>    30.0    30.0     0.0    30.0
 alpha_s for scale    97.642827385446324       is   0.12853322833469505     
 RESET CUMULATIVE VARIABLE
 Iteration  1   Mean: 0.1173E+04 Abs mean: 0.1173E+04   Fluctuation:  0.194E+03   0.126E+06    11.6%
  1    0.1173E+04 0.1173E+04 +- 0.1942E+03      5.23
 Writing out events   1.4422977978618641        5.2332587045834282     
 Relative summed weights:
  0.3390E-01  0.4303E-01  0.1962E-01  0.3827E-01  0.0000E+00  0.0000E+00  0.3230E-01  0.1678E+00
  0.1487E-01  0.3886E-01  0.0000E+00  0.0000E+00  0.2813E+00  0.3041E+00  0.0000E+00  0.0000E+00
  0.0000E+00  0.0000E+00  0.1178E-02  0.2474E-01  0.0000E+00  0.0000E+00  0.0000E+00  0.0000E+00
 Relative number of events:
  0.6436E-01  0.6139E-01  0.1881E-01  0.1287E-01  0.0000E+00  0.0000E+00  0.1010E+00  0.1010E+00
  0.6040E-01  0.5347E-01  0.0000E+00  0.0000E+00  0.2485E+00  0.2485E+00  0.0000E+00  0.0000E+00
  0.0000E+00  0.0000E+00  0.1386E-01  0.1584E-01  0.0000E+00  0.0000E+00  0.0000E+00  0.0000E+00
 Events:
          65          62          19          13           0           0         102         102
          61          54           0           0         251         251           0           0
           0           0          14          16           0           0           0           0
 Iteration  2   Mean: 0.1882E+04 Abs mean: 0.1882E+04   Fluctuation:  0.231E+03   0.226E+06    13.4%
  2    0.1882E+04 0.1882E+04 +- 0.2309E+03      5.49
 Relative summed weights:
  0.9712E-01  0.9983E-01  0.4816E-02  0.8622E-02  0.0000E+00  0.0000E+00  0.6298E-01  0.7789E-01
  0.2563E-01  0.4970E-01  0.0000E+00  0.0000E+00  0.2699E+00  0.2935E+00  0.0000E+00  0.0000E+00
  0.0000E+00  0.0000E+00  0.4780E-02  0.5273E-02  0.0000E+00  0.0000E+00  0.0000E+00  0.0000E+00
 Relative number of events:
  0.6600E-01  0.6050E-01  0.8500E-02  0.1300E-01  0.0000E+00  0.0000E+00  0.9050E-01  0.9800E-01
  0.5900E-01  0.5750E-01  0.0000E+00  0.0000E+00  0.2495E+00  0.2685E+00  0.0000E+00  0.0000E+00
  0.0000E+00  0.0000E+00  0.1000E-01  0.1900E-01  0.0000E+00  0.0000E+00  0.0000E+00  0.0000E+00
 Events:
         132         121          17          26           0           0         181         196
         118         115           0           0         499         537           0           0
           0           0          20          38           0           0           0           0
 Iteration  3   Mean: 0.2241E+04 Abs mean: 0.2241E+04   Fluctuation:  0.159E+03   0.334E+06    13.9%
  3    0.2241E+04 0.2241E+04 +- 0.1595E+03      4.50
 Relative summed weights:
  0.3916E-01  0.8794E-01  0.1687E-01  0.1178E-01  0.0000E+00  0.0000E+00  0.7802E-01  0.6141E-01
  0.4115E-01  0.6333E-01  0.0000E+00  0.0000E+00  0.2768E+00  0.2996E+00  0.0000E+00  0.0000E+00
  0.0000E+00  0.0000E+00  0.1616E-01  0.7796E-02  0.0000E+00  0.0000E+00  0.0000E+00  0.0000E+00
 Relative number of events:
  0.5650E-01  0.7125E-01  0.1475E-01  0.1625E-01  0.0000E+00  0.0000E+00  0.9575E-01  0.8775E-01
  0.6000E-01  0.5675E-01  0.0000E+00  0.0000E+00  0.2467E+00  0.2652E+00  0.0000E+00  0.0000E+00
  0.0000E+00  0.0000E+00  0.1600E-01  0.1300E-01  0.0000E+00  0.0000E+00  0.0000E+00  0.0000E+00
 Events:
         226         285          59          65           0           0         383         351
         240         227           0           0         987        1061           0           0
           0           0          64          52           0           0           0           0
 Accuracy:    0.122   0.100   0.058   4.483
 Found         1244  events.
 Wrote           27  events.
 Actual xsec    2031.6417004776874     
 Correct abs xsec    2031.6417004776874     
 Event xsec    2031.6417004776877     
 Events wgts > 1:            1
 % Cross section > 1:    1.6892691832026685E-005   8.3147987305314755E-007
 Iteration  4   Mean: 0.2183E+04 Abs mean: 0.2183E+04   Fluctuation:  0.111E+03   0.352E+06    14.4%
  4    0.2183E+04 0.2183E+04 +- 0.1115E+03      4.57
 Relative summed weights:
  0.3915E-01  0.4368E-01  0.1300E-01  0.1452E-01  0.0000E+00  0.0000E+00  0.6634E-01  0.7408E-01
  0.3725E-01  0.5667E-01  0.0000E+00  0.0000E+00  0.2612E+00  0.3730E+00  0.0000E+00  0.0000E+00
  0.0000E+00  0.0000E+00  0.6652E-02  0.1440E-01  0.0000E+00  0.0000E+00  0.0000E+00  0.0000E+00
 Relative number of events:
  0.6313E-01  0.6237E-01  0.1775E-01  0.1388E-01  0.0000E+00  0.0000E+00  0.8962E-01  0.8300E-01
  0.5638E-01  0.5725E-01  0.0000E+00  0.0000E+00  0.2570E+00  0.2740E+00  0.0000E+00  0.0000E+00
  0.0000E+00  0.0000E+00  0.1250E-01  0.1312E-01  0.0000E+00  0.0000E+00  0.0000E+00  0.0000E+00
 Events:
         505         499         142         111           0           0         717         664
         451         458           0           0        2056        2192           0           0
           0           0         100         105           0           0           0           0
 Accuracy:    0.067   0.100   0.038   3.042
 Finished due to accuracy    6.6690458695001703E-002  0.10000000000000001     

 -------------------------------------------------------------------------------
 Accumulated results:   Integral =  0.2117E+04
                        Std dev  =  0.8094E+02
                       Cross sec =  0.2117E+04
             Chi**2 per DoF.     =      3.0417
 -------------------------------------------------------------------------------
 Found         2411  events.
 Wrote           60  events.
 Actual xsec    2169.9423964778171     
 Correct abs xsec    2169.9423964778171     
 Event xsec    2169.9423964778193     
 Events wgts > 1:            3
 % Cross section > 1:    8.0838481238921389       0.37253745246941028     
-------------------------------------------------
---------------------------
 Results Last   3 iters: Integral =   0.2170E+04
                     Abs integral =   0.2170E+04
                          Std dev =   0.8528E+02
                  Chi**2 per DoF. =      0.8824
-------------------------------------------------
---------------------------
 Status  0.10000000000000001                5           7

ls status:
events.lhe
ftn26
input_app.txt
input_sg.txt
moffset.dat
results.dat
run_10_log.txt
run1_app.log
run_26_log.txt
run_30_log.txt
run_34_log.txt
run_38_log.txt
