 Process in group number            0
 A PDF is used, so alpha_s(MZ) is going to be modified
 Old value of alpha_s from param_card:   0.13000000000000003     
  ****************************************
 
       NNPDFDriver version 1.0.3
   Grid: NNPDF23_lo_as_0130_qed_mem0.grid
  ****************************************
 New value of alpha_s from PDF nn23lo1:  0.13000000000000000     
 Warning! ptj set to xqcut=   30.000000000000000       to improve integration efficiency
 Note that this might affect non-radiated jets,
 e.g. from decays. Use cut_decays=F in run_card.
 Warning! mmjj set to xqcut=   30.000000000000000       to improve integration efficiency
 Note that this might affect non-radiated jets,
 e.g. from decays. Use cut_decays=F in run_card.
 Define smin to   62500.000000000000     
 Define smin to   62500.000000000000     
 Define smin to   62500.000000000000     
 Define smin to   62500.000000000000     
 *****************************************************
 *               MadGraph/MadEvent                   *
 *        --------------------------------           *
 *          http://madgraph.hep.uiuc.edu             *
 *          http://madgraph.phys.ucl.ac.be           *
 *          http://madgraph.roma2.infn.it            *
 *        --------------------------------           *
 *                                                   *
 *          PARAMETER AND COUPLING VALUES            *
 *                                                   *
 *****************************************************

  External Params
  ---------------------------------
  
 aEWM1 =    132.50700000000001     
 mdl_Gf =    1.1663900000000000E-005
 aS =   0.13000000000000003     
 mdl_lamWS =   0.22530000000000000     
 mdl_AWS =   0.80800000000000005     
 mdl_rhoWS =   0.13200000000000001     
 mdl_etaWS =   0.34100000000000003     
 mdl_ymb =    4.7000000000000002     
 mdl_ymt =    173.00000000000000     
 mdl_ymtau =    1.7769999999999999     
 mdl_MZ =    91.188000000000002     
 mdl_MT =    173.00000000000000     
 mdl_MB =    4.7000000000000002     
 mdl_MH =    125.00000000000000     
 mdl_MTA =    1.7769999999999999     
 mdl_WZ =    2.4414039999999999     
 mdl_WW =    2.0476000000000001     
 mdl_WT =    1.4915000000000000     
 mdl_WH =    6.3823389999999999E-003
  Internal Params
  ---------------------------------
  
 mdl_conjg__CKM3x3 =    1.0000000000000000     
 mdl_CKM3x3 =    1.0000000000000000     
 mdl_lamWS__exp__2 =    5.0760090000000001E-002
 mdl_CKM1x1 =               (0.97461995499999998,0.0000000000000000)
 mdl_CKM1x2 =               (0.22530000000000000,0.0000000000000000)
 mdl_complexi =                (0.0000000000000000,1.0000000000000000)
 mdl_lamWS__exp__3 =    1.1436248277000001E-002
 mdl_CKM1x3 =   (1.21974449623171223E-003,-3.15100661526525631E-003)
 mdl_CKM2x1 =              (-0.22530000000000000,0.0000000000000000)
 mdl_CKM2x2 =               (0.97461995499999998,0.0000000000000000)
 mdl_CKM2x3 =          (4.10141527200000022E-002,0.0000000000000000)
 mdl_CKM3x1 =   (8.02074411158428847E-003,-3.15100661526525631E-003)
 mdl_CKM3x2 =         (-4.10141527200000022E-002,0.0000000000000000)
 mdl_MZ__exp__2 =    8315.2513440000002     
 mdl_MZ__exp__4 =    69143404.913893804     
 mdl_sqrt__2 =    1.4142135623730951     
 mdl_MH__exp__2 =    15625.000000000000     
 mdl_conjg__CKM1x3 =    (1.21974449623171223E-003,3.15100661526525631E-003)
 mdl_conjg__CKM2x3 =         (4.10141527200000022E-002,-0.0000000000000000)
 mdl_conjg__CKM2x1 =             (-0.22530000000000000,-0.0000000000000000)
 mdl_conjg__CKM3x1 =    (8.02074411158428847E-003,3.15100661526525631E-003)
 mdl_conjg__CKM2x2 =              (0.97461995499999998,-0.0000000000000000)
 mdl_conjg__CKM3x2 =        (-4.10141527200000022E-002,-0.0000000000000000)
 mdl_conjg__CKM1x1 =              (0.97461995499999998,-0.0000000000000000)
 mdl_conjg__CKM1x2 =              (0.22530000000000000,-0.0000000000000000)
 mdl_aEW =    7.5467711139788835E-003
 mdl_MW =    80.419002445756163     
 mdl_sqrt__aEW =    8.6872153846781555E-002
 mdl_ee =   0.30795376724436879     
 mdl_MW__exp__2 =    6467.2159543705357     
 mdl_sw2 =   0.22224648578577766     
 mdl_cw =   0.88190334743339216     
 mdl_sqrt__sw2 =   0.47143025548407230     
 mdl_sw =   0.47143025548407230     
 mdl_g1 =   0.34919219678733299     
 mdl_gw =   0.65323293034757990     
 mdl_vev =    246.21845810181637     
 mdl_vev__exp__2 =    60623.529110035903     
 mdl_lam =   0.12886910601690263     
 mdl_yb =    2.6995554250465490E-002
 mdl_yt =   0.99366614581500623     
 mdl_ytau =    1.0206617000654717E-002
 mdl_muH =    88.388347648318430     
 mdl_I1x31 =    (3.29276787197298852E-005,8.50631700259688717E-005)
 mdl_I1x32 =          (1.10719978478963682E-003,0.0000000000000000)
 mdl_I1x33 =          (2.69955542504654901E-002,0.0000000000000000)
 mdl_I2x13 =    (7.96994188792636560E-003,3.13104859882821530E-003)
 mdl_I2x23 =        (-4.07543750571504534E-002,-0.0000000000000000)
 mdl_I2x33 =               (0.99366614581500623,0.0000000000000000)
 mdl_I3x31 =   (7.96994188792636560E-003,-3.13104859882821530E-003)
 mdl_I3x32 =         (-4.07543750571504534E-002,0.0000000000000000)
 mdl_I3x33 =               (0.99366614581500623,0.0000000000000000)
 mdl_I4x13 =   (3.29276787197298852E-005,-8.50631700259688717E-005)
 mdl_I4x23 =          (1.10719978478963682E-003,0.0000000000000000)
 mdl_I4x33 =          (2.69955542504654901E-002,0.0000000000000000)
 mdl_ee__exp__2 =    9.4835522759998875E-002
 mdl_sw__exp__2 =   0.22224648578577769     
 mdl_cw__exp__2 =   0.77775351421422245     
  Internal Params evaluated point by point
  ----------------------------------------
  
 mdl_sqrt__aS =   0.36055512754639896     
 mdl_G__exp__2 =    1.6336281798666927     
  Couplings of sm-ckm
  ---------------------------------
  
        GC_10 =  -0.12781E+01   0.00000E+00
        GC_11 =   0.00000E+00   0.12781E+01
        GC_12 =   0.00000E+00   0.16336E+01

 Collider parameters:
 --------------------

 Running at P P   machine @    14000.000000000000       GeV
 PDF set = nn23lo1
 alpha_s(Mz)= 0.1300 running at 2 loops.
 alpha_s(Mz)= 0.1300 running at 2 loops.
 Renormalization scale set on event-by-event basis
 Factorization   scale set on event-by-event basis


 getting user params
Enter number of events and max and min iterations: 
 Number of events and iterations         1000           5           3
Enter desired fractional accuracy: 
 Desired fractional accuracy:   0.10000000000000001     
Enter 0 for fixed, 2 for adjustable grid: 
Suppress amplitude (0 no, 1 yes)? 
 Using suppressed amplitude.
Exact helicity sum (0 yes, n = number/event)? 
 Explicitly summing over helicities
Enter Configuration Number: 
Running Configuration Number:   18
 Not subdividing B.W.
 Attempting mappinvarients           1           6
 Determine nb_t
 T-channel found:            3
 Completed mapping           6
 about to integrate           10        1000           7           3          10           1
 Using non-zero grid deformation.
 10 dimensions   1000 events 10 invarients  7 iterations  1 config(s),  (0.99)
 Using h-tuple random number sequence.
 Error opening grid
 Using Uniform Grid!          24
 Using uniform alpha   1.0000000000000000     
 Grid defined OK
 Masses: 0.000E+00 0.000E+00 0.000E+00 0.000E+00 0.000E+00 0.000E+00
 Set CM energy to      14000.00
 Mapping Graph          18  to config          18
 Determine nb_t
 T-channel found:            3
Setting grid   1    0.45918E-05   1
Setting grid   2    0.45918E-05   1
Setting grid   3    0.45918E-05   1
 Transforming s_hat 1/s            9   3.1887755102040819E-004   62500.000000000000        195999999.99999997     
 Got moffset           1
Using random seed offsets    18 :      8
  with seed                  354
 Ranmar initialization seeds       12212       12906
 
 ********************************************
 * You are using the DiscreteSampler module *
 *      part of the MG5_aMC framework       *
 *         Author: Valentin Hirschi         *
 ********************************************
 
  Particle       3       4       5       6
      Et >    30.0    30.0    30.0    30.0
       E >     0.0     0.0     0.0     0.0
     Eta <     5.0     5.0     5.0     5.0
   xqcut:     30.0    30.0    30.0    30.0
d R # 3  >    -0.0     0.0     0.0     0.0
d R # 4  >    -0.0    -0.0     0.0     0.0
d R # 5  >    -0.0    -0.0    -0.0     0.0
s min # 3>     0.0   900.0   900.0   900.0
s min # 4>     0.0     0.0   900.0   900.0
s min # 5>     0.0     0.0     0.0   900.0
xqcutij # 3>     0.0    30.0    30.0    30.0
xqcutij # 4>    30.0     0.0    30.0    30.0
xqcutij # 5>    30.0    30.0     0.0    30.0
 alpha_s for scale    499.86709890421116       is   0.10138135928502087     
 RESET CUMULATIVE VARIABLE
 Iteration  1   Mean: 0.2426E+04 Abs mean: 0.2426E+04   Fluctuation:  0.459E+03   0.310E+06     9.7%
  1    0.2426E+04 0.2426E+04 +- 0.4593E+03      5.99
 Writing out events   3.5838106627959188        5.9857642358354983     
 Relative summed weights:
  0.6524E-02  0.1117E-01  0.6532E-02  0.8603E-02  0.0000E+00  0.0000E+00  0.2790E-01  0.6626E-01
  0.1676E-01  0.2599E-01  0.0000E+00  0.0000E+00  0.2338E+00  0.1378E+00  0.0000E+00  0.0000E+00
  0.7543E-02  0.1191E+00  0.0000E+00  0.0000E+00  0.1138E+00  0.8831E-01  0.0000E+00  0.0000E+00
  0.2605E-01  0.2807E-01  0.2573E-02  0.3908E-03  0.0000E+00  0.0000E+00  0.1625E-01  0.4594E-01
  0.0000E+00  0.0000E+00  0.9698E-03  0.3070E-02  0.0000E+00  0.0000E+00  0.0000E+00  0.0000E+00
  0.0000E+00  0.0000E+00  0.1534E-02  0.4981E-02  0.0000E+00  0.0000E+00  0.0000E+00  0.0000E+00
 Relative number of events:
  0.2081E-01  0.2478E-01  0.9911E-02  0.7929E-02  0.0000E+00  0.0000E+00  0.5154E-01  0.4856E-01
  0.2081E-01  0.2478E-01  0.0000E+00  0.0000E+00  0.1447E+00  0.1417E+00  0.0000E+00  0.0000E+00
  0.1685E-01  0.2180E-01  0.0000E+00  0.0000E+00  0.1378E+00  0.1288E+00  0.0000E+00  0.0000E+00
  0.2379E-01  0.2478E-01  0.1189E-01  0.5946E-02  0.0000E+00  0.0000E+00  0.4361E-01  0.6244E-01
  0.0000E+00  0.0000E+00  0.5946E-02  0.7929E-02  0.0000E+00  0.0000E+00  0.0000E+00  0.0000E+00
  0.0000E+00  0.0000E+00  0.3964E-02  0.8920E-02  0.0000E+00  0.0000E+00  0.0000E+00  0.0000E+00
 Events:
          21          25          10           8           0           0          52          49
          21          25           0           0         146         143           0           0
          17          22           0           0         139         130           0           0
          24          25          12           6           0           0          44          63
           0           0           6           8           0           0           0           0
           0           0           4           9           0           0           0           0
 Iteration  2   Mean: 0.1807E+04 Abs mean: 0.1807E+04   Fluctuation:  0.189E+03   0.222E+06    14.4%
  2    0.1807E+04 0.1807E+04 +- 0.1894E+03      4.69
 Relative summed weights:
  0.6157E-01  0.4215E-01  0.3479E-02  0.3007E-02  0.0000E+00  0.0000E+00  0.1068E-01  0.2117E-01
  0.3358E-01  0.4198E-01  0.0000E+00  0.0000E+00  0.1455E+00  0.1479E+00  0.0000E+00  0.0000E+00
  0.1854E-01  0.1092E-01  0.0000E+00  0.0000E+00  0.1827E+00  0.1205E+00  0.0000E+00  0.0000E+00
  0.1200E-01  0.6095E-01  0.1632E-02  0.2186E-02  0.0000E+00  0.0000E+00  0.3284E-01  0.3099E-01
  0.0000E+00  0.0000E+00  0.2064E-02  0.1408E-02  0.0000E+00  0.0000E+00  0.0000E+00  0.0000E+00
  0.0000E+00  0.0000E+00  0.9264E-02  0.3009E-02  0.0000E+00  0.0000E+00  0.0000E+00  0.0000E+00
 Relative number of events:
  0.2350E-01  0.2950E-01  0.7500E-02  0.7000E-02  0.0000E+00  0.0000E+00  0.3050E-01  0.4550E-01
  0.2450E-01  0.2650E-01  0.0000E+00  0.0000E+00  0.1465E+00  0.1550E+00  0.0000E+00  0.0000E+00
  0.2350E-01  0.2350E-01  0.0000E+00  0.0000E+00  0.1430E+00  0.1335E+00  0.0000E+00  0.0000E+00
  0.2650E-01  0.2700E-01  0.6500E-02  0.6000E-02  0.0000E+00  0.0000E+00  0.4550E-01  0.4300E-01
  0.0000E+00  0.0000E+00  0.9500E-02  0.5500E-02  0.0000E+00  0.0000E+00  0.0000E+00  0.0000E+00
  0.0000E+00  0.0000E+00  0.6000E-02  0.5000E-02  0.0000E+00  0.0000E+00  0.0000E+00  0.0000E+00
 Events:
          47          59          15          14           0           0          61          91
          49          53           0           0         293         310           0           0
          47          47           0           0         286         267           0           0
          53          54          13          12           0           0          91          86
           0           0          19          11           0           0           0           0
           0           0          12          10           0           0           0           0
 Iteration  3   Mean: 0.2009E+04 Abs mean: 0.2009E+04   Fluctuation:  0.909E+02   0.146E+06    17.1%
  3    0.2009E+04 0.2009E+04 +- 0.9086E+02      2.86
 Relative summed weights:
  0.2596E-01  0.2310E-01  0.4614E-02  0.4647E-02  0.0000E+00  0.0000E+00  0.3282E-01  0.3378E-01
  0.1559E-01  0.1733E-01  0.0000E+00  0.0000E+00  0.1431E+00  0.1336E+00  0.0000E+00  0.0000E+00
  0.2083E-01  0.1604E-01  0.0000E+00  0.0000E+00  0.1754E+00  0.1629E+00  0.0000E+00  0.0000E+00
  0.4615E-01  0.1995E-01  0.1084E-01  0.5900E-02  0.0000E+00  0.0000E+00  0.3458E-01  0.3662E-01
  0.0000E+00  0.0000E+00  0.1772E-01  0.1054E-01  0.0000E+00  0.0000E+00  0.0000E+00  0.0000E+00
  0.0000E+00  0.0000E+00  0.5075E-02  0.2984E-02  0.0000E+00  0.0000E+00  0.0000E+00  0.0000E+00
 Relative number of events:
  0.2550E-01  0.2350E-01  0.6500E-02  0.5500E-02  0.0000E+00  0.0000E+00  0.3500E-01  0.3800E-01
  0.1750E-01  0.2400E-01  0.0000E+00  0.0000E+00  0.1482E+00  0.1535E+00  0.0000E+00  0.0000E+00
  0.2825E-01  0.2700E-01  0.0000E+00  0.0000E+00  0.1445E+00  0.1472E+00  0.0000E+00  0.0000E+00
  0.2700E-01  0.2975E-01  0.6750E-02  0.5250E-02  0.0000E+00  0.0000E+00  0.4400E-01  0.3675E-01
  0.0000E+00  0.0000E+00  0.6000E-02  0.7750E-02  0.0000E+00  0.0000E+00  0.0000E+00  0.0000E+00
  0.0000E+00  0.0000E+00  0.6250E-02  0.6250E-02  0.0000E+00  0.0000E+00  0.0000E+00  0.0000E+00
 Events:
         102          94          26          22           0           0         140         152
          70          96           0           0         593         614           0           0
         113         108           0           0         578         589           0           0
         108         119          27          21           0           0         176         147
           0           0          24          31           0           0           0           0
           0           0          25          25           0           0           0           0
 Accuracy:    0.042   0.100   0.041   1.066
 Finished due to accuracy    4.1883448764753792E-002  0.10000000000000001     

 -------------------------------------------------------------------------------
 Accumulated results:   Integral =  0.1998E+04
                        Std dev  =  0.8104E+02
                       Cross sec =  0.1998E+04
             Chi**2 per DoF.     =      1.0659
 -------------------------------------------------------------------------------
 Found         1407  events.
 Wrote           76  events.
 Actual xsec    1997.6042396330267     
 Correct abs xsec    1997.6042396330267     
 Event xsec    1997.6042396330274     
 Events wgts > 1:            2
 % Cross section > 1:    4.2724511603855753       0.21387875914652904     
-------------------------------------------------
---------------------------
 Results Last   3 iters: Integral =   0.1998E+04
                     Abs integral =   0.1998E+04
                          Std dev =   0.8104E+02
                  Chi**2 per DoF. =      0.9510
-------------------------------------------------
---------------------------
 Status  0.10000000000000001                4           7

ls status:
events.lhe
ftn26
input_app.txt
input_sg.txt
moffset.dat
results.dat
run_01_log.txt
run_03_log.txt
run_04_log.txt
run_06_log.txt
run_11_log.txt
run_13_log.txt
run_15_log.txt
run_17_log.txt
run1_app.log
run_22_log.txt
run_24_log.txt
run_26_log.txt
run_33_log.txt
run_37_log.txt
run_43_log.txt
run_46_log.txt
run_52_log.txt
