 Process in group number            0
 A PDF is used, so alpha_s(MZ) is going to be modified
 Old value of alpha_s from param_card:   0.13000000000000003     
  ****************************************
 
       NNPDFDriver version 1.0.3
   Grid: NNPDF23_lo_as_0130_qed_mem0.grid
  ****************************************
 New value of alpha_s from PDF nn23lo1:  0.13000000000000000     
 Warning! ptj set to xqcut=   30.000000000000000       to improve integration efficiency
 Note that this might affect non-radiated jets,
 e.g. from decays. Use cut_decays=F in run_card.
 Warning! mmjj set to xqcut=   30.000000000000000       to improve integration efficiency
 Note that this might affect non-radiated jets,
 e.g. from decays. Use cut_decays=F in run_card.
 Define smin to   62500.000000000000     
 Define smin to   62500.000000000000     
 Define smin to   62500.000000000000     
 Define smin to   62500.000000000000     
 *****************************************************
 *               MadGraph/MadEvent                   *
 *        --------------------------------           *
 *          http://madgraph.hep.uiuc.edu             *
 *          http://madgraph.phys.ucl.ac.be           *
 *          http://madgraph.roma2.infn.it            *
 *        --------------------------------           *
 *                                                   *
 *          PARAMETER AND COUPLING VALUES            *
 *                                                   *
 *****************************************************

  External Params
  ---------------------------------
  
 aEWM1 =    132.50700000000001     
 mdl_Gf =    1.1663900000000000E-005
 aS =   0.13000000000000003     
 mdl_lamWS =   0.22530000000000000     
 mdl_AWS =   0.80800000000000005     
 mdl_rhoWS =   0.13200000000000001     
 mdl_etaWS =   0.34100000000000003     
 mdl_ymb =    4.7000000000000002     
 mdl_ymt =    173.00000000000000     
 mdl_ymtau =    1.7769999999999999     
 mdl_MZ =    91.188000000000002     
 mdl_MT =    173.00000000000000     
 mdl_MB =    4.7000000000000002     
 mdl_MH =    125.00000000000000     
 mdl_MTA =    1.7769999999999999     
 mdl_WZ =    2.4414039999999999     
 mdl_WW =    2.0476000000000001     
 mdl_WT =    1.4915000000000000     
 mdl_WH =    6.3823389999999999E-003
  Internal Params
  ---------------------------------
  
 mdl_conjg__CKM3x3 =    1.0000000000000000     
 mdl_CKM3x3 =    1.0000000000000000     
 mdl_lamWS__exp__2 =    5.0760090000000001E-002
 mdl_CKM1x1 =               (0.97461995499999998,0.0000000000000000)
 mdl_CKM1x2 =               (0.22530000000000000,0.0000000000000000)
 mdl_complexi =                (0.0000000000000000,1.0000000000000000)
 mdl_lamWS__exp__3 =    1.1436248277000001E-002
 mdl_CKM1x3 =   (1.21974449623171223E-003,-3.15100661526525631E-003)
 mdl_CKM2x1 =              (-0.22530000000000000,0.0000000000000000)
 mdl_CKM2x2 =               (0.97461995499999998,0.0000000000000000)
 mdl_CKM2x3 =          (4.10141527200000022E-002,0.0000000000000000)
 mdl_CKM3x1 =   (8.02074411158428847E-003,-3.15100661526525631E-003)
 mdl_CKM3x2 =         (-4.10141527200000022E-002,0.0000000000000000)
 mdl_MZ__exp__2 =    8315.2513440000002     
 mdl_MZ__exp__4 =    69143404.913893804     
 mdl_sqrt__2 =    1.4142135623730951     
 mdl_MH__exp__2 =    15625.000000000000     
 mdl_conjg__CKM1x3 =    (1.21974449623171223E-003,3.15100661526525631E-003)
 mdl_conjg__CKM2x3 =         (4.10141527200000022E-002,-0.0000000000000000)
 mdl_conjg__CKM2x1 =             (-0.22530000000000000,-0.0000000000000000)
 mdl_conjg__CKM3x1 =    (8.02074411158428847E-003,3.15100661526525631E-003)
 mdl_conjg__CKM2x2 =              (0.97461995499999998,-0.0000000000000000)
 mdl_conjg__CKM3x2 =        (-4.10141527200000022E-002,-0.0000000000000000)
 mdl_conjg__CKM1x1 =              (0.97461995499999998,-0.0000000000000000)
 mdl_conjg__CKM1x2 =              (0.22530000000000000,-0.0000000000000000)
 mdl_aEW =    7.5467711139788835E-003
 mdl_MW =    80.419002445756163     
 mdl_sqrt__aEW =    8.6872153846781555E-002
 mdl_ee =   0.30795376724436879     
 mdl_MW__exp__2 =    6467.2159543705357     
 mdl_sw2 =   0.22224648578577766     
 mdl_cw =   0.88190334743339216     
 mdl_sqrt__sw2 =   0.47143025548407230     
 mdl_sw =   0.47143025548407230     
 mdl_g1 =   0.34919219678733299     
 mdl_gw =   0.65323293034757990     
 mdl_vev =    246.21845810181637     
 mdl_vev__exp__2 =    60623.529110035903     
 mdl_lam =   0.12886910601690263     
 mdl_yb =    2.6995554250465490E-002
 mdl_yt =   0.99366614581500623     
 mdl_ytau =    1.0206617000654717E-002
 mdl_muH =    88.388347648318430     
 mdl_I1x31 =    (3.29276787197298852E-005,8.50631700259688717E-005)
 mdl_I1x32 =          (1.10719978478963682E-003,0.0000000000000000)
 mdl_I1x33 =          (2.69955542504654901E-002,0.0000000000000000)
 mdl_I2x13 =    (7.96994188792636560E-003,3.13104859882821530E-003)
 mdl_I2x23 =        (-4.07543750571504534E-002,-0.0000000000000000)
 mdl_I2x33 =               (0.99366614581500623,0.0000000000000000)
 mdl_I3x31 =   (7.96994188792636560E-003,-3.13104859882821530E-003)
 mdl_I3x32 =         (-4.07543750571504534E-002,0.0000000000000000)
 mdl_I3x33 =               (0.99366614581500623,0.0000000000000000)
 mdl_I4x13 =   (3.29276787197298852E-005,-8.50631700259688717E-005)
 mdl_I4x23 =          (1.10719978478963682E-003,0.0000000000000000)
 mdl_I4x33 =          (2.69955542504654901E-002,0.0000000000000000)
 mdl_ee__exp__2 =    9.4835522759998875E-002
 mdl_sw__exp__2 =   0.22224648578577769     
 mdl_cw__exp__2 =   0.77775351421422245     
  Internal Params evaluated point by point
  ----------------------------------------
  
 mdl_sqrt__aS =   0.36055512754639896     
 mdl_G__exp__2 =    1.6336281798666927     
  Couplings of sm-ckm
  ---------------------------------
  
        GC_10 =  -0.12781E+01   0.00000E+00
        GC_11 =   0.00000E+00   0.12781E+01
        GC_12 =   0.00000E+00   0.16336E+01

 Collider parameters:
 --------------------

 Running at P P   machine @    14000.000000000000       GeV
 PDF set = nn23lo1
 alpha_s(Mz)= 0.1300 running at 2 loops.
 alpha_s(Mz)= 0.1300 running at 2 loops.
 Renormalization scale set on event-by-event basis
 Factorization   scale set on event-by-event basis


 getting user params
Enter number of events and max and min iterations: 
 Number of events and iterations         1000           5           3
Enter desired fractional accuracy: 
 Desired fractional accuracy:   0.10000000000000001     
Enter 0 for fixed, 2 for adjustable grid: 
Suppress amplitude (0 no, 1 yes)? 
 Using suppressed amplitude.
Exact helicity sum (0 yes, n = number/event)? 
 Explicitly summing over helicities
Enter Configuration Number: 
Running Configuration Number:   51
 Not subdividing B.W.
 Attempting mappinvarients           1           6
 Determine nb_t
 T-channel found:            2
 Completed mapping           6
 about to integrate           10        1000           7           3          10           1
 Using non-zero grid deformation.
 10 dimensions   1000 events 10 invarients  7 iterations  1 config(s),  (0.99)
 Using h-tuple random number sequence.
 Error opening grid
 Using Uniform Grid!          24
 Using uniform alpha   1.0000000000000000     
 Grid defined OK
 Masses: 0.000E+00 0.000E+00 0.000E+00 0.000E+00 0.000E+00 0.000E+00
 Set CM energy to      14000.00
 Mapping Graph          51  to config          51
 Determine nb_t
 T-channel found:            2
Setting grid   1    0.45918E-05   1
Setting grid   2    0.45918E-05   1
Setting grid   3    0.45918E-05   1
 Transforming s_hat 1/s            9   3.1887755102040819E-004   62500.000000000000        195999999.99999997     
 Got moffset           1
Using random seed offsets    51 :      8
  with seed                  354
 Ranmar initialization seeds       12245       12906
 
 ********************************************
 * You are using the DiscreteSampler module *
 *      part of the MG5_aMC framework       *
 *         Author: Valentin Hirschi         *
 ********************************************
 
  Particle       3       4       5       6
      Et >    30.0    30.0    30.0    30.0
       E >     0.0     0.0     0.0     0.0
     Eta <     5.0     5.0     5.0     5.0
   xqcut:     30.0    30.0    30.0    30.0
d R # 3  >    -0.0     0.0     0.0     0.0
d R # 4  >    -0.0    -0.0     0.0     0.0
d R # 5  >    -0.0    -0.0    -0.0     0.0
s min # 3>     0.0   900.0   900.0   900.0
s min # 4>     0.0     0.0   900.0   900.0
s min # 5>     0.0     0.0     0.0   900.0
xqcutij # 3>     0.0    30.0    30.0    30.0
xqcutij # 4>    30.0     0.0    30.0    30.0
xqcutij # 5>    30.0    30.0     0.0    30.0
 alpha_s for scale    67.658298932205327       is   0.13682421075794701     
 RESET CUMULATIVE VARIABLE
 Iteration  1   Mean: 0.1132E+04 Abs mean: 0.1132E+04   Fluctuation:  0.222E+03   0.188E+06    11.3%
  1    0.1132E+04 0.1132E+04 +- 0.2223E+03      6.21
 Writing out events   1.4265704645334543        6.2084380039107874     
 Relative summed weights:
  0.5205E-01  0.1406E-01  0.2951E-01  0.5528E-02  0.0000E+00  0.0000E+00  0.3271E-01  0.4402E-01
  0.8646E-02  0.6992E-02  0.0000E+00  0.0000E+00  0.1425E+00  0.2847E+00  0.0000E+00  0.0000E+00
  0.7926E-02  0.3378E-01  0.0000E+00  0.0000E+00  0.1250E+00  0.1247E+00  0.0000E+00  0.0000E+00
  0.9728E-02  0.1303E-01  0.1783E-02  0.6235E-03  0.0000E+00  0.0000E+00  0.2010E-01  0.3537E-01
  0.0000E+00  0.0000E+00  0.1179E-02  0.1295E-02  0.0000E+00  0.0000E+00  0.0000E+00  0.0000E+00
  0.0000E+00  0.0000E+00  0.1999E-02  0.2757E-02  0.0000E+00  0.0000E+00  0.0000E+00  0.0000E+00
 Relative number of events:
  0.1584E-01  0.1485E-01  0.8911E-02  0.7921E-02  0.0000E+00  0.0000E+00  0.4455E-01  0.4356E-01
  0.2475E-01  0.2772E-01  0.0000E+00  0.0000E+00  0.1158E+00  0.1386E+00  0.0000E+00  0.0000E+00
  0.2079E-01  0.4158E-01  0.0000E+00  0.0000E+00  0.1465E+00  0.1386E+00  0.0000E+00  0.0000E+00
  0.2673E-01  0.3168E-01  0.9901E-02  0.8911E-02  0.0000E+00  0.0000E+00  0.5248E-01  0.4554E-01
  0.0000E+00  0.0000E+00  0.8911E-02  0.1188E-01  0.0000E+00  0.0000E+00  0.0000E+00  0.0000E+00
  0.0000E+00  0.0000E+00  0.4950E-02  0.8911E-02  0.0000E+00  0.0000E+00  0.0000E+00  0.0000E+00
 Events:
          16          15           9           8           0           0          45          44
          25          28           0           0         117         140           0           0
          21          42           0           0         148         140           0           0
          27          32          10           9           0           0          53          46
           0           0           9          12           0           0           0           0
           0           0           5           9           0           0           0           0
 Iteration  2   Mean: 0.1354E+04 Abs mean: 0.1354E+04   Fluctuation:  0.234E+03   0.316E+06    12.6%
  2    0.1354E+04 0.1354E+04 +- 0.2344E+03      7.75
 Relative summed weights:
  0.2198E-01  0.1053E-01  0.4737E-01  0.8360E-02  0.0000E+00  0.0000E+00  0.1511E-01  0.2418E-01
  0.3498E-01  0.1992E-01  0.0000E+00  0.0000E+00  0.8834E-01  0.8881E-01  0.0000E+00  0.0000E+00
  0.1342E+00  0.2646E-01  0.0000E+00  0.0000E+00  0.1575E+00  0.1956E+00  0.0000E+00  0.0000E+00
  0.9195E-02  0.5422E-01  0.2772E-02  0.7509E-02  0.0000E+00  0.0000E+00  0.1553E-01  0.2217E-01
  0.0000E+00  0.0000E+00  0.4352E-02  0.6111E-02  0.0000E+00  0.0000E+00  0.0000E+00  0.0000E+00
  0.0000E+00  0.0000E+00  0.1196E-02  0.3599E-02  0.0000E+00  0.0000E+00  0.0000E+00  0.0000E+00
 Relative number of events:
  0.1350E-01  0.1100E-01  0.1250E-01  0.1400E-01  0.0000E+00  0.0000E+00  0.4200E-01  0.4650E-01
  0.3050E-01  0.2700E-01  0.0000E+00  0.0000E+00  0.1260E+00  0.1335E+00  0.0000E+00  0.0000E+00
  0.3150E-01  0.3350E-01  0.0000E+00  0.0000E+00  0.1370E+00  0.1355E+00  0.0000E+00  0.0000E+00
  0.3500E-01  0.3400E-01  0.8500E-02  0.1050E-01  0.0000E+00  0.0000E+00  0.4500E-01  0.3500E-01
  0.0000E+00  0.0000E+00  0.1000E-01  0.1250E-01  0.0000E+00  0.0000E+00  0.0000E+00  0.0000E+00
  0.0000E+00  0.0000E+00  0.6000E-02  0.9500E-02  0.0000E+00  0.0000E+00  0.0000E+00  0.0000E+00
 Events:
          27          22          25          28           0           0          84          93
          61          54           0           0         252         267           0           0
          63          67           0           0         274         271           0           0
          70          68          17          21           0           0          90          70
           0           0          20          25           0           0           0           0
           0           0          12          19           0           0           0           0
 Iteration  3   Mean: 0.1128E+04 Abs mean: 0.1128E+04   Fluctuation:  0.688E+02   0.104E+06    15.5%
  3    0.1128E+04 0.1128E+04 +- 0.6883E+02      3.86
 Relative summed weights:
  0.2175E-01  0.1351E-01  0.4816E-02  0.4610E-02  0.0000E+00  0.0000E+00  0.3818E-01  0.3234E-01
  0.2041E-01  0.2366E-01  0.0000E+00  0.0000E+00  0.1644E+00  0.1830E+00  0.0000E+00  0.0000E+00
  0.1932E-01  0.1912E-01  0.0000E+00  0.0000E+00  0.1275E+00  0.1579E+00  0.0000E+00  0.0000E+00
  0.3325E-01  0.1875E-01  0.1184E-02  0.5083E-02  0.0000E+00  0.0000E+00  0.3636E-01  0.4593E-01
  0.0000E+00  0.0000E+00  0.5318E-02  0.4737E-02  0.0000E+00  0.0000E+00  0.0000E+00  0.0000E+00
  0.0000E+00  0.0000E+00  0.1627E-01  0.2636E-02  0.0000E+00  0.0000E+00  0.0000E+00  0.0000E+00
 Relative number of events:
  0.1525E-01  0.1350E-01  0.1100E-01  0.8000E-02  0.0000E+00  0.0000E+00  0.4025E-01  0.4500E-01
  0.3050E-01  0.2900E-01  0.0000E+00  0.0000E+00  0.1310E+00  0.1225E+00  0.0000E+00  0.0000E+00
  0.2875E-01  0.3600E-01  0.0000E+00  0.0000E+00  0.1495E+00  0.1540E+00  0.0000E+00  0.0000E+00
  0.3475E-01  0.3550E-01  0.5250E-02  0.7000E-02  0.0000E+00  0.0000E+00  0.3500E-01  0.3725E-01
  0.0000E+00  0.0000E+00  0.1025E-01  0.8750E-02  0.0000E+00  0.0000E+00  0.0000E+00  0.0000E+00
  0.0000E+00  0.0000E+00  0.5500E-02  0.6500E-02  0.0000E+00  0.0000E+00  0.0000E+00  0.0000E+00
 Events:
          61          54          44          32           0           0         161         180
         122         116           0           0         524         490           0           0
         115         144           0           0         598         616           0           0
         139         142          21          28           0           0         140         149
           0           0          41          35           0           0           0           0
           0           0          22          26           0           0           0           0
 Accuracy:    0.042   0.100   0.055   0.572
 Finished due to accuracy    4.1783611107104143E-002  0.10000000000000001     

 -------------------------------------------------------------------------------
 Accumulated results:   Integral =  0.1151E+04
                        Std dev  =  0.6359E+02
                       Cross sec =  0.1151E+04
             Chi**2 per DoF.     =      0.5725
 -------------------------------------------------------------------------------
 Found         1114  events.
 Wrote           59  events.
 Actual xsec    1151.4279279472214     
 Correct abs xsec    1151.4279279472214     
 Event xsec    1151.4279279472210     
 Events wgts > 1:            2
 % Cross section > 1:    10.536147166315789       0.91505051341769650     
-------------------------------------------------
---------------------------
 Results Last   3 iters: Integral =   0.1151E+04
                     Abs integral =   0.1151E+04
                          Std dev =   0.6359E+02
                  Chi**2 per DoF. =      0.4328
-------------------------------------------------
---------------------------
 Status  0.10000000000000001                4           7

ls status:
events.lhe
ftn26
input_app.txt
input_sg.txt
moffset.dat
results.dat
run_07_log.txt
run_09_log.txt
run_18_log.txt
run_19_log.txt
run1_app.log
run_24_log.txt
run_27_log.txt
run_35_log.txt
run_40_log.txt
run_42_log.txt
run_43_log.txt
run_47_log.txt
run_49_log.txt
