 Process in group number            0
 No PDF is used, alpha_s(MZ) from param_card is used
 Value of alpha_s from param_card:   0.13000000000000003     
 The default order of alpha_s running is fixed to            2
 Define smin to   88.360000000000014     
 *****************************************************
 *               MadGraph/MadEvent                   *
 *        --------------------------------           *
 *          http://madgraph.hep.uiuc.edu             *
 *          http://madgraph.phys.ucl.ac.be           *
 *          http://madgraph.roma2.infn.it            *
 *        --------------------------------           *
 *                                                   *
 *          PARAMETER AND COUPLING VALUES            *
 *                                                   *
 *****************************************************

  External Params
  ---------------------------------
  
 MU_R =    91.188000000000002     
 aEWM1 =    132.50700000000001     
 mdl_Gf =    1.1663900000000000E-005
 aS =   0.13000000000000003     
 mdl_ymb =    4.7000000000000002     
 mdl_ymt =    173.00000000000000     
 mdl_ymtau =    1.7769999999999999     
 mdl_MT =    173.00000000000000     
 mdl_MB =    4.7000000000000002     
 mdl_MZ =    91.188000000000002     
 mdl_MH =    125.00000000000000     
 mdl_MTA =    1.7769999999999999     
 mdl_WT =    1.4915000000000000     
 mdl_WZ =    2.4414039999999999     
 mdl_WW =    2.0476000000000001     
 mdl_WH =    6.3823389999999999E-003
 mdl_c3 =    0.0000000000000000     
 mdl_d4 =    0.0000000000000000     
  Internal Params
  ---------------------------------
  
 mdl_I3x21 =    0.0000000000000000     
 mdl_CKM23 =    0.0000000000000000     
 mdl_lamWS =    0.0000000000000000     
 mdl_I2x32 =    0.0000000000000000     
 mdl_CKM2x2 =    1.0000000000000000     
 mdl_CKM33 =    1.0000000000000000     
 mdl_I3x32 =    0.0000000000000000     
 mdl_MM =    0.0000000000000000     
 mdl_MC__exp__2 =    0.0000000000000000     
 mdl_conjg__CKM22 =    1.0000000000000000     
 mdl_conjg__CKM3x2 =    0.0000000000000000     
 mdl_conjg__CKM12 =    0.0000000000000000     
 mdl_CKM2x3 =    0.0000000000000000     
 mdl_CKM1x3 =    0.0000000000000000     
 mdl_Axial_tsGp =    0.0000000000000000     
 mdl_CKM32 =    0.0000000000000000     
 mdl_yme =    0.0000000000000000     
 mdl_Axial_cbGp =    0.0000000000000000     
 mdl_conjg__CKM3x3 =    1.0000000000000000     
 mdl_Me =    0.0000000000000000     
 mdl_CKM21 =    0.0000000000000000     
 mdl_lamWS__exp__3 =    0.0000000000000000     
 mdl_CKM11 =    1.0000000000000000     
 mdl_WTau =    0.0000000000000000     
 mdl_I3x22 =    0.0000000000000000     
 mdl_CKM2x1 =    0.0000000000000000     
 mdl_Axial_cbGm =    0.0000000000000000     
 mdl_Vector_cdGp =    0.0000000000000000     
 mdl_lamWS__exp__2 =    0.0000000000000000     
 mdl_Vector_tsGp =    0.0000000000000000     
 mdl_ymc =    0.0000000000000000     
 mdl_Axial_ubGp =    0.0000000000000000     
 mdl_Axial_cdGp =    0.0000000000000000     
 mdl_CKM3x3 =    1.0000000000000000     
 mdl_conjg__CKM23 =    0.0000000000000000     
 mdl_I4x13 =    0.0000000000000000     
 mdl_conjg__CKM2x1 =    0.0000000000000000     
 mdl_Vector_ubGm =    0.0000000000000000     
 mdl_conjg__CKM2x3 =    0.0000000000000000     
 mdl_AWS =    0.0000000000000000     
 mdl_Vector_cbGp =    0.0000000000000000     
 mdl_conjg__CKM32 =    0.0000000000000000     
 mdl_conjg__CKM13 =    0.0000000000000000     
 mdl_I2x13 =    0.0000000000000000     
 mdl_Vector_ubGp =    0.0000000000000000     
 mdl_I4x23 =    0.0000000000000000     
 mdl_Axial_cdGm =    0.0000000000000000     
 mdl_yc__exp__2 =    0.0000000000000000     
 mdl_Vector_tdGp =    0.0000000000000000     
 mdl_Vector_csGp =    0.0000000000000000     
 mdl_CKM12 =    0.0000000000000000     
 mdl_Axial_csGm =    0.0000000000000000     
 mdl_CKM31 =    0.0000000000000000     
 mdl_I1x31 =    0.0000000000000000     
 mdl_Axial_tdGm =    0.0000000000000000     
 mdl_CKM3x2 =    0.0000000000000000     
 mdl_conjg__CKM11 =    1.0000000000000000     
 mdl_Vector_csGm =    0.0000000000000000     
 mdl_ym =    0.0000000000000000     
 mdl_CKM3x1 =    0.0000000000000000     
 mdl_etaWS =    0.0000000000000000     
 mdl_Axial_csGp =    0.0000000000000000     
 mdl_rhoWS =    0.0000000000000000     
 mdl_I3x23 =    0.0000000000000000     
 mdl_lhv =    1.0000000000000000     
 mdl_CKM13 =    0.0000000000000000     
 mdl_CKM1x1 =    1.0000000000000000     
 mdl_conjg__CKM3x1 =    0.0000000000000000     
 mdl_Vector_tsGm =    0.0000000000000000     
 mdl_conjg__CKM21 =    0.0000000000000000     
 mdl_yc =    0.0000000000000000     
 mdl_conjg__CKM1x3 =    0.0000000000000000     
 mdl_conjg__CKM31 =    0.0000000000000000     
 mdl_I1x32 =    0.0000000000000000     
 mdl_MC =    0.0000000000000000     
 mdl_I3x31 =    0.0000000000000000     
 mdl_CKM22 =    1.0000000000000000     
 mdl_Vector_tdGm =    0.0000000000000000     
 mdl_Vector_cbGm =    0.0000000000000000     
 mdl_CKM1x2 =    0.0000000000000000     
 mdl_Axial_tsGm =    0.0000000000000000     
 mdl_Axial_tdGp =    0.0000000000000000     
 mdl_conjg__CKM33 =    1.0000000000000000     
 mdl_Vector_cdGm =    0.0000000000000000     
 mdl_conjg__CKM2x2 =    1.0000000000000000     
 mdl_I2x12 =    0.0000000000000000     
 mdl_Axial_ubGm =    0.0000000000000000     
 mdl_I2x22 =    0.0000000000000000     
 mdl_I2x23 =    0.0000000000000000     
 mdl_ymm =    0.0000000000000000     
 mdl_ye =    0.0000000000000000     
 mdl_Ncol =    3.0000000000000000     
 mdl_CA =    3.0000000000000000     
 mdl_TF =   0.50000000000000000     
 mdl_CF =    1.3333333333333333     
 mdl_complexi =                (0.0000000000000000,1.0000000000000000)
 mdl_MZ__exp__2 =    8315.2513440000002     
 mdl_MZ__exp__4 =    69143404.913893804     
 mdl_sqrt__2 =    1.4142135623730951     
 mdl_MH__exp__2 =    15625.000000000000     
 mdl_Ncol__exp__2 =    9.0000000000000000     
 mdl_MB__exp__2 =    22.090000000000003     
 mdl_MT__exp__2 =    29929.000000000000     
 mdl_aEW =    7.5467711139788835E-003
 mdl_MW =    80.419002445756163     
 mdl_sqrt__aEW =    8.6872153846781555E-002
 mdl_ee =   0.30795376724436879     
 mdl_MW__exp__2 =    6467.2159543705357     
 mdl_sw2 =   0.22224648578577766     
 mdl_cw =   0.88190334743339216     
 mdl_sqrt__sw2 =   0.47143025548407230     
 mdl_sw =   0.47143025548407230     
 mdl_g1 =   0.34919219678733299     
 mdl_gw =   0.65323293034757990     
 mdl_v =    246.21845810181637     
 mdl_v__exp__2 =    60623.529110035903     
 mdl_lam =   0.12886910601690263     
 mdl_yb =    2.6995554250465490E-002
 mdl_yt =   0.99366614581500623     
 mdl_ytau =    1.0206617000654717E-002
 mdl_muH =    88.388347648318430     
 mdl_AxialZUp =  -0.18517701861793787     
 mdl_AxialZDown =   0.18517701861793787     
 mdl_VectorZUp =    7.5430507588273299E-002
 mdl_VectorZDown =  -0.13030376310310560     
 mdl_VectorAUp =   0.20530251149624587     
 mdl_VectorADown =  -0.10265125574812294     
 mdl_VectorWmDxU =   0.23095271737156670     
 mdl_AxialWmDxU =  -0.23095271737156670     
 mdl_VectorWpUxD =   0.23095271737156670     
 mdl_AxialWpUxD =  -0.23095271737156670     
 mdl_I1x33 =          (2.69955542504654901E-002,0.0000000000000000)
 mdl_I2x33 =               (0.99366614581500623,0.0000000000000000)
 mdl_I3x33 =               (0.99366614581500623,0.0000000000000000)
 mdl_I4x33 =          (2.69955542504654901E-002,0.0000000000000000)
 mdl_Vector_tbGp =              (-0.96667059156454072,0.0000000000000000)
 mdl_Axial_tbGp =              (-1.0206617000654716,-0.0000000000000000)
 mdl_Vector_tbGm =               (0.96667059156454072,0.0000000000000000)
 mdl_Axial_tbGm =              (-1.0206617000654716,-0.0000000000000000)
 mdl_gw__exp__2 =   0.42671326129048615     
 mdl_cw__exp__2 =   0.77775351421422245     
 mdl_ee__exp__2 =    9.4835522759998875E-002
 mdl_sw__exp__2 =   0.22224648578577769     
 mdl_yb__exp__2 =    7.2875994928982540E-004
 mdl_yt__exp__2 =   0.98737240933884918     
  Internal Params evaluated point by point
  ----------------------------------------
  
 mdl_sqrt__aS =   0.36055512754639896     
 mdl_G__exp__4 =    2.6687410300545635     
 mdl_G__exp__2 =    1.6336281798666927     
 mdl_G__exp__3 =    2.0879967795625545     
 mdl_MU_R__exp__2 =    8315.2513440000002     
  Couplings of loop_sm_c3d4
  ---------------------------------
  
        GC_33 =  -0.00000E+00  -0.19089E-01

 Collider parameters:
 --------------------

 Running at e e   machine @    125.00000000000000       GeV
 PDF set = none   
 alpha_s(Mz)= 0.1300 running at 2 loops.
 alpha_s(Mz)= 0.1300 running at 2 loops.
 Renormalization scale fixed @    125.00000000000000     
 Factorization scales  fixed @    91.188000000000002        91.188000000000002     


 getting user params
Enter number of events and max and min iterations: 
 Number of events and iterations         1000           5           3
Enter desired fractional accuracy: 
 Desired fractional accuracy:   0.10000000000000001     
Enter 0 for fixed, 2 for adjustable grid: 
Suppress amplitude (0 no, 1 yes)? 
 Using suppressed amplitude.
Exact helicity sum (0 yes, n = number/event)? 
 Explicitly summing over helicities
Enter Configuration Number: 
Running Configuration Number:    1
 Not subdividing B.W.
 Attempting mappinvarients           1           3
 Determine nb_t
 T-channel found:            0
 Completed mapping           3
 about to integrate            2        1000           5           3           2           1
 Using non-zero grid deformation.
  2 dimensions   1000 events  2 invarients  5 iterations  1 config(s),  (0.99)
 Using h-tuple random number sequence.
 Error opening grid
 Using Uniform Grid!          12
 Using uniform alpha   1.0000000000000000     
 Grid defined OK
 Masses: 0.125E+03 0.470E+01 0.470E+01
 Set CM energy to        125.00
 Mapping Graph           1  to config           1
 Determine nb_t
 T-channel found:            0
Using random seed offsets     1 :      1
  with seed            546017869
 Ranmar initialization seeds       24691       14179
 
 ********************************************
 * You are using the DiscreteSampler module *
 *      part of the MG5_aMC framework       *
 *         Author: Valentin Hirschi         *
 ********************************************
 
  Particle       2       3
      Et >     0.0     0.0
       E >     0.0     0.0
     Eta <    -1.0    -1.0
   xqcut:      0.0     0.0
d R # 2  >    -0.0     0.0
s min # 2>     0.0     0.0
xqcutij # 2>     0.0     0.0
 alpha_s for scale    125.00000000000000       is   0.12350692601237312     
 RESET CUMULATIVE VARIABLE
 Iteration  1   Mean: 0.5391E-02 Abs mean: 0.5391E-02   Fluctuation:  0.271E-10   0.539E-02   100.0%
  1    0.5391E-02 0.5391E-02 +- 0.2713E-10      0.00
 Writing out events   1.0781558099999497E-006   1.5917093967965816E-007
 Relative summed weights:
  0.1000E+01  0.0000E+00
 Relative number of events:
  0.1000E+01  0.0000E+00
 Events:
        1009           0
 Iteration  2   Mean: 0.5397E-02 Abs mean: 0.5397E-02   Fluctuation:  0.539E-05   0.741E-02   100.0%
  2    0.5397E-02 0.5397E-02 +- 0.5391E-05      0.04
 Relative summed weights:
  0.1000E+01  0.0000E+00
 Relative number of events:
  0.1000E+01  0.0000E+00
 Events:
        2000           0
 Iteration  3   Mean: 0.5391E-02 Abs mean: 0.5391E-02   Fluctuation:  0.215E-05   0.644E-02   100.0%
  3    0.5391E-02 0.5391E-02 +- 0.2152E-05      0.03
 Relative summed weights:
  0.1000E+01  0.0000E+00
 Relative number of events:
  0.1000E+01  0.0000E+00
 Events:
        4000           0
 Accuracy:    0.000   0.100   0.000   8.000
 Finished due to accuracy    1.4236681645337179E-008  0.10000000000000001     

 -------------------------------------------------------------------------------
 Accumulated results:   Integral =  0.5391E-02
                        Std dev  =  0.2713E-10
                       Cross sec =  0.5391E-02
             Chi**2 per DoF.     =      8.0000
 -------------------------------------------------------------------------------
 Found          381  events.
 Wrote          378  events.
 Actual xsec    5.3907790499999704E-003
 Correct abs xsec    5.3907790499999704E-003
 Event xsec    5.3907790499999634E-003
 Events wgts > 1:            0
 % Cross section > 1:    0.0000000000000000        0.0000000000000000     
-------------------------------------------------
---------------------------
 Results Last   3 iters: Integral =   0.5391E-02
                     Abs integral =   0.5391E-02
                          Std dev =   0.2713E-10
                  Chi**2 per DoF. =      0.7033
-------------------------------------------------
---------------------------
 Status  0.10000000000000001                4           5

ls status:
events.lhe
ftn26
input_app.txt
multijob.dat
results.dat
run_01_log.txt
run1_app.log
