 Process in group number            0
 A PDF is used, so alpha_s(MZ) is going to be modified
 Old value of alpha_s from param_card:   0.13000000000000003     
  ****************************************
 
       NNPDFDriver version 1.0.3
   Grid: NNPDF23_lo_as_0130_qed_mem0.grid
  ****************************************
 New value of alpha_s from PDF nn23lo1:  0.13000000000000000     
 Warning! ptj set to xqcut=   30.000000000000000       to improve integration efficiency
 Note that this might affect non-radiated jets,
 e.g. from decays. Use cut_decays=F in run_card.
 Warning! mmjj set to xqcut=   30.000000000000000       to improve integration efficiency
 Note that this might affect non-radiated jets,
 e.g. from decays. Use cut_decays=F in run_card.
 Define smin to   62500.000000000000     
 Define smin to   62500.000000000000     
 *****************************************************
 *               MadGraph/MadEvent                   *
 *        --------------------------------           *
 *          http://madgraph.hep.uiuc.edu             *
 *          http://madgraph.phys.ucl.ac.be           *
 *          http://madgraph.roma2.infn.it            *
 *        --------------------------------           *
 *                                                   *
 *          PARAMETER AND COUPLING VALUES            *
 *                                                   *
 *****************************************************

  External Params
  ---------------------------------
  
 aEWM1 =    132.50700000000001     
 mdl_Gf =    1.1663900000000000E-005
 aS =   0.13000000000000003     
 mdl_lamWS =   0.22530000000000000     
 mdl_AWS =   0.80800000000000005     
 mdl_rhoWS =   0.13200000000000001     
 mdl_etaWS =   0.34100000000000003     
 mdl_ymb =    4.7000000000000002     
 mdl_ymt =    173.00000000000000     
 mdl_ymtau =    1.7769999999999999     
 mdl_MZ =    91.188000000000002     
 mdl_MT =    173.00000000000000     
 mdl_MB =    4.7000000000000002     
 mdl_MH =    125.00000000000000     
 mdl_MTA =    1.7769999999999999     
 mdl_WZ =    2.4414039999999999     
 mdl_WW =    2.0476000000000001     
 mdl_WT =    1.4915000000000000     
 mdl_WH =    6.3823389999999999E-003
  Internal Params
  ---------------------------------
  
 mdl_conjg__CKM3x3 =    1.0000000000000000     
 mdl_CKM3x3 =    1.0000000000000000     
 mdl_lamWS__exp__2 =    5.0760090000000001E-002
 mdl_CKM1x1 =               (0.97461995499999998,0.0000000000000000)
 mdl_CKM1x2 =               (0.22530000000000000,0.0000000000000000)
 mdl_complexi =                (0.0000000000000000,1.0000000000000000)
 mdl_lamWS__exp__3 =    1.1436248277000001E-002
 mdl_CKM1x3 =   (1.21974449623171223E-003,-3.15100661526525631E-003)
 mdl_CKM2x1 =              (-0.22530000000000000,0.0000000000000000)
 mdl_CKM2x2 =               (0.97461995499999998,0.0000000000000000)
 mdl_CKM2x3 =          (4.10141527200000022E-002,0.0000000000000000)
 mdl_CKM3x1 =   (8.02074411158428847E-003,-3.15100661526525631E-003)
 mdl_CKM3x2 =         (-4.10141527200000022E-002,0.0000000000000000)
 mdl_MZ__exp__2 =    8315.2513440000002     
 mdl_MZ__exp__4 =    69143404.913893804     
 mdl_sqrt__2 =    1.4142135623730951     
 mdl_MH__exp__2 =    15625.000000000000     
 mdl_conjg__CKM1x3 =    (1.21974449623171223E-003,3.15100661526525631E-003)
 mdl_conjg__CKM2x3 =         (4.10141527200000022E-002,-0.0000000000000000)
 mdl_conjg__CKM2x1 =             (-0.22530000000000000,-0.0000000000000000)
 mdl_conjg__CKM3x1 =    (8.02074411158428847E-003,3.15100661526525631E-003)
 mdl_conjg__CKM2x2 =              (0.97461995499999998,-0.0000000000000000)
 mdl_conjg__CKM3x2 =        (-4.10141527200000022E-002,-0.0000000000000000)
 mdl_conjg__CKM1x1 =              (0.97461995499999998,-0.0000000000000000)
 mdl_conjg__CKM1x2 =              (0.22530000000000000,-0.0000000000000000)
 mdl_aEW =    7.5467711139788835E-003
 mdl_MW =    80.419002445756163     
 mdl_sqrt__aEW =    8.6872153846781555E-002
 mdl_ee =   0.30795376724436879     
 mdl_MW__exp__2 =    6467.2159543705357     
 mdl_sw2 =   0.22224648578577766     
 mdl_cw =   0.88190334743339216     
 mdl_sqrt__sw2 =   0.47143025548407230     
 mdl_sw =   0.47143025548407230     
 mdl_g1 =   0.34919219678733299     
 mdl_gw =   0.65323293034757990     
 mdl_vev =    246.21845810181637     
 mdl_vev__exp__2 =    60623.529110035903     
 mdl_lam =   0.12886910601690263     
 mdl_yb =    2.6995554250465490E-002
 mdl_yt =   0.99366614581500623     
 mdl_ytau =    1.0206617000654717E-002
 mdl_muH =    88.388347648318430     
 mdl_I1x31 =    (3.29276787197298852E-005,8.50631700259688717E-005)
 mdl_I1x32 =          (1.10719978478963682E-003,0.0000000000000000)
 mdl_I1x33 =          (2.69955542504654901E-002,0.0000000000000000)
 mdl_I2x13 =    (7.96994188792636560E-003,3.13104859882821530E-003)
 mdl_I2x23 =        (-4.07543750571504534E-002,-0.0000000000000000)
 mdl_I2x33 =               (0.99366614581500623,0.0000000000000000)
 mdl_I3x31 =   (7.96994188792636560E-003,-3.13104859882821530E-003)
 mdl_I3x32 =         (-4.07543750571504534E-002,0.0000000000000000)
 mdl_I3x33 =               (0.99366614581500623,0.0000000000000000)
 mdl_I4x13 =   (3.29276787197298852E-005,-8.50631700259688717E-005)
 mdl_I4x23 =          (1.10719978478963682E-003,0.0000000000000000)
 mdl_I4x33 =          (2.69955542504654901E-002,0.0000000000000000)
 mdl_ee__exp__2 =    9.4835522759998875E-002
 mdl_sw__exp__2 =   0.22224648578577769     
 mdl_cw__exp__2 =   0.77775351421422245     
  Internal Params evaluated point by point
  ----------------------------------------
  
 mdl_sqrt__aS =   0.36055512754639896     
 mdl_G__exp__2 =    1.6336281798666927     
  Couplings of sm-ckm
  ---------------------------------
  
        GC_10 =  -0.12781E+01   0.00000E+00
        GC_11 =   0.00000E+00   0.12781E+01
        GC_12 =   0.00000E+00   0.16336E+01

 Collider parameters:
 --------------------

 Running at P P   machine @    14000.000000000000       GeV
 PDF set = nn23lo1
 alpha_s(Mz)= 0.1300 running at 2 loops.
 alpha_s(Mz)= 0.1300 running at 2 loops.
 Renormalization scale set on event-by-event basis
 Factorization   scale set on event-by-event basis


 getting user params
Enter number of events and max and min iterations: 
 Number of events and iterations         1000           5           3
Enter desired fractional accuracy: 
 Desired fractional accuracy:   0.10000000000000001     
Enter 0 for fixed, 2 for adjustable grid: 
Suppress amplitude (0 no, 1 yes)? 
 Using suppressed amplitude.
Exact helicity sum (0 yes, n = number/event)? 
 Explicitly summing over helicities
Enter Configuration Number: 
Running Configuration Number:   14
 Not subdividing B.W.
 Attempting mappinvarients           1           6
 Determine nb_t
 T-channel found:            3
 Completed mapping           6
 about to integrate           10        1000           7           3          10           1
 Using non-zero grid deformation.
 10 dimensions   1000 events 10 invarients  7 iterations  1 config(s),  (0.99)
 Using h-tuple random number sequence.
 Error opening grid
 Using Uniform Grid!          24
 Using uniform alpha   1.0000000000000000     
 Grid defined OK
 Masses: 0.000E+00 0.000E+00 0.000E+00 0.000E+00 0.000E+00 0.000E+00
 Set CM energy to      14000.00
 Mapping Graph          14  to config          14
 Determine nb_t
 T-channel found:            3
Setting grid   1    0.45918E-05   1
Setting grid   2    0.45918E-05   1
Setting grid   3    0.45918E-05   1
 Transforming s_hat 1/s            9   3.1887755102040819E-004   62500.000000000000        195999999.99999997     
Using random seed offsets    14 :      4
  with seed                  354
 Ranmar initialization seeds       12208        9745
 
 ********************************************
 * You are using the DiscreteSampler module *
 *      part of the MG5_aMC framework       *
 *         Author: Valentin Hirschi         *
 ********************************************
 
  Particle       3       4       5       6
      Et >    30.0    30.0    30.0    30.0
       E >     0.0     0.0     0.0     0.0
     Eta <     5.0     5.0     5.0     5.0
   xqcut:     30.0    30.0    30.0    30.0
d R # 3  >    -0.0     0.0     0.0     0.0
d R # 4  >    -0.0    -0.0     0.0     0.0
d R # 5  >    -0.0    -0.0    -0.0     0.0
s min # 3>     0.0   900.0   900.0   900.0
s min # 4>     0.0     0.0   900.0   900.0
s min # 5>     0.0     0.0     0.0   900.0
xqcutij # 3>     0.0    30.0    30.0    30.0
xqcutij # 4>    30.0     0.0    30.0    30.0
xqcutij # 5>    30.0    30.0     0.0    30.0
 alpha_s for scale    169.94364786727866       is   0.11779066109028657     
 RESET CUMULATIVE VARIABLE
 Iteration  1   Mean: 0.1059E+06 Abs mean: 0.1059E+06   Fluctuation:  0.277E+05   0.176E+08     9.2%
  1    0.1059E+06 0.1059E+06 +- 0.2774E+05      8.28
 Writing out events   164.93345662009122        8.2800486688877406     
 Relative summed weights:
  0.6913E-01  0.1326E+00  0.1090E-01  0.2146E-02
  0.1650E+00  0.4441E-01  0.7360E-02  0.2760E-02
  0.1887E-01  0.2896E-01  0.5581E-02  0.6987E-02
  0.5383E-01  0.2530E-01  0.3804E-01  0.6277E-02
  0.1997E+00  0.2583E-01  0.1143E-02  0.1391E-01
  0.2949E-01  0.7695E-01  0.2517E-01  0.9628E-02
 Relative number of events:
  0.5154E-01  0.6244E-01  0.1883E-01  0.2180E-01
  0.6640E-01  0.7334E-01  0.2478E-01  0.1784E-01
  0.5649E-01  0.6046E-01  0.2577E-01  0.2180E-01
  0.5649E-01  0.7334E-01  0.2180E-01  0.2379E-01
  0.4856E-01  0.5550E-01  0.1982E-01  0.2478E-01
  0.7136E-01  0.6244E-01  0.2478E-01  0.1586E-01
 Events:
          52          63          19          22
          67          74          25          18
          57          61          26          22
          57          74          22          24
          49          56          20          25
          72          63          25          16
 Iteration  2   Mean: 0.6457E+05 Abs mean: 0.6457E+05   Fluctuation:  0.103E+05   0.175E+08    15.3%
  2    0.6457E+05 0.6457E+05 +- 0.1027E+05      7.11
 Relative summed weights:
  0.6121E-01  0.6186E-01  0.3176E-02  0.2200E-01
  0.4594E-01  0.1204E+00  0.6820E-02  0.1543E+00
  0.4399E-01  0.9465E-01  0.9511E-02  0.1084E-01
  0.7005E-01  0.2442E-01  0.5221E-02  0.1198E-01
  0.7432E-01  0.2565E-01  0.6736E-02  0.2380E-01
  0.4834E-01  0.4992E-01  0.1337E-01  0.1157E-01
 Relative number of events:
  0.6450E-01  0.6550E-01  0.1400E-01  0.2650E-01
  0.6900E-01  0.6650E-01  0.1900E-01  0.1700E-01
  0.6650E-01  0.6450E-01  0.2300E-01  0.1550E-01
  0.7600E-01  0.5900E-01  0.1350E-01  0.2000E-01
  0.6600E-01  0.5550E-01  0.1950E-01  0.1750E-01
  0.6150E-01  0.5950E-01  0.2200E-01  0.1850E-01
 Events:
         129         131          28          53
         138         133          38          34
         133         129          46          31
         152         118          27          40
         132         111          39          35
         123         119          44          37
 Iteration  3   Mean: 0.1047E+06 Abs mean: 0.1047E+06   Fluctuation:  0.181E+05   0.646E+08    16.8%
  3    0.1047E+06 0.1047E+06 +- 0.1811E+05     10.94
 Relative summed weights:
  0.4962E-01  0.2466E+00  0.1043E-01  0.1219E-01
  0.7479E-01  0.5943E-01  0.7625E-02  0.6654E-02
  0.5420E-01  0.5763E-01  0.7134E-02  0.9526E-02
  0.3939E-01  0.4339E-01  0.1289E-01  0.2603E-01
  0.4479E-01  0.4354E-01  0.5906E-02  0.1718E-01
  0.8473E-01  0.6642E-01  0.8579E-02  0.1136E-01
 Relative number of events:
  0.5650E-01  0.6575E-01  0.1800E-01  0.1950E-01
  0.6975E-01  0.6575E-01  0.1600E-01  0.1625E-01
  0.6675E-01  0.6825E-01  0.1700E-01  0.1950E-01
  0.7000E-01  0.6875E-01  0.2025E-01  0.1825E-01
  0.6100E-01  0.6275E-01  0.1525E-01  0.1750E-01
  0.7125E-01  0.6175E-01  0.1700E-01  0.1725E-01
 Events:
         226         263          72          78
         279         263          64          65
         267         273          68          78
         280         275          81          73
         244         251          61          70
         285         247          68          69
 Accuracy:    0.164   0.100   0.107   2.362
 Found         1233  events.
 Wrote            9  events.
 Actual xsec    86783.521601790795     
 Correct abs xsec    86783.521601790795     
 Event xsec    86783.521601790795     
 Events wgts > 1:            0
 % Cross section > 1:    0.0000000000000000        0.0000000000000000     
 Iteration  4   Mean: 0.8405E+05 Abs mean: 0.8405E+05   Fluctuation:  0.358E+04   0.752E+07    17.4%
  4    0.8405E+05 0.8405E+05 +- 0.3585E+04      3.81
 Relative summed weights:
  0.8110E-01  0.6846E-01  0.1230E-01  0.1011E-01
  0.5627E-01  0.5647E-01  0.1010E-01  0.1128E-01
  0.6579E-01  0.7658E-01  0.7769E-02  0.1926E-01
  0.7297E-01  0.6439E-01  0.9078E-02  0.2208E-01
  0.6978E-01  0.8167E-01  0.1018E-01  0.1606E-01
  0.9157E-01  0.6539E-01  0.1184E-01  0.9528E-02
 Relative number of events:
  0.6550E-01  0.6913E-01  0.1463E-01  0.1550E-01
  0.6888E-01  0.6363E-01  0.1700E-01  0.1562E-01
  0.6875E-01  0.6613E-01  0.1650E-01  0.1862E-01
  0.6500E-01  0.6525E-01  0.1650E-01  0.1600E-01
  0.6825E-01  0.7187E-01  0.1487E-01  0.1575E-01
  0.6763E-01  0.6725E-01  0.1650E-01  0.1525E-01
 Events:
         524         553         117         124
         551         509         136         125
         550         529         132         149
         520         522         132         128
         546         575         119         126
         541         538         132         122
 Accuracy:    0.051   0.100   0.040   1.690
 Finished due to accuracy    5.1497619534280982E-002  0.10000000000000001     

 -------------------------------------------------------------------------------
 Accumulated results:   Integral =  0.8443E+05
                        Std dev  =  0.3344E+04
                       Cross sec =  0.8443E+05
             Chi**2 per DoF.     =      1.6900
 -------------------------------------------------------------------------------
 Found         2016  events.
 Wrote          113  events.
 Actual xsec    83923.100341234705     
 Correct abs xsec    83923.100341234705     
 Event xsec    83923.100341234647     
 Events wgts > 1:            5
 % Cross section > 1:    883.11411457231429        1.0522896687342786     
-------------------------------------------------
---------------------------
 Results Last   3 iters: Integral =   0.8392E+05
                     Abs integral =   0.8392E+05
                          Std dev =   0.3363E+04
                  Chi**2 per DoF. =      2.4328
-------------------------------------------------
---------------------------
 Status  0.10000000000000001                5           7

ls status:
events.lhe
ftn26
input_app.txt
multijob.dat
results.dat
run_01_log.txt
run_02_log.txt
run_03_log.txt
run_04_log.txt
run_05_log.txt
run_06_log.txt
run_07_log.txt
run_08_log.txt
run_09_log.txt
run_10_log.txt
run_11_log.txt
run_12_log.txt
run_13_log.txt
run_14_log.txt
run_15_log.txt
run_16_log.txt
run_17_log.txt
run_18_log.txt
run_19_log.txt
run1_app.log
run_20_log.txt
run_21_log.txt
run_22_log.txt
run_23_log.txt
run_24_log.txt
run_25_log.txt
run_26_log.txt
run_27_log.txt
run_28_log.txt
run_29_log.txt
run_30_log.txt
run_31_log.txt
run_32_log.txt
run_33_log.txt
run_34_log.txt
run_35_log.txt
run_36_log.txt
run_37_log.txt
run_38_log.txt
run_39_log.txt
run_40_log.txt
run_41_log.txt
run_42_log.txt
run_43_log.txt
run_44_log.txt
run_45_log.txt
run_46_log.txt
run_47_log.txt
run_48_log.txt
run_49_log.txt
run_50_log.txt
run_51_log.txt
run_52_log.txt
run_53_log.txt
run_54_log.txt
run_55_log.txt
